# mahimahi mm-link (Uplink) [/usr/share/mahimahi/traces/ATT-LTE-driving.up] > /home/vboxuser/Desktop/pantheon/results_vegas_lowlatency/vegas_mm_datalink_run1.log
# command line: 'mm-link' '/usr/share/mahimahi/traces/ATT-LTE-driving.up' '/usr/share/mahimahi/traces/ATT-LTE-driving.down' '--uplink-log=/home/vboxuser/Desktop/pantheon/results_vegas_lowlatency/vegas_mm_datalink_run1.log' '--downlink-log=/home/vboxuser/Desktop/pantheon/results_vegas_lowlatency/vegas_mm_acklink_run1.log' 'python' '/home/vboxuser/Desktop/pantheon/src/experiments/tunnel_manager.py'
# queue: infinite
# init timestamp: 1744937752204
# base timestamp: 34
# mahimahi config: [delay 100 ms] [link] [delay 10 ms] 
38 + 80
38 + 52
38 + 80
165 + 40
243 + 80
385 + 80
865 # 1504
865 - 80 827
865 - 52 827
865 - 80 827
865 - 40 700
865 - 80 622
865 - 80 480
914 # 1504
914 # 1504
984 # 1504
1065 # 1504
1066 # 1504
1066 # 1504
1115 # 1504
1116 # 1504
1116 # 1504
1126 # 1504
1136 # 1504
1155 # 1504
1166 # 1504
1176 # 1504
1225 # 1504
1226 # 1504
1226 # 1504
1276 # 1504
1287 # 1504
1287 # 1504
1287 # 1504
1288 # 1504
1297 # 1504
1307 # 1504
1317 # 1504
1327 # 1504
1327 # 1504
1337 # 1504
1387 # 1504
1387 # 1504
1388 # 1504
1417 # 1504
1417 # 1504
1417 # 1504
1466 # 1504
1466 # 1504
1466 # 1504
1516 # 1504
1516 # 1504
1517 # 1504
1526 # 1504
1536 # 1504
1546 # 1504
1556 # 1504
1566 # 1504
1576 # 1504
1586 # 1504
1596 # 1504
1606 # 1504
1616 # 1504
1667 # 1504
1667 # 1504
1685 # 1504
1697 # 1504
1717 # 1504
1746 # 1504
1746 # 1504
1746 # 1504
1747 # 1504
1756 # 1504
1767 # 1504
1777 # 1504
1787 # 1504
1797 # 1504
1797 # 1504
1847 # 1504
1847 # 1504
1867 # 1504
1877 # 1504
1897 # 1504
1897 # 1504
1927 # 1504
1947 # 1504
1947 # 1504
1947 # 1504
1957 # 1504
1957 # 1504
1967 # 1504
1977 # 1504
1987 # 1504
1996 # 1504
2007 # 1504
2017 # 1504
2017 # 1504
2026 # 1504
2037 # 1504
2087 # 1504
2087 # 1504
2088 # 1504
2088 # 1504
2117 # 1504
2117 # 1504
2117 # 1504
2127 # 1504
2144 + 40
2177 # 1504
2177 - 40 33
2177 # 1504
2177 # 1504
2178 # 1504
2178 # 1504
2187 # 1504
2197 # 1504
2207 # 1504
2207 # 1504
2217 # 1504
2227 # 1504
2277 # 1504
2287 # 1504
2287 # 1504
2287 # 1504
2288 # 1504
2297 # 1504
2347 # 1504
2347 # 1504
2367 # 1504
2367 # 1504
2368 # 1504
2372 # 1504
2377 # 1504
2427 # 1504
2437 # 1504
2437 # 1504
2437 # 1504
2438 # 1504
2448 # 1504
2457 # 1504
2467 # 1504
2477 # 1504
2527 # 1504
2527 # 1504
2527 # 1504
2547 # 1504
2557 # 1504
2557 # 1504
2567 # 1504
2567 # 1504
2577 # 1504
2587 # 1504
2637 # 1504
2637 # 1504
2657 # 1504
2657 # 1504
2657 # 1504
2658 # 1504
2667 # 1504
2717 # 1504
2727 # 1504
2727 # 1504
2727 # 1504
2728 # 1504
2777 # 1504
2777 # 1504
2777 # 1504
2778 # 1504
2778 # 1504
2827 # 1504
2827 # 1504
2828 # 1504
2828 # 1504
2837 # 1504
2851 # 1504
2851 # 1504
2857 # 1504
2867 # 1504
2877 # 1504
2887 # 1504
2897 # 1504
2897 # 1504
2947 # 1504
2947 # 1504
2948 # 1504
2949 # 1504
2956 # 1504
2966 # 1504
2976 # 1504
2986 # 1504
2997 # 1504
3006 # 1504
3016 # 1504
3067 # 1504
3067 # 1504
3087 # 1504
3087 # 1504
3087 # 1504
3088 # 1504
3096 # 1504
3106 # 1504
3116 # 1504
3137 # 1504
3186 # 1504
3186 # 1504
3187 # 1504
3187 # 1504
3236 # 1504
3237 # 1504
3237 # 1504
3266 # 1504
3267 # 1504
3267 # 1504
3277 # 1504
3287 # 1504
3297 # 1504
3297 # 1504
3307 # 1504
3357 # 1504
3357 # 1504
3357 # 1504
3358 # 1504
3407 # 1504
3416 # 1504
3417 # 1504
3417 # 1504
3437 # 1504
3437 # 1504
3451 # 1504
3455 + 40
3457 # 1504
3457 - 40 2
3466 # 1504
3476 # 1504
3485 # 1504
3495 # 1504
3505 # 1504
3556 # 1504
3568 # 1504
3568 # 1504
3569 # 1504
3576 # 1504
3576 # 1504
3587 # 1504
3596 # 1504
3648 # 1504
3656 # 1504
3656 # 1504
3675 # 1504
3676 # 1504
3676 # 1504
3688 # 1504
3736 # 1504
3736 # 1504
3737 # 1504
3737 # 1504
3737 # 1504
3747 # 1504
3756 # 1504
3807 # 1504
3807 # 1504
3808 # 1504
3808 # 1504
3836 # 1504
3836 # 1504
3836 # 1504
3887 # 1504
3888 # 1504
3888 # 1504
3888 # 1504
3888 # 1504
3896 # 1504
3907 # 1504
3916 # 1504
3916 # 1504
3927 # 1504
3936 # 1504
3986 # 1504
3986 # 1504
3987 # 1504
4016 # 1504
4016 # 1504
4036 # 1504
4051 # 1504
4051 # 1504
4056 # 1504
4067 # 1504
4067 # 1504
4097 + 52
4116 # 1504
4116 - 52 19
4117 # 1504
4117 # 1504
4118 # 1504
4127 # 1504
4135 # 1504
4136 # 1504
4147 # 1504
4156 # 1504
4168 # 1504
4176 # 1504
4187 # 1504
4187 # 1504
4236 # 1504
4236 # 1504
4236 # 1504
4237 # 1504
4288 # 1504
4288 # 1504
4288 # 1504
4289 # 1504
4289 # 1504
4296 # 1504
4307 # 1504
4315 # 1504
4326 # 1504
4335 # 1504
4347 # 1504
4355 # 1504
4355 # 1504
4367 # 1504
4375 # 1504
4427 # 1504
4436 # 1504
4447 # 1504
4447 # 1504
4456 # 1504
4507 # 1504
4507 # 1504
4516 # 1504
4516 # 1504
4516 # 1504
4527 # 1504
4536 # 1504
4546 # 1504
4546 # 1504
4556 # 1504
4607 # 1504
4607 # 1504
4607 # 1504
4612 # 1504
4613 # 1504
4656 # 1504
4667 # 1504
4667 # 1504
4667 # 1504
4677 # 1504
4687 # 1504
4687 # 1504
4736 # 1504
4736 # 1504
4736 # 1504
4737 # 1504
4748 # 1504
4748 # 1504
4756 # 1504
4767 # 1504
4776 # 1504
4786 # 1504
4796 # 1504
4806 # 1504
4806 # 1504
4816 # 1504
4826 # 1504
4876 # 1504
4876 # 1504
4896 # 1504
4896 # 1504
4907 # 1504
4907 # 1504
4916 # 1504
4927 # 1504
4936 # 1504
4946 # 1504
4947 # 1504
4956 # 1504
5007 # 1504
5007 # 1504
5007 # 1504
5036 # 1504
5036 # 1504
5036 # 1504
5037 # 1504
5047 # 1504
5096 # 1504
5096 # 1504
5096 # 1504
5097 # 1504
5127 # 1504
5131 # 1504
5132 # 1504
5136 # 1504
5147 # 1504
5147 # 1504
5156 # 1504
5167 # 1504
5176 # 1504
5227 # 1504
5227 # 1504
5227 # 1504
5247 # 1504
5247 # 1504
5276 # 1504
5276 # 1504
5276 # 1504
5287 # 1504
5287 # 1504
5296 # 1504
5307 # 1504
5356 # 1504
5357 # 1504
5376 # 1504
5376 # 1504
5387 # 1504
5406 # 1504
5436 # 1504
5436 # 1504
5437 # 1504
5437 # 1504
5447 # 1504
5456 # 1504
5467 # 1504
5476 # 1504
5487 # 1504
5496 # 1504
5496 # 1504
5511 # 1504
5516 # 1504
5527 # 1504
5536 # 1504
5547 # 1504
5547 # 1504
5556 # 1504
5567 # 1504
5577 # 1504
5586 # 1504
5596 # 1504
5606 # 1504
5607 # 1504
5616 # 1504
5626 # 1504
5636 # 1504
5687 # 1504
5688 # 1504
5688 # 1504
5689 # 1504
5716 # 1504
5736 # 1504
5747 # 1504
5747 # 1504
5756 # 1504
5756 # 1504
5808 # 1504
5808 # 1504
5809 # 1504
5809 # 1504
5816 # 1504
5816 # 1504
5867 # 1504
5867 # 1504
5868 # 1504
5868 # 1504
5916 # 1504
5926 # 1504
5926 # 1504
5926 # 1504
5946 # 1504
5947 # 1504
5956 # 1504
5967 # 1504
5967 # 1504
5976 # 1504
5987 # 1504
5996 # 1504
6007 # 1504
6016 # 1504
6067 # 1504
6067 # 1504
6067 # 1504
6068 # 1504
6068 # 1504
6116 # 1504
6116 # 1504
6116 # 1504
6117 # 1504
6118 # 1504
6126 # 1504
6176 # 1504
6176 # 1504
6196 # 1504
6196 # 1504
6196 # 1504
6227 # 1504
6228 # 1504
6228 # 1504
6276 # 1504
6276 # 1504
6276 # 1504
6277 # 1504
6278 # 1504
6287 # 1504
6296 # 1504
6307 # 1504
6307 # 1504
6316 # 1504
6327 # 1504
6336 # 1504
6347 # 1504
6356 # 1504
6356 # 1504
6367 # 1504
6376 # 1504
6387 # 1504
6396 # 1504
6407 # 1504
6416 # 1504
6416 # 1504
6427 # 1504
6436 # 1504
6447 # 1504
6496 # 1504
6496 # 1504
6496 # 1504
6497 # 1504
6527 # 1504
6527 # 1504
6528 # 1504
6536 # 1504
6546 # 1504
6547 # 1504
6556 # 1504
6567 # 1504
6576 # 1504
6587 # 1504
6596 # 1504
6596 # 1504
6607 # 1504
6616 # 1504
6666 # 1504
6676 # 1504
6687 # 1504
6695 # 1504
6696 # 1504
6707 # 1504
6716 # 1504
6767 # 1504
6776 # 1504
6787 # 1504
6787 # 1504
6796 # 1504
6808 # 1504
6856 # 1504
6867 # 1504
6867 # 1504
6867 # 1504
6868 # 1504
6876 # 1504
6888 # 1504
6896 # 1504
6907 # 1504
6916 # 1504
6916 # 1504
6927 # 1504
6976 # 1504
6987 # 1504
6996 # 1504
7007 # 1504
7007 # 1504
7016 # 1504
7027 # 1504
7036 # 1504
7087 # 1504
7097 # 1504
7107 # 1504
7107 # 1504
7116 # 1504
7126 # 1504
7137 # 1504
7146 # 1504
7196 # 1504
7196 # 1504
7197 # 1504
7197 # 1504
7197 # 1504
7206 # 1504
7216 # 1504
7229 # 1504
7229 # 1504
7236 # 1504
7246 # 1504
7256 # 1504
7266 # 1504
7276 # 1504
7276 # 1504
7326 # 1504
7326 # 1504
7347 # 1504
7356 # 1504
7376 # 1504
7406 # 1504
7406 # 1504
7407 # 1504
7407 # 1504
7416 # 1504
7426 # 1504
7436 # 1504
7436 # 1504
7446 # 1504
7456 # 1504
7467 # 1504
7516 # 1504
7516 # 1504
7517 # 1504
7517 # 1504
7546 # 1504
7566 # 1504
7576 # 1504
7577 # 1504
7586 # 1504
7586 # 1504
7596 # 1504
7606 # 1504
7616 # 1504
7626 # 1504
7676 # 1504
7685 # 1504
7686 # 1504
7686 # 1504
7687 # 1504
7737 # 1504
7738 # 1504
7738 # 1504
7738 # 1504
7766 # 1504
7766 # 1504
7767 # 1504
7776 # 1504
7786 # 1504
7786 # 1504
7796 # 1504
7806 # 1504
7856 # 1504
7856 # 1504
7857 # 1504
7857 # 1504
7857 # 1504
7906 # 1504
7916 # 1504
7916 # 1504
7936 # 1504
7937 # 1504
7937 # 1504
7948 # 1504
7956 # 1504
7966 # 1504
7976 # 1504
8026 # 1504
8027 # 1504
8027 # 1504
8027 # 1504
8027 # 1504
8037 # 1504
8086 # 1504
8086 # 1504
8086 # 1504
8087 # 1504
8087 # 1504
8096 # 1504
8107 # 1504
8156 # 1504
8166 # 1504
8166 # 1504
8167 # 1504
8167 # 1504
8176 # 1504
8186 # 1504
8196 # 1504
8197 # 1504
8206 # 1504
8216 # 1504
8226 # 1504
8236 # 1504
8246 # 1504
8255 # 1504
8256 # 1504
8266 # 1504
8276 # 1504
8326 # 1504
8326 # 1504
8327 # 1504
8327 # 1504
8356 # 1504
8356 # 1504
8357 # 1504
8366 # 1504
8416 # 1504
8416 # 1504
8426 # 1504
8426 # 1504
8426 # 1504
8436 # 1504
8446 # 1504
8496 # 1504
8496 # 1504
8496 # 1504
8497 # 1504
8497 # 1504
8506 # 1504
8517 # 1504
8517 # 1504
8526 # 1504
8576 # 1504
8576 # 1504
8576 # 1504
8577 # 1504
8577 # 1504
8586 # 1504
8596 # 1504
8606 # 1504
8616 # 1504
8626 # 1504
8636 # 1504
8636 # 1504
8690 # 1504
8690 # 1504
8691 # 1504
8716 # 1504
8716 # 1504
8717 # 1504
8717 # 1504
8726 # 1504
8736 # 1504
8746 # 1504
8756 # 1504
8806 # 1504
8806 # 1504
8807 # 1504
8807 # 1504
8836 # 1504
8856 # 1504
8866 # 1504
8867 # 1504
8867 # 1504
8877 # 1504
8886 # 1504
8897 # 1504
8906 # 1504
8956 # 1504
8956 # 1504
8956 # 1504
8957 # 1504
8957 # 1504
8966 # 1504
9017 # 1504
9017 # 1504
9026 # 1504
9026 # 1504
9046 # 1504
9046 # 1504
9056 # 1504
9056 # 1504
9066 # 1504
9076 # 1504
9086 # 1504
9136 # 1504
9136 # 1504
9156 # 1504
9156 # 1504
9156 # 1504
9157 # 1504
9166 # 1504
9176 # 1504
9186 # 1504
9186 # 1504
9196 # 1504
9206 # 1504
9256 # 1504
9256 # 1504
9257 # 1504
9286 # 1504
9286 # 1504
9286 # 1504
9286 # 1504
9296 # 1504
9306 # 1504
9356 # 1504
9356 # 1504
9357 # 1504
9376 # 1504
9380 # 1504
9406 # 1504
9406 # 1504
9407 # 1504
9407 # 1504
9457 # 1504
9457 # 1504
9458 # 1504
9458 # 1504
9466 # 1504
9466 # 1504
9476 # 1504
9486 # 1504
9497 # 1504
9506 # 1504
9516 # 1504
9526 # 1504
9526 # 1504
9536 # 1504
9546 # 1504
9556 # 1504
9566 # 1504
9576 # 1504
9576 # 1504
9586 # 1504
9636 # 1504
9646 # 1504
9646 # 1504
9647 # 1504
9647 # 1504
9656 # 1504
9706 # 1504
9706 # 1504
9707 # 1504
9736 # 1504
9736 # 1504
9737 # 1504
9766 # 1504
9766 # 1504
9767 # 1504
9776 # 1504
9786 # 1504
9786 # 1504
9796 # 1504
9806 # 1504
9816 # 1504
9826 # 1504
9876 # 1504
9876 # 1504
9881 # 1504
9896 # 1504
9906 # 1504
9926 # 1504
9927 # 1504
9936 # 1504
9936 # 1504
9946 # 1504
9956 # 1504
9966 # 1504
9976 # 1504
9986 # 1504
9986 # 1504
10037 # 1504
10038 # 1504
10038 # 1504
10038 # 1504
10046 # 1504
10056 # 1504
10056 # 1504
10066 # 1504
10077 # 1504
10126 # 1504
10126 # 1504
10127 # 1504
10127 # 1504
10156 # 1504
10176 # 1504
10176 # 1504
10178 # 1504
10186 # 1504
10196 # 1504
10196 # 1504
10206 # 1504
10216 # 1504
10266 # 1504
10277 # 1504
10278 # 1504
10278 # 1504
10278 # 1504
10326 # 1504
10326 # 1504
10327 # 1504
10328 # 1504
10336 # 1504
10336 # 1504
10346 # 1504
10356 # 1504
10366 # 1504
10376 # 1504
10386 # 1504
10386 # 1504
10396 # 1504
10407 # 1504
10417 # 1504
10426 # 1504
10436 # 1504
10446 # 1504
10446 # 1504
10496 # 1504
10496 # 1504
10516 # 1504
10526 # 1504
10546 # 1504
10546 # 1504
10576 # 1504
10576 # 1504
10606 # 1504
10606 # 1504
10607 # 1504
10607 # 1504
10616 # 1504
10626 # 1504
10640 # 1504
10646 # 1504
10656 # 1504
10666 # 1504
10666 # 1504
10676 # 1504
10686 # 1504
10696 # 1504
10707 # 1504
10716 # 1504
10726 # 1504
10726 # 1504
10736 # 1504
10746 # 1504
10756 # 1504
10806 # 1504
10816 # 1504
10816 # 1504
10827 # 1504
10827 # 1504
10876 # 1504
10886 # 1504
10896 # 1504
10896 # 1504
10897 # 1504
10906 # 1504
10916 # 1504
10926 # 1504
10936 # 1504
10986 # 1504
10986 # 1504
10986 # 1504
10987 # 1504
11016 # 1504
11036 # 1504
11036 # 1504
11036 # 1504
11037 # 1504
11046 # 1504
11056 # 1504
11066 # 1504
11116 # 1504
11117 # 1504
11117 # 1504
11117 # 1504
11117 # 1504
11127 # 1504
11136 # 1504
11146 # 1504
11147 # 1504
11156 # 1504
11166 # 1504
11176 # 1504
11186 # 1504
11196 # 1504
11196 # 1504
11210 # 1504
11216 # 1504
11266 # 1504
11276 # 1504
11276 # 1504
11296 # 1504
11296 # 1504
11297 # 1504
11306 # 1504
11316 # 1504
11326 # 1504
11336 # 1504
11336 # 1504
11346 # 1504
11356 # 1504
11407 # 1504
11407 # 1504
11408 # 1504
11436 # 1504
11436 # 1504
11456 # 1504
11456 # 1504
11458 # 1504
11466 # 1504
11516 # 1504
11516 # 1504
11516 # 1504
11536 # 1504
11536 # 1504
11536 # 1504
11546 # 1504
11556 # 1504
11556 # 1504
11566 # 1504
11576 # 1504
11586 # 1504
11636 # 1504
11636 # 1504
11637 # 1504
11637 # 1504
11637 # 1504
11646 # 1504
11656 # 1504
11666 # 1504
11675 # 1504
11676 # 1504
11686 # 1504
11696 # 1504
11706 # 1504
11716 # 1504
11766 # 1504
11766 # 1504
11776 # 1504
11776 # 1504
11796 # 1504
11801 # 1504
11846 # 1504
11846 # 1504
11856 # 1504
11856 # 1504
11857 # 1504
11867 # 1504
11876 # 1504
11886 # 1504
11886 # 1504
11896 # 1504
11946 # 1504
11946 # 1504
11947 # 1504
11976 # 1504
11976 # 1504
11997 # 1504
11997 # 1504
11998 # 1504
12046 # 1504
12056 # 1504
12056 # 1504
12056 # 1504
12057 # 1504
12066 # 1504
12076 # 1504
12126 # 1504
12126 # 1504
12127 # 1504
12127 # 1504
12127 # 1504
12136 # 1504
12146 # 1504
12156 # 1504
12166 # 1504
12166 # 1504
12176 # 1504
12186 # 1504
12196 # 1504
12206 # 1504
12216 # 1504
12216 # 1504
12226 # 1504
12236 # 1504
12246 # 1504
12290 + 52
12296 # 1504
12296 - 52 6
12297 # 1504
12297 # 1504
12297 # 1504
12302 # 1504
12306 # 1504
12356 # 1504
12356 # 1504
12357 # 1504
12357 # 1504
12386 # 1504
12407 # 1504
12407 # 1504
12436 # 1504
12456 # 1504
12456 # 1504
12466 # 1504
12468 # 1504
12476 # 1504
12486 # 1504
12496 # 1504
12506 # 1504
12506 # 1504
12516 # 1504
12526 # 1504
12536 # 1504
12546 # 1504
12596 # 1504
12596 # 1504
12596 # 1504
12597 # 1504
12597 # 1504
12606 # 1504
12616 # 1504
12626 # 1504
12626 # 1504
12636 # 1504
12646 # 1504
12656 # 1504
12706 # 1504
12707 # 1504
12707 # 1504
12707 # 1504
12736 # 1504
12756 # 1504
12756 # 1504
12757 # 1504
12757 # 1504
12766 # 1504
12776 # 1504
12786 # 1504
12796 # 1504
12810 # 1504
12816 # 1504
12816 # 1504
12826 # 1504
12836 # 1504
12846 # 1504
12896 # 1504
12896 # 1504
12896 # 1504
12898 # 1504
12926 # 1504
12926 # 1504
12956 # 1504
12956 # 1504
12957 # 1504
12957 # 1504
12967 # 1504
12976 # 1504
12986 # 1504
12996 # 1504
13006 # 1504
13006 # 1504
13016 # 1504
13026 # 1504
13036 # 1504
13046 # 1504
13056 # 1504
13066 # 1504
13066 # 1504
13076 # 1504
13127 # 1504
13136 # 1504
13136 # 1504
13156 # 1504
13156 # 1504
13186 # 1504
13206 # 1504
13206 # 1504
13236 # 1504
13256 # 1504
13256 # 1504
13256 # 1504
13257 # 1504
13266 # 1504
13280 # 1504
13286 # 1504
13296 # 1504
13296 # 1504
13346 # 1504
13347 # 1504
13347 # 1504
13348 # 1504
13357 # 1504
13357 # 1504
13366 # 1504
13416 # 1504
13426 # 1504
13426 # 1504
13427 # 1504
13477 # 1504
13477 # 1504
13478 # 1504
13478 # 1504
13478 # 1504
13526 # 1504
13527 # 1504
13527 # 1504
13527 # 1504
13527 # 1504
13536 # 1504
13546 # 1504
13555 # 1504
13566 # 1504
13576 # 1504
13585 # 1504
13595 # 1504
13605 # 1504
13615 # 1504
13626 # 1504
13626 # 1504
13636 # 1504
13646 # 1504
13696 # 1504
13696 # 1504
13716 # 1504
13716 # 1504
13726 # 1504
13746 # 1504
13746 # 1504
13756 # 1504
13770 # 1504
13776 # 1504
13776 # 1504
13786 # 1504
13796 # 1504
13806 # 1504
13856 # 1504
13856 # 1504
13856 # 1504
13858 # 1504
13858 # 1504
13906 # 1504
13916 # 1504
13916 # 1504
13917 # 1504
13917 # 1504
13927 # 1504
13936 # 1504
13946 # 1504
13956 # 1504
13966 # 1504
13966 # 1504
13976 # 1504
14026 # 1504
14026 # 1504
14027 # 1504
14027 # 1504
14076 # 1504
14076 # 1504
14076 # 1504
14077 # 1504
14077 # 1504
14086 # 1504
14096 # 1504
14096 # 1504
14106 # 1504
14116 # 1504
14126 # 1504
14136 # 1504
14146 # 1504
14146 # 1504
14196 # 1504
14196 # 1504
14196 # 1504
14197 # 1504
14206 # 1504
14216 # 1504
14216 # 1504
14226 # 1504
14236 # 1504
14246 # 1504
14256 # 1504
14266 # 1504
14267 # 1504
14316 # 1504
14320 # 1504
14321 # 1504
14321 # 1504
14366 # 1504
14376 # 1504
14376 # 1504
14386 # 1504
14386 # 1504
14397 # 1504
14446 # 1504
14447 # 1504
14447 # 1504
14466 # 1504
14476 # 1504
14496 # 1504
14497 # 1504
14506 # 1504
14516 # 1504
14516 # 1504
14526 # 1504
14536 # 1504
14546 # 1504
14596 # 1504
14597 # 1504
14597 # 1504
14597 # 1504
14598 # 1504
14606 # 1504
14656 # 1504
14656 # 1504
14656 # 1504
14657 # 1504
14657 # 1504
14666 # 1504
14676 # 1504
14686 # 1504
14696 # 1504
14696 # 1504
14706 # 1504
14716 # 1504
14726 # 1504
14736 # 1504
14746 # 1504
14747 # 1504
14796 # 1504
14806 # 1504
14806 # 1504
14826 # 1504
14827 # 1504
14835 # 1504
14836 # 1504
14846 # 1504
14860 # 1504
14866 # 1504
14876 # 1504
14886 # 1504
14886 # 1504
14896 # 1504
14906 # 1504
14916 # 1504
14926 # 1504
14936 # 1504
14946 # 1504
14946 # 1504
14996 # 1504
15006 # 1504
15016 # 1504
15016 # 1504
15027 # 1504
15027 # 1504
15036 # 1504
15086 # 1504
15086 # 1504
15106 # 1504
15116 # 1504
15116 # 1504
15136 # 1504
15167 # 1504
15167 # 1504
15168 # 1504
15176 # 1504
15186 # 1504
15186 # 1504
15196 # 1504
15207 # 1504
15216 # 1504
15226 # 1504
15276 # 1504
15276 # 1504
15286 # 1504
15296 # 1504
15296 # 1504
15346 # 1504
15346 # 1504
15347 # 1504
15347 # 1504
15347 # 1504
15356 # 1504
15406 # 1504
15406 # 1504
15407 # 1504
15407 # 1504
15407 # 1504
15456 # 1504
15456 # 1504
15457 # 1504
15457 # 1504
15457 # 1504
15466 # 1504
15480 # 1504
15486 # 1504
15496 # 1504
15506 # 1504
15516 # 1504
15516 # 1504
15526 # 1504
15536 # 1504
15547 # 1504
15556 # 1504
15566 # 1504
15566 # 1504
15576 # 1504
15586 # 1504
15636 # 1504
15646 # 1504
15656 # 1504
15667 # 1504
15667 # 1504
15676 # 1504
15686 # 1504
15696 # 1504
15707 # 1504
15716 # 1504
15725 # 1504
15726 # 1504
15736 # 1504
15746 # 1504
15756 # 1504
15806 # 1504
15816 # 1504
15816 # 1504
15826 # 1504
15836 # 1504
15887 # 1504
15887 # 1504
15887 # 1504
15887 # 1504
15890 # 1504
15897 # 1504
15906 # 1504
15956 # 1504
15956 # 1504
15976 # 1504
15976 # 1504
15986 # 1504
16006 # 1504
16006 # 1504
16016 # 1504
16026 # 1504
16026 # 1504
16036 # 1504
16046 # 1504
16056 # 1504
16066 # 1504
16116 # 1504
16116 # 1504
16116 # 1504
16136 # 1504
16150 # 1504
16150 # 1504
16196 # 1504
16206 # 1504
16207 # 1504
16207 # 1504
16208 # 1504
16216 # 1504
16226 # 1504
16236 # 1504
16236 # 1504
16246 # 1504
16256 # 1504
16266 # 1504
16276 # 1504
16286 # 1504
16296 # 1504
16296 # 1504
16306 # 1504
16356 # 1504
16356 # 1504
16357 # 1504
16357 # 1504
16357 # 1504
16406 # 1504
16406 # 1504
16407 # 1504
16407 # 1504
16416 # 1504
16426 # 1504
16426 # 1504
16436 # 1504
16446 # 1504
16456 # 1504
16466 # 1504
16476 # 1504
16476 # 1504
16488 # 1504
16498 # 1504
16546 # 1504
16556 # 1504
16556 # 1504
16556 # 1504
16576 # 1504
16581 # 1504
16586 # 1504
16596 # 1504
16646 # 1504
16656 # 1504
16656 # 1504
16657 # 1504
16658 # 1504
16706 # 1504
16706 # 1504
16707 # 1504
16707 # 1504
16736 # 1504
16738 # 1504
16738 # 1504
16747 # 1504
16756 # 1504
16807 # 1504
16807 # 1504
16808 # 1504
16808 # 1504
16810 # 1504
16816 # 1504
16827 # 1504
16827 # 1504
16876 # 1504
16876 # 1504
16877 # 1504
16906 # 1504
16906 # 1504
16907 # 1504
16907 # 1504
16956 # 1504
16966 # 1504
16966 # 1504
16967 # 1504
17016 # 1504
17016 # 1504
17016 # 1504
17017 # 1504
17017 # 1504
17026 # 1504
17036 # 1504
17036 # 1504
17046 # 1504
17056 # 1504
17066 # 1504
17076 # 1504
17086 # 1504
17096 # 1504
17096 # 1504
17106 # 1504
17116 # 1504
17126 # 1504
17136 # 1504
17150 # 1504
17150 # 1504
17196 # 1504
17196 # 1504
17197 # 1504
17197 # 1504
17246 # 1504
17257 # 1504
17257 # 1504
17266 # 1504
17266 # 1504
17276 # 1504
17286 # 1504
17297 # 1504
17297 # 1504
17306 # 1504
17316 # 1504
17326 # 1504
17336 # 1504
17346 # 1504
17356 # 1504
17356 # 1504
17366 # 1504
17377 # 1504
17386 # 1504
17396 # 1504
17406 # 1504
17406 # 1504
17416 # 1504
17426 # 1504
17477 # 1504
17477 # 1504
17496 # 1504
17506 # 1504
17506 # 1504
17506 # 1504
17556 # 1504
17566 # 1504
17576 # 1504
17577 # 1504
17577 # 1504
17626 # 1504
17636 # 1504
17646 # 1504
17646 # 1504
17696 # 1504
17696 # 1504
17706 # 1504
17716 # 1504
17726 # 1504
17740 # 1504
17746 # 1504
17756 # 1504
17756 # 1504
17766 # 1504
17776 # 1504
17786 # 1504
17796 # 1504
17806 # 1504
17806 # 1504
17857 # 1504
17867 # 1504
17868 # 1504
17886 # 1504
17886 # 1504
17897 # 1504
17897 # 1504
17906 # 1504
17916 # 1504
17926 # 1504
17936 # 1504
17986 # 1504
17986 # 1504
17996 # 1504
18006 # 1504
18016 # 1504
18026 # 1504
18036 # 1504
18046 # 1504
18046 # 1504
18056 # 1504
18066 # 1504
18076 # 1504
18086 # 1504
18096 # 1504
18096 # 1504
18106 # 1504
18156 # 1504
18166 # 1504
18166 # 1504
18186 # 1504
18186 # 1504
18187 # 1504
18236 # 1504
18241 # 1504
18241 # 1504
18241 # 1504
18246 # 1504
18246 # 1504
18297 # 1504
18297 # 1504
18298 # 1504
18298 # 1504
18346 # 1504
18346 # 1504
18347 # 1504
18347 # 1504
18347 # 1504
18357 # 1504
18406 # 1504
18407 # 1504
18407 # 1504
18407 # 1504
18408 # 1504
18457 # 1504
18457 # 1504
18458 # 1504
18458 # 1504
18458 # 1504
18468 # 1504
18476 # 1504
18486 # 1504
18496 # 1504
18506 # 1504
18506 # 1504
18557 # 1504
18557 # 1504
18558 # 1504
18558 # 1504
18606 # 1504
18606 # 1504
18616 # 1504
18616 # 1504
18616 # 1504
18630 # 1504
18638 # 1504
18646 # 1504
18646 # 1504
18656 # 1504
18666 # 1504
18677 # 1504
18686 # 1504
18696 # 1504
18696 # 1504
18707 # 1504
18716 # 1504
18726 # 1504
18736 # 1504
18746 # 1504
18746 # 1504
18756 # 1504
18766 # 1504
18776 # 1504
18787 # 1504
18796 # 1504
18846 # 1504
18846 # 1504
18846 # 1504
18866 # 1504
18876 # 1504
18896 # 1504
18897 # 1504
18897 # 1504
18906 # 1504
18916 # 1504
18966 # 1504
18966 # 1504
18967 # 1504
18968 # 1504
18968 # 1504
19016 # 1504
19026 # 1504
19036 # 1504
19036 # 1504
19046 # 1504
19047 # 1504
19056 # 1504
19066 # 1504
19116 # 1504
19116 # 1504
19117 # 1504
19117 # 1504
19117 # 1504
19130 # 1504
19136 # 1504
19146 # 1504
19156 # 1504
19166 # 1504
19166 # 1504
19176 # 1504
19186 # 1504
19196 # 1504
19207 # 1504
19216 # 1504
19226 # 1504
19226 # 1504
19236 # 1504
19286 # 1504
19286 # 1504
19306 # 1504
19318 # 1504
19318 # 1504
19337 # 1504
19337 # 1504
19386 # 1504
19386 # 1504
19388 # 1504
19416 # 1504
19416 # 1504
19416 # 1504
19446 # 1504
19446 # 1504
19447 # 1504
19456 # 1504
19456 # 1504
19466 # 1504
19476 # 1504
19486 # 1504
19498 # 1504
19508 # 1504
19508 # 1504
19516 # 1504
19526 # 1504
19536 # 1504
19546 # 1504
19556 # 1504
19567 # 1504
19567 # 1504
19576 # 1504
19587 # 1504
19596 # 1504
19606 # 1504
19616 # 1504
19616 # 1504
19666 # 1504
19676 # 1504
19686 # 1504
19696 # 1504
19708 # 1504
19716 # 1504
19716 # 1504
19726 # 1504
19776 # 1504
19776 # 1504
19776 # 1504
19777 # 1504
19777 # 1504
19829 # 1504
19836 # 1504
19836 # 1504
19856 # 1504
19857 # 1504
19866 # 1504
19866 # 1504
19878 # 1504
19887 # 1504
19938 # 1504
19940 # 1504
19940 # 1504
19940 # 1504
19940 # 1504
19986 # 1504
19988 # 1504
20006 # 1504
20007 # 1504
20007 # 1504
20007 # 1504
20016 # 1504
20026 # 1504
20036 # 1504
20046 # 1504
20056 # 1504
20056 # 1504
20066 # 1504
20076 # 1504
20086 # 1504
20136 # 1504
20148 # 1504
20156 # 1504
20156 # 1504
20166 # 1504
20176 # 1504
20187 # 1504
20196 # 1504
20227 + 40
20246 # 1504
20246 - 40 19
20246 # 1504
20247 # 1504
20247 # 1504
20247 # 1504
20256 # 1504
20266 # 1504
20266 # 1504
20317 # 1504
20327 # 1504
20336 # 1504
20336 # 1504
20386 # 1504
20396 # 1504
20396 # 1504
20396 # 1504
20397 # 1504
20406 # 1504
20416 # 1504
20426 # 1504
20426 # 1504
20436 # 1504
20486 # 1504
20487 # 1504
20491 # 1504
20493 # 1504
20497 # 1504
20497 # 1504
20506 # 1504
20516 # 1504
20526 # 1504
20536 # 1504
20547 # 1504
20547 # 1504
20556 # 1504
20567 # 1504
20576 # 1504
20587 # 1504
20636 # 1504
20636 # 1504
20636 # 1504
20656 # 1504
20657 # 1504
20686 # 1504
20706 # 1504
20707 # 1504
20707 # 1504
20707 # 1504
20716 # 1504
20726 # 1504
20736 # 1504
20746 # 1504
20746 # 1504
20756 # 1504
20806 # 1504
20806 # 1504
20807 # 1504
20807 # 1504
20856 # 1504
20856 # 1504
20856 # 1504
20857 # 1504
20857 # 1504
20866 # 1504
20876 # 1504
20876 # 1504
20886 # 1504
20936 # 1504
20947 # 1504
20948 # 1504
20951 # 1504
20956 # 1504
20956 # 1504
20966 # 1504
20976 # 1504
21026 # 1504
21027 # 1504
21028 # 1504
21028 # 1504
21028 # 1504
21036 # 1504
21046 # 1504
21056 # 1504
21066 # 1504
21077 # 1504
21077 # 1504
21086 # 1504
21096 # 1504
21106 # 1504
21116 # 1504
21126 # 1504
21126 # 1504
21136 # 1504
21146 # 1504
21197 # 1504
21206 # 1504
21216 # 1504
21226 # 1504
21226 # 1504
21229 + 40
21277 # 1504
21277 - 40 48
21277 # 1504
21278 # 1504
21278 # 1504
21326 # 1504
21326 # 1504
21326 # 1504
21327 # 1504
21328 # 1504
21336 # 1504
21346 # 1504
21356 # 1504
21356 # 1504
21406 # 1504
21416 # 1504
21416 # 1504
21417 # 1504
21426 # 1504
21426 # 1504
21436 # 1504
21446 # 1504
21458 # 1504
21467 # 1504
21476 # 1504
21486 # 1504
21486 # 1504
21496 # 1504
21506 # 1504
21516 # 1504
21526 # 1504
21576 # 1504
21576 # 1504
21576 # 1504
21596 # 1504
21596 # 1504
21596 # 1504
21606 # 1504
21606 # 1504
21656 # 1504
21666 # 1504
21676 # 1504
21686 # 1504
21696 # 1504
21706 # 1504
21706 # 1504
21716 # 1504
21726 # 1504
21736 # 1504
21746 # 1504
21756 # 1504
21756 # 1504
21766 # 1504
21776 # 1504
21787 # 1504
21796 # 1504
21806 # 1504
21815 # 1504
21816 # 1504
21837 # 1504
21846 # 1504
21856 # 1504
21906 # 1504
21906 # 1504
21916 # 1504
21926 # 1504
21936 # 1504
21986 # 1504
21996 # 1504
21996 # 1504
22006 # 1504
22016 # 1504
22026 # 1504
22036 # 1504
22046 # 1504
22096 # 1504
22096 # 1504
22097 # 1504
22097 # 1504
22097 # 1504
22146 # 1504
22147 # 1504
22147 # 1504
22147 # 1504
22176 # 1504
22176 # 1504
22176 # 1504
22186 # 1504
22186 # 1504
22236 # 1504
22246 # 1504
22247 # 1504
22266 # 1504
22266 # 1504
22276 # 1504
22276 # 1504
22286 # 1504
22296 # 1504
22306 # 1504
22317 # 1504
22328 # 1504
22328 # 1504
22336 # 1504
22346 # 1504
22356 # 1504
22366 # 1504
22376 # 1504
22386 # 1504
22386 # 1504
22396 # 1504
22446 # 1504
22456 # 1504
22456 # 1504
22476 # 1504
22476 # 1504
22506 # 1504
22506 # 1504
22507 # 1504
22516 # 1504
22526 # 1504
22526 # 1504
22536 # 1504
22546 # 1504
22556 # 1504
22606 # 1504
22616 # 1504
22626 # 1504
22626 # 1504
22626 # 1504
22636 # 1504
22646 # 1504
22696 # 1504
22696 # 1504
22696 # 1504
22697 # 1504
22697 # 1504
22746 # 1504
22756 # 1504
22757 # 1504
22757 # 1504
22757 # 1504
22766 # 1504
22776 # 1504
22786 # 1504
22796 # 1504
22806 # 1504
22806 # 1504
22816 # 1504
22826 # 1504
22836 # 1504
22886 # 1504
22896 # 1504
22896 # 1504
22896 # 1504
22897 # 1504
22906 # 1504
22916 # 1504
22926 # 1504
22936 # 1504
22936 # 1504
22946 # 1504
22996 # 1504
22996 # 1504
23016 # 1504
23016 # 1504
23016 # 1504
23046 # 1504
23066 # 1504
23076 # 1504
23096 # 1504
23096 # 1504
23097 # 1504
23106 # 1504
23116 # 1504
23126 # 1504
23136 # 1504
23146 # 1504
23196 # 1504
23196 # 1504
23206 # 1504
23206 # 1504
23207 # 1504
23216 # 1504
23226 # 1504
23226 # 1504
23236 # 1504
23246 # 1504
23256 # 1504
23266 # 1504
23276 # 1504
23276 # 1504
23286 # 1504
23296 # 1504
23346 # 1504
23346 # 1504
23347 # 1504
23347 # 1504
23347 # 1504
23442 + 40
24194 # 1504
24194 - 40 752
24443 + 40
25173 # 1504
25173 - 40 730
26173 # 1504
27184 # 1504
28114 # 1504
28134 # 1504
28194 # 1504
28214 # 1504
28225 # 1504
28285 # 1504
28304 # 1504
28355 # 1504
28355 # 1504
28356 # 1504
28365 # 1504
28376 # 1504
28386 # 1504
28386 # 1504
28436 # 1504
28446 # 1504
28456 # 1504
28456 # 1504
28466 # 1504
28516 # 1504
28516 # 1504
28516 # 1504
28536 # 1504
28546 # 1504
28546 # 1504
28596 # 1504
28596 # 1504
28606 # 1504
28606 # 1504
28607 # 1504
28616 # 1504
28626 # 1504
28626 # 1504
28636 # 1504
28646 # 1504
28696 # 1504
28696 # 1504
28697 # 1504
28698 # 1504
28698 # 1504
28706 # 1504
28716 # 1504
28726 # 1504
28736 # 1504
28746 # 1504
28746 # 1504
28756 # 1504
28806 # 1504
28806 # 1504
28807 # 1504
28807 # 1504
28856 # 1504
28856 # 1504
28856 # 1504
28857 # 1504
28857 # 1504
28866 # 1504
28876 # 1504
28876 # 1504
28886 # 1504
28896 # 1504
28906 # 1504
28916 # 1504
28926 # 1504
28926 # 1504
28936 # 1504
28986 # 1504
28986 # 1504
29006 # 1504
29016 # 1504
29016 # 1504
29017 # 1504
29026 # 1504
29036 # 1504
29086 # 1504
29086 # 1504
29087 # 1504
29087 # 1504
29116 # 1504
29116 # 1504
29116 # 1504
29126 # 1504
29136 # 1504
29137 # 1504
29185 + 52
29186 # 1504
29186 - 52 1
29186 # 1504
29187 # 1504
29216 # 1504
29236 # 1504
29246 # 1504
29246 # 1504
29246 # 1504
29256 # 1504
29266 # 1504
29276 # 1504
29286 # 1504
29286 # 1504
29296 # 1504
29306 # 1504
29316 # 1504
29326 # 1504
29336 # 1504
29346 # 1504
29346 # 1504
29396 # 1504
29396 # 1504
29396 # 1504
29397 # 1504
29406 # 1504
29406 # 1504
29456 # 1504
29456 # 1504
29476 # 1504
29476 # 1504
29506 # 1504
29506 # 1504
29526 # 1504
29526 # 1504
29527 # 1504
29536 # 1504
29546 # 1504
29556 # 1504
29556 # 1504
29566 # 1504
29576 # 1504
29586 # 1504
29596 # 1504
29606 # 1504
29606 # 1504
29616 # 1504
29626 # 1504
29636 # 1504
29686 # 1504
29696 # 1504
29696 # 1504
29706 # 1504
29706 # 1504
29716 # 1504
29726 # 1504
29736 # 1504
29746 # 1504
29746 # 1504
29796 # 1504
29806 # 1504
29816 # 1504
29826 # 1504
29836 # 1504
29836 # 1504
29846 # 1504
29856 # 1504
29866 # 1504
29876 # 1504
29886 # 1504
29896 # 1504
29896 # 1504
29946 # 1504
29956 # 1504
29966 # 1504
29967 # 1504
29976 # 1504
29976 # 1504
29986 # 1504
29996 # 1504
30006 # 1504
30016 # 1504
30026 # 1504
30026 # 1504
30036 # 1504
30046 # 1504
30096 # 1504
30106 # 1504
30106 # 1504
30106 # 1504
30115 # 1504
30166 # 1504
30176 # 1504
30186 # 1504
30186 # 1504
30196 # 1504
30206 # 1504
30216 # 1504
30226 # 1504
30236 # 1504
30285 # 1504
30295 # 1504
30295 # 1504
30305 # 1504
30306 # 1504
30315 # 1504
30326 # 1504
30335 # 1504
30386 # 1504
30395 # 1504
30406 # 1504
30415 # 1504
30466 # 1504
30466 # 1504
30467 # 1504
30496 # 1504
30497 # 1504
30497 # 1504
30497 # 1504
30506 # 1504
30516 # 1504
30526 # 1504
30536 # 1504
30536 # 1504
30546 # 1504
30556 # 1504
30566 # 1504
30576 # 1504
30626 # 1504
30636 # 1504
30636 # 1504
30646 # 1504
30656 # 1504
30666 # 1504
30675 # 1504
30686 # 1504
30695 # 1504
30706 # 1504
30715 # 1504
30726 # 1504
30735 # 1504
30745 # 1504
30796 # 1504
30806 # 1504
30806 # 1504
30816 # 1504
30826 # 1504
30876 # 1504
30876 # 1504
30877 # 1504
30877 # 1504
30877 # 1504
30886 # 1504
30896 # 1504
30906 # 1504
30916 # 1504
30927 # 1504
30927 # 1504
30936 # 1504
30946 # 1504
30956 # 1504
31006 # 1504
31016 # 1504
31016 # 1504
31016 # 1504
31036 # 1504
31036 # 1504
31046 # 1504
31056 # 1504
31106 # 1504
31106 # 1504
31106 # 1504
31107 # 1504
31136 # 1504
31136 # 1504
31166 # 1504
31166 # 1504
31167 # 1504
31167 # 1504
31176 # 1504
31186 # 1504
31196 # 1504
31196 # 1504
31206 # 1504
31216 # 1504
31266 # 1504
31267 # 1504
31267 # 1504
31296 # 1504
31296 # 1504
31316 # 1504
31316 # 1504
31316 # 1504
31326 # 1504
31336 # 1504
31336 # 1504
31346 # 1504
31356 # 1504
31366 # 1504
31376 # 1504
31386 # 1504
31386 # 1504
31396 # 1504
31406 # 1504
31416 # 1504
31426 # 1504
31436 # 1504
31446 # 1504
31446 # 1504
31456 # 1504
31507 # 1504
31507 # 1504
31526 # 1504
31536 # 1504
31536 # 1504
31556 # 1504
31556 # 1504
31606 # 1504
31606 # 1504
31626 # 1504
31627 # 1504
31627 # 1504
31656 # 1504
31657 # 1504
31686 # 1504
31687 # 1504
31687 # 1504
31687 # 1504
31696 # 1504
31706 # 1504
31716 # 1504
31726 # 1504
31736 # 1504
31746 # 1504
31746 # 1504
31756 # 1504
31766 # 1504
31776 # 1504
31787 # 1504
31796 # 1504
31796 # 1504
31846 # 1504
31846 # 1504
31866 # 1504
31876 # 1504
31896 # 1504
31898 # 1504
31898 # 1504
31946 # 1504
31946 # 1504
31947 # 1504
31947 # 1504
31956 # 1504
31956 # 1504
31967 # 1504
31976 # 1504
31986 # 1504
31997 # 1504
32006 # 1504
32016 # 1504
32016 # 1504
32026 # 1504
32036 # 1504
32046 # 1504
32056 # 1504
32106 # 1504
32106 # 1504
32116 # 1504
32116 # 1504
32116 # 1504
32166 # 1504
32167 # 1504
32167 # 1504
32167 # 1504
32167 # 1504
32216 # 1504
32217 # 1504
32217 # 1504
32217 # 1504
32217 # 1504
32226 # 1504
32236 # 1504
32246 # 1504
32256 # 1504
32266 # 1504
32266 # 1504
32276 # 1504
32286 # 1504
32336 # 1504
32336 # 1504
32356 # 1504
32366 # 1504
32366 # 1504
32386 # 1504
32420 # 1504
32436 # 1504
32436 # 1504
32437 # 1504
32437 # 1504
32446 # 1504
32457 # 1504
32466 # 1504
32476 # 1504
32486 # 1504
32496 # 1504
32496 # 1504
32506 # 1504
32516 # 1504
32526 # 1504
32536 # 1504
32547 # 1504
32547 # 1504
32556 # 1504
32566 # 1504
32576 # 1504
32586 # 1504
32636 # 1504
32646 # 1504
32646 # 1504
32647 # 1504
32647 # 1504
32656 # 1504
32666 # 1504
32716 # 1504
32716 # 1504
32717 # 1504
32718 # 1504
32718 # 1504
32726 # 1504
32736 # 1504
32746 # 1504
32746 # 1504
32796 # 1504
32796 # 1504
32798 # 1504
32798 # 1504
32846 # 1504
32846 # 1504
32856 # 1504
32866 # 1504
32866 # 1504
32877 # 1504
32887 # 1504
32896 # 1504
32896 # 1504
32906 # 1504
32916 # 1504
32926 # 1504
32936 # 1504
32946 # 1504
32946 # 1504
32956 # 1504
33006 # 1504
33016 # 1504
33016 # 1504
33036 # 1504
33037 # 1504
33037 # 1504
33047 # 1504
33056 # 1504
33066 # 1504
33076 # 1504
33086 # 1504
33086 # 1504
33096 # 1504
33146 # 1504
33156 # 1504
33157 # 1504
33176 # 1504
33176 # 1504
33176 # 1504
33186 # 1504
33197 # 1504
33246 # 1504
33246 # 1504
33247 # 1504
33247 # 1504
33247 # 1504
33256 # 1504
33266 # 1504
33276 # 1504
33286 # 1504
33296 # 1504
33296 # 1504
33306 # 1504
33356 # 1504
33366 # 1504
33366 # 1504
33386 # 1504
33386 # 1504
33387 # 1504
33396 # 1504
33417 # 1504
33456 # 1504
33466 # 1504
33466 # 1504
33476 # 1504
33490 # 1504
33536 # 1504
33546 # 1504
33556 # 1504
33567 # 1504
33567 # 1504
33576 # 1504
33586 # 1504
33596 # 1504
33606 # 1504
33616 # 1504
33616 # 1504
33626 # 1504
33636 # 1504
33646 # 1504
33656 # 1504
33666 # 1504
33676 # 1504
33676 # 1504
33726 # 1504
33726 # 1504
33727 # 1504
33756 # 1504
33777 # 1504
33777 # 1504
33777 # 1504
33778 # 1504
33826 # 1504
33836 # 1504
33846 # 1504
33847 # 1504
33847 # 1504
33857 # 1504
33866 # 1504
33876 # 1504
33926 # 1504
33927 # 1504
33927 # 1504
33927 # 1504
33927 # 1504
33936 # 1504
33946 # 1504
33956 # 1504
33966 # 1504
33966 # 1504
33976 # 1504
33986 # 1504
33996 # 1504
34006 # 1504
34017 # 1504
34017 # 1504
34026 # 1504
34036 # 1504
34046 # 1504
34096 # 1504
34106 # 1504
34116 # 1504
34116 # 1504
34126 # 1504
34137 # 1504
34146 # 1504
34156 # 1504
34206 # 1504
34206 # 1504
34216 # 1504
34226 # 1504
34236 # 1504
34286 # 1504
34296 # 1504
34306 # 1504
34306 # 1504
34307 # 1504
34316 # 1504
34326 # 1504
34336 # 1504
34346 # 1504
34346 # 1504
34356 # 1504
34366 # 1504
34376 # 1504
34386 # 1504
34436 # 1504
34437 # 1504
34438 # 1504
34438 # 1504
34438 # 1504
34446 # 1504
34496 # 1504
34496 # 1504
34497 # 1504
34497 # 1504
34498 # 1504
34506 # 1504
34516 # 1504
34526 # 1504
34576 # 1504
34576 # 1504
34586 # 1504
34596 # 1504
34606 # 1504
34617 # 1504
34626 # 1504
34626 # 1504
34636 # 1504
34646 # 1504
34656 # 1504
34666 # 1504
34716 # 1504
34726 # 1504
34726 # 1504
34727 # 1504
34727 # 1504
34777 # 1504
34777 # 1504
34796 # 1504
34796 # 1504
34806 # 1504
34806 # 1504
34817 # 1504
34826 # 1504
34836 # 1504
34846 # 1504
34846 # 1504
34856 # 1504
34866 # 1504
34876 # 1504
34886 # 1504
34896 # 1504
34896 # 1504
34906 # 1504
34916 # 1504
34926 # 1504
34936 # 1504
34986 # 1504
34987 # 1504
34987 # 1504
35006 # 1504
35016 # 1504
35036 # 1504
35036 # 1504
35047 # 1504
35047 # 1504
35096 # 1504
35097 # 1504
35097 # 1504
35097 # 1504
35146 # 1504
35146 # 1504
35156 # 1504
35156 # 1504
35157 # 1504
35240 # 1504
35240 # 1504
35241 # 1504
35241 # 1504
35241 # 1504
35246 # 1504
35256 # 1504
35297 # 1504
35306 # 1504
35306 # 1504
35316 # 1504
35326 # 1504
35336 # 1504
35346 # 1504
35357 # 1504
35367 # 1504
35367 # 1504
35376 # 1504
35386 # 1504
35446 # 1504
35456 # 1504
35466 # 1504
35466 # 1504
35467 # 1504
35527 # 1504
35536 # 1504
35536 # 1504
35537 # 1504
35546 # 1504
35547 # 1504
35556 # 1504
35567 # 1504
35576 # 1504
35626 # 1504
35636 # 1504
35636 # 1504
35646 # 1504
35656 # 1504
35666 # 1504
35676 # 1504
35686 # 1504
35696 # 1504
35696 # 1504
35746 # 1504
35746 # 1504
35747 # 1504
35797 # 1504
35798 # 1504
35798 # 1504
35798 # 1504
35799 # 1504
35806 # 1504
35816 # 1504
35826 # 1504
35836 # 1504
35836 # 1504
35846 # 1504
35856 # 1504
35866 # 1504
35916 # 1504
35926 # 1504
35926 # 1504
35936 # 1504
35936 # 1504
35946 # 1504
35956 # 1504
35966 # 1504
35966 # 1504
35976 # 1504
36026 # 1504
36036 # 1504
36046 # 1504
36046 # 1504
36056 # 1504
36056 # 1504
36066 # 1504
36076 # 1504
36086 # 1504
36136 # 1504
36146 # 1504
36146 # 1504
36156 # 1504
36156 # 1504
36166 # 1504
36176 # 1504
36261 # 1504
36266 # 1504
36266 # 1504
36267 # 1504
36267 # 1504
36316 # 1504
36317 # 1504
36326 # 1504
36326 # 1504
36336 # 1504
36346 # 1504
36356 # 1504
36366 # 1504
36376 # 1504
36377 # 1504
36387 # 1504
36406 # 1504
36416 # 1504
36426 # 1504
36436 # 1504
36446 # 1504
36446 # 1504
36508 # 1504
36516 # 1504
36526 # 1504
36526 # 1504
36538 # 1504
36538 # 1504
36547 # 1504
36556 # 1504
36566 # 1504
36616 # 1504
36616 # 1504
36646 # 1504
36646 # 1504
36647 # 1504
36647 # 1504
36656 # 1504
36666 # 1504
36676 # 1504
36676 # 1504
36686 # 1504
36736 # 1504
36736 # 1504
36737 # 1504
36766 # 1504
36766 # 1504
36767 # 1504
36767 # 1504
36776 # 1504
36786 # 1504
36836 # 1504
36846 # 1504
36846 # 1504
36847 # 1504
36847 # 1504
36870 # 1504
36916 # 1504
36926 # 1504
36926 # 1504
36936 # 1504
36936 # 1504
36987 # 1504
36996 # 1504
36996 # 1504
37016 # 1504
37016 # 1504
37016 # 1504
37026 # 1504
37036 # 1504
37046 # 1504
37056 # 1504
37056 # 1504
37066 # 1504
37076 # 1504
37086 # 1504
37136 # 1504
37186 # 1504
37196 # 1504
37196 # 1504
37206 # 1504
37207 # 1504
37216 # 1504
37236 # 1504
37246 # 1504
37246 # 1504
37256 # 1504
37266 # 1504
37276 # 1504
37286 # 1504
37296 # 1504
37296 # 1504
37306 # 1504
37356 # 1504
37356 # 1504
37376 # 1504
37376 # 1504
37406 # 1504
37406 # 1504
37407 # 1504
37407 # 1504
37416 # 1504
37426 # 1504
37436 # 1504
37436 # 1504
37446 # 1504
37456 # 1504
37466 # 1504
37476 # 1504
37486 # 1504
37496 # 1504
37496 # 1504
37506 # 1504
37516 # 1504
37566 # 1504
37576 # 1504
37577 # 1504
37577 # 1504
37596 # 1504
37626 # 1504
37626 # 1504
37627 # 1504
37636 # 1504
37636 # 1504
37646 # 1504
37656 # 1504
37666 # 1504
37676 # 1504
37686 # 1504
37696 # 1504
37696 # 1504
37706 # 1504
37756 # 1504
37766 # 1504
37766 # 1504
37786 # 1504
37786 # 1504
37787 # 1504
37796 # 1504
37806 # 1504
37856 # 1504
37866 # 1504
37866 # 1504
37880 # 1504
37880 # 1504
37926 # 1504
37926 # 1504
37927 # 1504
37956 # 1504
37956 # 1504
37976 # 1504
37986 # 1504
37986 # 1504
37996 # 1504
38046 # 1504
38047 # 1504
38047 # 1504
38047 # 1504
38048 # 1504
38056 # 1504
38066 # 1504
38076 # 1504
38076 # 1504
38086 # 1504
38096 # 1504
38106 # 1504
38116 # 1504
38126 # 1504
38126 # 1504
38136 # 1504
38146 # 1504
38156 # 1504
38166 # 1504
38216 # 1504
38217 # 1504
38217 # 1504
38236 # 1504
38236 # 1504
38266 # 1504
38286 # 1504
38287 # 1504
38287 # 1504
38316 # 1504
38316 # 1504
38317 # 1504
38326 # 1504
38376 # 1504
38376 # 1504
38386 # 1504
38386 # 1504
38387 # 1504
38396 # 1504
38406 # 1504
38417 # 1504
38417 # 1504
38426 # 1504
38436 # 1504
38446 # 1504
38456 # 1504
38466 # 1504
38466 # 1504
38476 # 1504
38486 # 1504
38496 # 1504
38506 # 1504
38516 # 1504
38516 # 1504
38526 # 1504
38536 # 1504
38586 # 1504
38591 # 1504
38591 # 1504
38592 # 1504
38592 # 1504
38596 # 1504
38646 # 1504
38647 # 1504
38647 # 1504
38677 # 1504
38677 # 1504
38677 # 1504
38678 # 1504
38686 # 1504
38696 # 1504
38706 # 1504
38756 # 1504
38756 # 1504
38756 # 1504
38757 # 1504
38757 # 1504
38806 # 1504
38807 # 1504
38807 # 1504
38807 # 1504
38807 # 1504
38816 # 1504
38826 # 1504
38836 # 1504
38846 # 1504
38846 # 1504
38856 # 1504
38866 # 1504
38876 # 1504
38886 # 1504
38899 # 1504
38899 # 1504
38906 # 1504
38916 # 1504
38966 # 1504
38966 # 1504
38986 # 1504
38987 # 1504
38996 # 1504
39016 # 1504
39046 # 1504
39066 # 1504
39066 # 1504
39067 # 1504
39067 # 1504
39116 # 1504
39116 # 1504
39117 # 1504
39117 # 1504
39126 # 1504
39126 # 1504
39136 # 1504
39146 # 1504
39156 # 1504
39166 # 1504
39176 # 1504
39186 # 1504
39186 # 1504
39196 # 1504
39206 # 1504
39216 # 1504
39226 # 1504
39236 # 1504
39236 # 1504
39246 # 1504
39256 # 1504
39266 # 1504
39276 # 1504
39287 # 1504
39287 # 1504
39336 # 1504
39346 # 1504
39347 # 1504
39347 # 1504
39356 # 1504
39406 # 1504
39406 # 1504
39407 # 1504
39426 # 1504
39436 # 1504
39436 # 1504
39446 # 1504
39446 # 1504
39456 # 1504
39466 # 1504
39516 # 1504
39526 # 1504
39526 # 1504
39527 # 1504
39527 # 1504
39536 # 1504
39546 # 1504
39556 # 1504
39566 # 1504
39576 # 1504
39576 # 1504
39586 # 1504
39596 # 1504
39606 # 1504
39616 # 1504
39626 # 1504
39626 # 1504
39636 # 1504
39686 # 1504
39696 # 1504
39706 # 1504
39706 # 1504
39756 # 1504
39756 # 1504
39766 # 1504
39776 # 1504
39776 # 1504
39786 # 1504
39796 # 1504
39797 # 1504
39846 # 1504
39856 # 1504
39856 # 1504
39857 # 1504
39866 # 1504
39866 # 1504
39876 # 1504
39886 # 1504
39896 # 1504
39906 # 1504
39956 # 1504
39966 # 1504
39966 # 1504
39966 # 1504
39967 # 1504
39976 # 1504
39986 # 1504
39996 # 1504
39996 # 1504
40006 # 1504
40016 # 1504
40066 # 1504
40076 # 1504
40086 # 1504
40096 # 1504
40096 # 1504
40106 # 1504
40116 # 1504
40126 # 1504
40136 # 1504
40146 # 1504
40146 # 1504
40156 # 1504
40158 + 40
40206 # 1504
40206 - 40 48
40216 # 1504
40226 # 1504
40236 # 1504
40236 # 1504
40246 # 1504
40256 # 1504
40266 # 1504
40316 # 1504
40326 # 1504
40326 # 1504
40327 # 1504
40327 # 1504
40336 # 1504
40346 # 1504
40356 # 1504
40366 # 1504
40366 # 1504
40416 # 1504
40426 # 1504
40426 # 1504
40426 # 1504
40436 # 1504
40446 # 1504
40446 # 1504
40456 # 1504
40466 # 1504
40516 # 1504
40516 # 1504
40536 # 1504
40536 # 1504
40536 # 1504
40566 # 1504
40566 # 1504
40567 # 1504
40576 # 1504
40576 # 1504
40586 # 1504
40596 # 1504
40606 # 1504
40616 # 1504
40626 # 1504
40636 # 1504
40636 # 1504
40646 # 1504
40656 # 1504
40666 # 1504
40716 # 1504
40716 # 1504
40717 # 1504
40736 # 1504
40746 # 1504
40746 # 1504
40756 # 1504
40806 # 1504
40806 # 1504
40816 # 1504
40826 # 1504
40826 # 1504
40836 # 1504
40846 # 1504
40856 # 1504
40856 # 1504
40866 # 1504
40876 # 1504
40926 # 1504
40936 # 1504
40936 # 1504
40937 # 1504
40956 # 1504
40956 # 1504
40966 # 1504
40976 # 1504
40986 # 1504
40997 # 1504
40997 # 1504
41006 # 1504
41056 # 1504
41066 # 1504
41076 # 1504
41086 # 1504
41086 # 1504
41096 # 1504
41106 # 1504
41116 # 1504
41126 # 1504
41136 # 1504
41136 # 1504
41186 # 1504
41196 # 1504
41196 # 1504
41217 # 1504
41217 # 1504
41226 # 1504
41227 # 1504
41276 # 1504
41286 # 1504
41286 # 1504
41306 # 1504
41336 # 1504
41336 # 1504
41337 # 1504
41337 # 1504
41346 # 1504
41396 # 1504
41396 # 1504
41416 # 1504
41416 # 1504
41417 # 1504
41417 # 1504
41426 # 1504
41436 # 1504
41446 # 1504
41446 # 1504
41456 # 1504
41466 # 1504
41476 # 1504
41526 # 1504
41536 # 1504
41536 # 1504
41546 # 1504
41546 # 1504
41556 # 1504
41566 # 1504
41576 # 1504
41586 # 1504
41586 # 1504
41596 # 1504
41606 # 1504
41616 # 1504
41626 # 1504
41650 + 40
41676 # 1504
41676 - 40 26
41676 # 1504
41686 # 1504
41696 # 1504
41706 # 1504
41716 # 1504
41726 # 1504
41726 # 1504
41776 # 1504
41776 # 1504
41777 # 1504
41777 # 1504
41786 # 1504
41836 # 1504
41836 # 1504
41846 # 1504
41846 # 1504
41847 # 1504
41856 # 1504
41866 # 1504
41866 # 1504
41876 # 1504
41886 # 1504
41896 # 1504
41906 # 1504
41916 # 1504
41916 # 1504
41966 # 1504
41966 # 1504
41967 # 1504
41996 # 1504
41997 # 1504
41997 # 1504
41997 # 1504
42046 # 1504
42047 # 1504
42047 # 1504
42047 # 1504
42096 # 1504
42096 # 1504
42106 # 1504
42106 # 1504
42107 # 1504
42156 # 1504
42156 # 1504
42157 # 1504
42157 # 1504
42157 # 1504
42166 # 1504
42176 # 1504
42186 # 1504
42196 # 1504
42196 # 1504
42206 # 1504
42216 # 1504
42226 # 1504
42276 # 1504
42276 # 1504
42277 # 1504
42277 # 1504
42277 # 1504
42286 # 1504
42296 # 1504
42306 # 1504
42356 # 1504
42356 # 1504
42357 # 1504
42357 # 1504
42358 # 1504
42366 # 1504
42376 # 1504
42376 # 1504
42386 # 1504
42396 # 1504
42406 # 1504
42416 # 1504
42427 # 1504
42476 # 1504
42476 # 1504
42476 # 1504
42496 # 1504
42496 # 1504
42526 # 1504
42527 # 1504
42527 # 1504
42527 # 1504
42536 # 1504
42546 # 1504
42556 # 1504
42566 # 1504
42566 # 1504
42576 # 1504
42586 # 1504
42636 # 1504
42636 # 1504
42637 # 1504
42637 # 1504
42637 # 1504
42687 # 1504
42687 # 1504
42688 # 1504
42688 # 1504
42696 # 1504
42696 # 1504
42706 # 1504
42716 # 1504
42726 # 1504
42736 # 1504
42746 # 1504
42756 # 1504
42806 # 1504
42806 # 1504
42806 # 1504
42807 # 1504
42856 # 1504
42856 # 1504
42857 # 1504
42886 # 1504
42906 # 1504
42916 # 1504
42916 # 1504
42927 # 1504
42936 # 1504
42946 # 1504
42956 # 1504
42966 # 1504
42976 # 1504
42986 # 1504
42996 # 1504
43006 # 1504
43016 # 1504
43026 # 1504
43036 # 1504
43046 # 1504
43056 # 1504
43106 # 1504
43106 # 1504
43107 # 1504
43107 # 1504
43136 # 1504
43156 # 1504
43166 # 1504
43186 # 1504
43186 # 1504
43197 # 1504
43206 # 1504
43216 # 1504
43216 # 1504
43226 # 1504
43240 # 1504
43246 # 1504
43296 # 1504
43306 # 1504
43306 # 1504
43307 # 1504
43326 # 1504
43328 # 1504
43334 + 40
43336 # 1504
43336 - 40 2
43386 # 1504
43387 # 1504
43387 # 1504
43387 # 1504
43388 # 1504
43437 # 1504
43437 # 1504
43438 # 1504
43438 # 1504
43467 # 1504
43486 # 1504
43486 # 1504
43488 # 1504
43496 # 1504
43506 # 1504
43506 # 1504
43516 # 1504
43526 # 1504
43536 # 1504
43546 # 1504
43556 # 1504
43556 # 1504
43566 # 1504
43576 # 1504
43586 # 1504
43596 # 1504
43647 # 1504
43647 # 1504
43649 # 1504
43666 # 1504
43666 # 1504
43667 # 1504
43676 # 1504
43687 # 1504
43687 # 1504
43697 # 1504
43746 # 1504
43747 # 1504
43766 # 1504
43776 # 1504
43776 # 1504
43797 # 1504
43827 # 1504
43827 # 1504
43828 # 1504
43836 # 1504
43846 # 1504
43857 # 1504
43866 # 1504
43876 # 1504
43886 # 1504
43896 # 1504
43906 # 1504
43916 # 1504
43926 # 1504
43936 # 1504
43946 # 1504
43996 # 1504
44006 # 1504
44016 # 1504
44028 # 1504
44036 # 1504
44046 # 1504
44056 # 1504
44067 # 1504
44116 # 1504
44126 # 1504
44136 # 1504
44146 # 1504
44197 # 1504
44197 # 1504
44198 # 1504
44226 # 1504
44226 # 1504
44257 # 1504
44257 # 1504
44257 # 1504
44258 # 1504
44266 # 1504
44276 # 1504
44286 # 1504
44296 # 1504
44296 # 1504
44307 # 1504
44316 # 1504
44326 # 1504
44336 # 1504
44346 # 1504
44346 # 1504
44356 # 1504
44406 # 1504
44418 # 1504
44418 # 1504
44418 # 1504
44426 # 1504
44435 # 1504
44436 # 1504
44446 # 1504
44456 # 1504
44467 # 1504
44475 # 1504
44526 # 1504
44526 # 1504
44526 # 1504
44527 # 1504
44576 # 1504
44586 # 1504
44596 # 1504
44596 # 1504
44606 # 1504
44616 # 1504
44626 # 1504
44636 # 1504
44686 # 1504
44687 # 1504
44706 # 1504
44706 # 1504
44736 # 1504
44736 # 1504
44766 # 1504
44766 # 1504
44771 # 1504
44776 # 1504
44786 # 1504
44795 # 1504
44806 # 1504
44816 # 1504
44827 # 1504
44836 # 1504
44846 # 1504
44846 # 1504
44856 # 1504
44866 # 1504
44876 # 1504
44926 # 1504
44936 # 1504
44936 # 1504
44947 # 1504
44956 # 1504
44966 # 1504
44976 # 1504
44986 # 1504
44996 # 1504
45046 # 1504
45055 # 1504
45065 # 1504
45066 # 1504
45076 # 1504
45087 # 1504
45096 # 1504
45115 # 1504
45125 # 1504
45176 # 1504
45176 # 1504
45196 # 1504
45196 # 1504
45196 # 1504
45209 # 1504
45216 # 1504
45276 # 1504
45276 # 1504
45276 # 1504
45277 # 1504
45326 # 1504
45326 # 1504
45356 # 1504
45356 # 1504
45366 # 1504
45375 # 1504
45395 # 1504
45445 # 1504
45446 # 1504
45475 # 1504
45495 # 1504
45526 # 1504
45526 # 1504
45586 # 1504
45586 # 1504
45615 # 1504
45616 # 1504
45634 # 1504
45655 # 1504
45666 # 1504
45689 # 1504
45705 # 1504
45766 # 1504
45774 # 1504
45796 # 1504
45847 # 1504
45874 # 1504
45875 # 1504
45886 # 1504
45935 # 1504
45955 # 1504
45975 # 1504
45995 # 1504
46015 # 1504
46047 # 1504
46094 # 1504
46145 # 1504
46194 # 1504
46194 # 1504
46224 # 1504
46255 # 1504
46285 # 1504
46356 # 1504
46384 # 1504
46454 # 1504
46465 # 1504
46514 # 1504
46555 # 1504
46614 # 1504
46695 # 1504
46774 # 1504
46844 # 1504
46874 # 1504
46945 # 1504
46995 # 1504
47045 # 1504
47084 # 1504
47185 # 1504
47204 # 1504
47274 # 1504
47295 # 1504
47316 # 1504
47328 # 1504
47336 # 1504
47395 # 1504
47395 # 1504
47396 # 1504
47426 # 1504
47447 # 1504
47448 # 1504
47477 # 1504
47478 # 1504
47506 # 1504
47507 # 1504
47537 # 1504
47538 # 1504
47538 # 1504
47538 # 1504
47548 # 1504
47557 # 1504
47606 # 1504
47616 # 1504
47616 # 1504
47616 # 1504
47617 # 1504
47626 # 1504
47636 # 1504
47646 # 1504
47656 # 1504
47656 # 1504
47666 # 1504
47717 # 1504
47717 # 1504
47718 # 1504
47719 # 1504
47719 # 1504
47767 # 1504
47776 # 1504
47776 # 1504
47777 # 1504
47786 # 1504
47797 # 1504
47797 # 1504
47806 # 1504
47817 # 1504
47828 # 1504
47837 # 1504
47846 # 1504
47846 # 1504
47857 # 1504
47866 # 1504
47921 # 1504
47921 # 1504
47921 # 1504
47922 # 1504
47922 # 1504
47966 # 1504
47977 # 1504
47986 # 1504
47998 # 1504
48006 # 1504
48006 # 1504
48017 # 1504
48026 # 1504
48037 # 1504
48047 # 1504
48096 # 1504
48107 # 1504
48107 # 1504
48117 # 1504
48117 # 1504
48127 # 1504
48137 # 1504
48147 # 1504
48147 # 1504
48157 # 1504
48167 # 1504
48176 # 1504
48186 # 1504
48197 # 1504
48197 # 1504
48207 # 1504
48217 # 1504
48227 # 1504
48277 # 1504
48287 # 1504
48297 # 1504
48297 # 1504
48307 # 1504
48357 # 1504
48357 # 1504
48358 # 1504
48358 # 1504
48358 # 1504
48406 # 1504
48407 # 1504
48407 # 1504
48411 # 1504
48456 # 1504
48456 # 1504
48457 # 1504
48457 # 1504
48458 # 1504
48507 # 1504
48516 # 1504
48517 # 1504
48517 # 1504
48517 # 1504
48526 # 1504
48537 # 1504
48546 # 1504
48556 # 1504
48566 # 1504
48566 # 1504
48577 # 1504
48586 # 1504
48637 # 1504
48637 # 1504
48646 # 1504
48646 # 1504
48656 # 1504
48666 # 1504
48717 # 1504
48717 # 1504
48718 # 1504
48718 # 1504
48718 # 1504
48727 # 1504
48737 # 1504
48747 # 1504
48757 # 1504
48767 # 1504
48767 # 1504
48777 # 1504
48787 # 1504
48799 # 1504
48807 # 1504
48856 # 1504
48856 # 1504
48856 # 1504
48886 # 1504
48886 # 1504
48887 # 1504
48896 # 1504
48896 # 1504
48907 # 1504
48916 # 1504
48927 # 1504
48936 # 1504
48946 # 1504
48956 # 1504
48956 # 1504
49006 # 1504
49021 # 1504
49021 # 1504
49037 # 1504
49067 # 1504
49067 # 1504
49068 # 1504
49071 # 1504
49117 # 1504
49126 # 1504
49136 # 1504
49136 # 1504
49137 # 1504
49147 # 1504
49156 # 1504
49166 # 1504
49176 # 1504
49186 # 1504
49186 # 1504
49196 # 1504
49206 # 1504
49216 # 1504
49226 # 1504
49236 # 1504
49246 # 1504
49246 # 1504
49296 # 1504
49316 # 1504
49326 # 1504
49336 # 1504
49346 # 1504
49346 # 1504
49356 # 1504
49406 # 1504
49406 # 1504
49407 # 1504
49436 # 1504
49456 # 1504
49456 # 1504
49466 # 1504
49466 # 1504
49476 # 1504
49486 # 1504
49496 # 1504
49496 # 1504
49506 # 1504
49516 # 1504
49566 # 1504
49576 # 1504
49576 # 1504
49577 # 1504
49577 # 1504
49586 # 1504
49596 # 1504
49606 # 1504
49616 # 1504
49626 # 1504
49626 # 1504
49676 # 1504
49686 # 1504
49687 # 1504
49688 # 1504
49736 # 1504
49736 # 1504
49737 # 1504
49737 # 1504
49737 # 1504
49746 # 1504
49756 # 1504
49766 # 1504
49766 # 1504
49776 # 1504
49826 # 1504
49826 # 1504
49827 # 1504
49856 # 1504
49856 # 1504
49857 # 1504
49857 # 1504
49866 # 1504
49876 # 1504
49886 # 1504
49896 # 1504
49896 # 1504
49906 # 1504
49916 # 1504
49926 # 1504
49936 # 1504
49946 # 1504
49946 # 1504
49996 # 1504
50006 # 1504
50016 # 1504
50026 # 1504
50096 # 1504
50096 # 1504
50106 # 1504
50106 # 1504
50107 # 1504
50116 # 1504
50126 # 1504
50136 # 1504
50136 # 1504
50146 # 1504
50196 # 1504
50206 # 1504
50206 # 1504
50226 # 1504
50226 # 1504
50256 # 1504
50256 # 1504
50257 # 1504
50266 # 1504
50286 # 1504
50286 # 1504
50296 # 1504
50306 # 1504
50316 # 1504
50326 # 1504
50376 # 1504
50377 # 1504
50377 # 1504
50377 # 1504
50377 # 1504
50386 # 1504
50396 # 1504
50406 # 1504
50406 # 1504
50417 # 1504
50426 # 1504
50436 # 1504
50446 # 1504
50496 # 1504
50496 # 1504
50506 # 1504
50516 # 1504
50526 # 1504
50536 # 1504
50546 # 1504
50556 # 1504
50556 # 1504
50566 # 1504
50576 # 1504
50876 # 1504
50883 # 1504
50883 # 1504
50883 # 1504
50883 # 1504
50883 # 1504
50883 # 1504
50883 # 1504
50883 # 1504
50883 # 1504
50884 # 1504
50884 # 1504
50926 # 1504
50926 # 1504
50927 # 1504
50927 # 1504
50957 # 1504
50957 # 1504
50957 # 1504
50966 # 1504
50976 # 1504
50986 # 1504
50986 # 1504
50996 # 1504
51046 # 1504
51046 # 1504
51070 # 1504
51071 # 1504
51071 # 1504
51071 # 1504
51076 # 1504
51086 # 1504
51097 # 1504
51106 # 1504
51116 # 1504
51116 # 1504
51126 # 1504
51136 # 1504
51146 # 1504
51157 # 1504
51166 # 1504
51166 # 1504
51216 # 1504
51226 # 1504
51236 # 1504
51246 # 1504
51257 # 1504
51257 # 1504
51266 # 1504
51316 # 1504
51326 # 1504
51336 # 1504
51346 # 1504
51356 # 1504
51356 # 1504
51406 # 1504
51406 # 1504
51407 # 1504
51407 # 1504
51416 # 1504
51416 # 1504
51426 # 1504
51476 # 1504
51476 # 1504
51477 # 1504
51477 # 1504
51486 # 1504
51486 # 1504
51496 # 1504
51506 # 1504
51516 # 1504
51566 # 1504
51567 # 1504
51567 # 1504
51586 # 1504
51596 # 1504
51616 # 1504
51616 # 1504
51626 # 1504
51626 # 1504
51636 # 1504
51646 # 1504
51656 # 1504
51666 # 1504
51716 # 1504
51717 # 1504
51717 # 1504
51717 # 1504
51717 # 1504
51728 # 1504
51736 # 1504
51746 # 1504
51746 # 1504
51756 # 1504
51766 # 1504
51776 # 1504
51786 # 1504
51796 # 1504
51796 # 1504
51846 # 1504
51846 # 1504
51847 # 1504
51847 # 1504
51896 # 1504
51897 # 1504
51897 # 1504
51897 # 1504
51898 # 1504
51906 # 1504
51916 # 1504
51926 # 1504
51926 # 1504
51936 # 1504
51947 # 1504
51956 # 1504
51971 # 1504
51976 # 1504
51987 # 1504
51987 # 1504
52037 # 1504
52047 # 1504
52056 # 1504
52067 # 1504
52078 # 1504
52078 # 1504
52087 # 1504
52097 # 1504
52107 # 1504
52157 # 1504
52157 # 1504
52176 # 1504
52176 # 1504
52178 # 1504
52180 # 1504
52186 # 1504
52196 # 1504
52246 # 1504
52247 # 1504
52256 # 1504
52266 # 1504
52276 # 1504
52286 # 1504
52297 # 1504
52297 # 1504
52306 # 1504
52317 # 1504
52327 # 1504
52336 # 1504
52346 # 1504
52396 # 1504
52396 # 1504
52397 # 1504
52397 # 1504
52427 # 1504
52446 # 1504
52447 # 1504
52447 # 1504
52447 # 1504
52456 # 1504
52467 # 1504
52480 # 1504
52487 # 1504
52497 # 1504
52497 # 1504
52507 # 1504
52557 # 1504
52559 # 1504
52559 # 1504
52559 # 1504
52559 # 1504
52607 # 1504
52607 # 1504
52608 # 1504
52608 # 1504
52656 # 1504
52656 # 1504
52657 # 1504
52658 # 1504
52659 # 1504
52666 # 1504
52678 # 1504
52687 # 1504
52687 # 1504
52696 # 1504
52706 # 1504
52716 # 1504
52726 # 1504
52736 # 1504
52736 # 1504
52747 # 1504
52756 # 1504
52806 # 1504
52807 # 1504
52807 # 1504
52807 # 1504
52808 # 1504
52816 # 1504
52826 # 1504
52876 # 1504
52886 # 1504
52897 # 1504
52897 # 1504
52897 # 1504
52947 # 1504
52947 # 1504
52951 # 1504
52952 # 1504
52956 # 1504
52956 # 1504
52966 # 1504
52976 # 1504
52986 # 1504
52997 # 1504
53006 # 1504
53006 # 1504
53016 # 1504
53026 # 1504
53036 # 1504
53087 # 1504
53087 # 1504
53106 # 1504
53106 # 1504
53119 # 1504
53136 # 1504
53166 # 1504
53167 # 1504
53168 # 1504
53168 # 1504
53176 # 1504
53186 # 1504
53196 # 1504
53206 # 1504
53256 # 1504
53256 # 1504
53257 # 1504
53276 # 1504
53276 # 1504
53306 # 1504
53306 # 1504
53308 # 1504
53316 # 1504
53326 # 1504
53336 # 1504
53345 # 1504
53365 # 1504
53376 # 1504
53387 # 1504
53395 # 1504
53406 # 1504
53466 # 1504
53475 # 1504
53475 # 1504
53486 # 1504
53497 # 1504
53506 # 1504
53516 # 1504
53526 # 1504
53536 # 1504
53546 # 1504
53597 # 1504
53597 # 1504
53597 # 1504
53597 # 1504
53646 # 1504
53647 # 1504
53647 # 1504
53647 # 1504
53659 # 1504
53666 # 1504
53716 # 1504
53716 # 1504
53717 # 1504
53746 # 1504
53747 # 1504
53766 # 1504
53766 # 1504
53796 # 1504
53796 # 1504
53797 # 1504
53846 # 1504
53846 # 1504
53846 # 1504
53847 # 1504
53847 # 1504
53896 # 1504
53901 # 1504
53901 # 1504
53901 # 1504
53901 # 1504
53906 # 1504
53916 # 1504
53926 # 1504
53936 # 1504
53936 # 1504
53947 # 1504
53957 # 1504
53966 # 1504
53976 # 1504
53986 # 1504
53986 # 1504
53996 # 1504
54006 # 1504
54056 # 1504
54058 # 1504
54077 # 1504
54077 # 1504
54077 # 1504
54077 # 1504
54086 # 1504
54096 # 1504
54107 # 1504
54156 # 1504
54166 # 1504
54166 # 1504
54186 # 1504
54186 # 1504
54196 # 1504
54206 # 1504
54216 # 1504
54226 # 1504
54236 # 1504
54246 # 1504
54256 # 1504
54306 # 1504
54307 # 1504
54307 # 1504
54307 # 1504
54316 # 1504
54366 # 1504
54376 # 1504
54386 # 1504
54386 # 1504
54400 # 1504
54405 # 1504
54415 # 1504
54426 # 1504
54446 # 1504
54495 # 1504
54507 # 1504
54515 # 1504
54526 # 1504
54535 # 1504
54555 # 1504
54565 # 1504
54576 # 1504
54586 # 1504
54635 # 1504
54635 # 1504
54665 # 1504
54665 # 1504
54666 # 1504
54675 # 1504
54685 # 1504
54736 # 1504
54737 # 1504
54765 # 1504
54765 # 1504
54766 # 1504
54816 # 1504
54825 # 1504
54825 # 1504
54836 # 1504
54850 # 1504
54850 # 1504
54856 # 1504
54906 # 1504
54916 # 1504
54926 # 1504
54936 # 1504
54988 # 1504
54988 # 1504
54988 # 1504
54988 # 1504
54989 # 1504
54996 # 1504
55046 # 1504
55046 # 1504
55056 # 1504
55067 # 1504
55067 # 1504
55076 # 1504
55086 # 1504
55096 # 1504
55106 # 1504
55116 # 1504
55127 # 1504
55136 # 1504
55146 # 1504
55155 # 1504
55165 # 1504
55175 # 1504
55185 # 1504
55205 # 1504
55216 # 1504
55226 # 1504
55276 # 1504
55276 # 1504
55296 # 1504
55296 # 1504
55326 # 1504
55345 # 1504
55346 # 1504
55346 # 1504
55359 # 1504
55365 # 1504
55415 # 1504
55416 # 1504
55416 # 1504
55427 # 1504
55435 # 1504
55445 # 1504
55465 # 1504
55515 # 1504
55525 # 1504
55535 # 1504
55537 # 1504
55595 # 1504
55605 # 1504
55606 # 1504
55607 # 1504
55626 # 1504
55635 # 1504
55654 # 1504
55666 # 1504
55675 # 1504
55695 # 1504
55705 # 1504
55715 # 1504
55735 # 1504
55785 # 1504
55805 # 1504
55814 # 1504
55834 # 1504
55896 # 1504
55915 # 1504
55936 # 1504
55965 # 1504
55985 # 1504
56055 # 1504
56085 # 1504
56155 # 1504
56186 # 1504
56245 # 1504
56324 # 1504
56384 # 1504
56454 # 1504
56575 # 1504
56675 # 1504
56794 # 1504
56933 # 1504
57074 # 1504
57344 # 1504
58114 # 1504
58135 # 1504
58195 # 1504
58225 # 1504
58275 # 1504
58295 # 1504
58297 # 1504
58306 # 1504
58356 # 1504
58366 # 1504
58377 # 1504
58378 # 1504
58427 # 1504
58428 # 1504
58428 # 1504
58447 # 1504
58457 # 1504
58477 # 1504
58477 # 1504
58486 # 1504
58497 # 1504
58497 # 1504
58506 # 1504
58516 # 1504
58527 # 1504
58537 # 1504
58551 # 1504
58551 # 1504
58557 # 1504
58607 # 1504
58617 # 1504
58617 # 1504
58618 # 1504
58628 # 1504
58628 # 1504
58637 # 1504
58647 # 1504
58697 # 1504
58697 # 1504
58698 # 1504
58698 # 1504
58698 # 1504
58708 # 1504
58717 # 1504
58727 # 1504
58737 # 1504
58787 # 1504
58787 # 1504
58787 # 1504
58788 # 1504
58788 # 1504
58797 # 1504
58807 # 1504
58807 # 1504
58857 # 1504
58857 # 1504
58858 # 1504
58858 # 1504
58867 # 1504
58867 # 1504
58877 # 1504
58887 # 1504
58897 # 1504
58907 # 1504
58917 # 1504
58927 # 1504
58927 # 1504
58937 # 1504
58947 # 1504
58957 # 1504
58967 # 1504
59017 # 1504
59017 # 1504
59027 # 1504
59041 # 1504
59047 # 1504
59057 # 1504
59068 # 1504
59117 # 1504
59117 # 1504
59127 # 1504
59137 # 1504
59137 # 1504
59148 # 1504
59197 # 1504
59197 # 1504
59198 # 1504
59198 # 1504
59227 # 1504
59247 # 1504
59247 # 1504
59278 # 1504
59278 # 1504
59279 # 1504
59279 # 1504
59287 # 1504
59297 # 1504
59308 # 1504
59308 # 1504
59317 # 1504
59327 # 1504
59337 # 1504
59347 # 1504
59397 # 1504
59407 # 1504
59407 # 1504
59408 # 1504
59408 # 1504
59417 # 1504
59427 # 1504
59437 # 1504
59437 # 1504
59487 # 1504
59487 # 1504
59487 # 1504
59488 # 1504
59537 # 1504
59537 # 1504
59551 # 1504
59551 # 1504
59551 # 1504
59557 # 1504
59567 # 1504
59577 # 1504
59577 # 1504
59589 # 1504
59597 # 1504
59647 # 1504
59647 # 1504
59667 # 1504
59667 # 1504
59668 # 1504
59697 # 1504
59698 # 1504
59699 # 1504
59707 # 1504
59718 # 1504
59718 # 1504
59727 # 1504
59737 # 1504
59747 # 1504
59757 # 1504
59767 # 1504
59767 # 1504
59777 # 1504
59787 # 1504
59797 # 1504
59807 # 1504
59817 # 1504
59867 # 1504
59867 # 1504
59868 # 1504
59868 # 1504
59897 # 1504
59917 # 1504
59927 # 1504
59927 # 1504
59928 # 1504
59937 # 1504
59951 # 1504
59957 # 1504
59967 # 1504
59977 # 1504
59977 # 1504
59987 # 1504
60037 # 1504
60047 # 1504
60047 # 1504
60048 # 1504
60048 # 1504
60059 # 1504
60067 # 1504
60117 # 1504
60117 # 1504
60118 # 1504
60118 # 1504
60118 # 1504
60128 # 1504
60137 # 1504
60147 # 1504
60157 # 1504
