# init timestamp: 1744934302659.000
878.000 # 1500
927.000 # 1500
927.000 # 1500
997.000 # 1500
1078.000 # 1500
1079.000 # 1500
1079.000 # 1500
1128.000 # 1500
1129.000 # 1500
1129.000 # 1500
1139.000 # 1500
1149.000 # 1500
1168.000 # 1500
1179.000 # 1500
1189.000 # 1500
1238.000 # 1500
1239.000 # 1500
1239.000 # 1500
1289.000 # 1500
1300.000 # 1500
1300.000 # 1500
1300.000 # 1500
1301.000 # 1500
1310.000 # 1500
1320.000 # 1500
1330.000 # 1500
1340.000 # 1500
1340.000 # 1500
1350.000 # 1500
1400.000 # 1500
1400.000 # 1500
1401.000 # 1500
1430.000 # 1500
1430.000 # 1500
1430.000 # 1500
1479.000 # 1500
1479.000 # 1500
1479.000 # 1500
1529.000 # 1500
1529.000 # 1500
1530.000 # 1500
1539.000 # 1500
1549.000 # 1500
1559.000 # 1500
1569.000 # 1500
1579.000 # 1500
1589.000 # 1500
1599.000 # 1500
1609.000 # 1500
1619.000 # 1500
1629.000 # 1500
1680.000 # 1500
1680.000 # 1500
1698.000 # 1500
1710.000 # 1500
1730.000 # 1500
1759.000 # 1500
1759.000 # 1500
1759.000 # 1500
1760.000 # 1500
1769.000 # 1500
1780.000 # 1500
1790.000 # 1500
1800.000 # 1500
1810.000 # 1500
1810.000 # 1500
1860.000 # 1500
1860.000 # 1500
1880.000 # 1500
1890.000 # 1500
1910.000 # 1500
1910.000 # 1500
1940.000 # 1500
1960.000 # 1500
1960.000 # 1500
1960.000 # 1500
1970.000 # 1500
1970.000 # 1500
1980.000 # 1500
1990.000 # 1500
2000.000 # 1500
2009.000 # 1500
2020.000 # 1500
2030.000 # 1500
2030.000 # 1500
2039.000 # 1500
2050.000 # 1500
2100.000 # 1500
2100.000 # 1500
2101.000 # 1500
2101.000 # 1500
2130.000 # 1500
2130.000 # 1500
2130.000 # 1500
2140.000 # 1500
2190.000 # 1500
2190.000 # 1500
2190.000 # 1500
2191.000 # 1500
2191.000 # 1500
2200.000 # 1500
2210.000 # 1500
2220.000 # 1500
2220.000 # 1500
2230.000 # 1500
2240.000 # 1500
2290.000 # 1500
2300.000 # 1500
2300.000 # 1500
2300.000 # 1500
2301.000 # 1500
2310.000 # 1500
2360.000 # 1500
2360.000 # 1500
2380.000 # 1500
2380.000 # 1500
2381.000 # 1500
2385.000 # 1500
2390.000 # 1500
2440.000 # 1500
2450.000 # 1500
2450.000 # 1500
2450.000 # 1500
2451.000 # 1500
2461.000 # 1500
2470.000 # 1500
2480.000 # 1500
2490.000 # 1500
2540.000 # 1500
2540.000 # 1500
2540.000 # 1500
2560.000 # 1500
2570.000 # 1500
2570.000 # 1500
2580.000 # 1500
2580.000 # 1500
2590.000 # 1500
2600.000 # 1500
2650.000 # 1500
2650.000 # 1500
2670.000 # 1500
2670.000 # 1500
2670.000 # 1500
2671.000 # 1500
2680.000 # 1500
2730.000 # 1500
2740.000 # 1500
2740.000 # 1500
2740.000 # 1500
2741.000 # 1500
2790.000 # 1500
2790.000 # 1500
2790.000 # 1500
2791.000 # 1500
2791.000 # 1500
2840.000 # 1500
2840.000 # 1500
2841.000 # 1500
2841.000 # 1500
2850.000 # 1500
2864.000 # 1500
2864.000 # 1500
2870.000 # 1500
2880.000 # 1500
2890.000 # 1500
2900.000 # 1500
2910.000 # 1500
2910.000 # 1500
2960.000 # 1500
2960.000 # 1500
2961.000 # 1500
2962.000 # 1500
2969.000 # 1500
2979.000 # 1500
2989.000 # 1500
2999.000 # 1500
3010.000 # 1500
3019.000 # 1500
3029.000 # 1500
3080.000 # 1500
3080.000 # 1500
3100.000 # 1500
3100.000 # 1500
3100.000 # 1500
3101.000 # 1500
3109.000 # 1500
3119.000 # 1500
3129.000 # 1500
3150.000 # 1500
3199.000 # 1500
3199.000 # 1500
3200.000 # 1500
3200.000 # 1500
3249.000 # 1500
3250.000 # 1500
3250.000 # 1500
3279.000 # 1500
3280.000 # 1500
3280.000 # 1500
3290.000 # 1500
3300.000 # 1500
3310.000 # 1500
3310.000 # 1500
3320.000 # 1500
3370.000 # 1500
3370.000 # 1500
3370.000 # 1500
3371.000 # 1500
3420.000 # 1500
3429.000 # 1500
3430.000 # 1500
3430.000 # 1500
3450.000 # 1500
3450.000 # 1500
3464.000 # 1500
3470.000 # 1500
3479.000 # 1500
3489.000 # 1500
3498.000 # 1500
3508.000 # 1500
3518.000 # 1500
3569.000 # 1500
3581.000 # 1500
3581.000 # 1500
3582.000 # 1500
3589.000 # 1500
3589.000 # 1500
3600.000 # 1500
3609.000 # 1500
3661.000 # 1500
3669.000 # 1500
3669.000 # 1500
3688.000 # 1500
3689.000 # 1500
3689.000 # 1500
3701.000 # 1500
3749.000 # 1500
3749.000 # 1500
3750.000 # 1500
3750.000 # 1500
3750.000 # 1500
3760.000 # 1500
3769.000 # 1500
3820.000 # 1500
3820.000 # 1500
3821.000 # 1500
3821.000 # 1500
3849.000 # 1500
3849.000 # 1500
3849.000 # 1500
3900.000 # 1500
3901.000 # 1500
3901.000 # 1500
3901.000 # 1500
3901.000 # 1500
3909.000 # 1500
3920.000 # 1500
3929.000 # 1500
3929.000 # 1500
3938.489 + 96 1
3940.000 # 1500
3949.000 # 1500
3951.791 - 96 13.302 1
3999.000 # 1500
3999.000 # 1500
4000.000 # 1500
4029.000 # 1500
4029.000 # 1500
4049.000 # 1500
4064.000 # 1500
4064.000 # 1500
4069.000 # 1500
4080.000 # 1500
4080.000 # 1500
4129.000 # 1500
4130.000 # 1500
4130.000 # 1500
4131.000 # 1500
4140.000 # 1500
4148.000 # 1500
4149.000 # 1500
4160.000 # 1500
4169.000 # 1500
4181.000 # 1500
4189.000 # 1500
4200.000 # 1500
4200.000 # 1500
4249.000 # 1500
4249.000 # 1500
4249.000 # 1500
4250.000 # 1500
4301.000 # 1500
4301.000 # 1500
4301.000 # 1500
4302.000 # 1500
4302.000 # 1500
4309.000 # 1500
4320.000 # 1500
4328.000 # 1500
4339.000 # 1500
4348.000 # 1500
4360.000 # 1500
4368.000 # 1500
4368.000 # 1500
4380.000 # 1500
4388.000 # 1500
4440.000 # 1500
4449.000 # 1500
4460.000 # 1500
4460.000 # 1500
4469.000 # 1500
4520.000 # 1500
4520.000 # 1500
4529.000 # 1500
4529.000 # 1500
4529.000 # 1500
4540.000 # 1500
4549.000 # 1500
4559.000 # 1500
4559.000 # 1500
4569.000 # 1500
4620.000 # 1500
4620.000 # 1500
4620.000 # 1500
4625.000 # 1500
4626.000 # 1500
4669.000 # 1500
4680.000 # 1500
4680.000 # 1500
4680.000 # 1500
4690.000 # 1500
4700.000 # 1500
4700.000 # 1500
4749.000 # 1500
4749.000 # 1500
4749.000 # 1500
4750.000 # 1500
4761.000 # 1500
4761.000 # 1500
4769.000 # 1500
4780.000 # 1500
4789.000 # 1500
4799.000 # 1500
4809.000 # 1500
4819.000 # 1500
4819.000 # 1500
4829.000 # 1500
4839.000 # 1500
4889.000 # 1500
4889.000 # 1500
4909.000 # 1500
4909.000 # 1500
4920.000 # 1500
4920.000 # 1500
4929.000 # 1500
4940.000 # 1500
4949.000 # 1500
4959.000 # 1500
4960.000 # 1500
4969.000 # 1500
5020.000 # 1500
5020.000 # 1500
5020.000 # 1500
5049.000 # 1500
5049.000 # 1500
5049.000 # 1500
5050.000 # 1500
5060.000 # 1500
5109.000 # 1500
5109.000 # 1500
5109.000 # 1500
5110.000 # 1500
5140.000 # 1500
5144.000 # 1500
5145.000 # 1500
5149.000 # 1500
5160.000 # 1500
5160.000 # 1500
5169.000 # 1500
5180.000 # 1500
5189.000 # 1500
5240.000 # 1500
5240.000 # 1500
5240.000 # 1500
5260.000 # 1500
5260.000 # 1500
5289.000 # 1500
5289.000 # 1500
5289.000 # 1500
5300.000 # 1500
5300.000 # 1500
5309.000 # 1500
5320.000 # 1500
5369.000 # 1500
5370.000 # 1500
5389.000 # 1500
5389.000 # 1500
5400.000 # 1500
5419.000 # 1500
5449.000 # 1500
5449.000 # 1500
5450.000 # 1500
5450.000 # 1500
5460.000 # 1500
5469.000 # 1500
5480.000 # 1500
5489.000 # 1500
5500.000 # 1500
5509.000 # 1500
5509.000 # 1500
5524.000 # 1500
5529.000 # 1500
5540.000 # 1500
5549.000 # 1500
5560.000 # 1500
5560.000 # 1500
5569.000 # 1500
5580.000 # 1500
5590.000 # 1500
5599.000 # 1500
5609.000 # 1500
5619.000 # 1500
5620.000 # 1500
5629.000 # 1500
5639.000 # 1500
5649.000 # 1500
5700.000 # 1500
5701.000 # 1500
5701.000 # 1500
5702.000 # 1500
5729.000 # 1500
5749.000 # 1500
5760.000 # 1500
5760.000 # 1500
5769.000 # 1500
5769.000 # 1500
5821.000 # 1500
5821.000 # 1500
5822.000 # 1500
5822.000 # 1500
5829.000 # 1500
5829.000 # 1500
5880.000 # 1500
5880.000 # 1500
5881.000 # 1500
5881.000 # 1500
5929.000 # 1500
5939.000 # 1500
5939.000 # 1500
5939.000 # 1500
5959.000 # 1500
5960.000 # 1500
5969.000 # 1500
5980.000 # 1500
5980.000 # 1500
5989.000 # 1500
6000.000 # 1500
6009.000 # 1500
6020.000 # 1500
6029.000 # 1500
6080.000 # 1500
6080.000 # 1500
6080.000 # 1500
6081.000 # 1500
6081.000 # 1500
6129.000 # 1500
6129.000 # 1500
6129.000 # 1500
6130.000 # 1500
6131.000 # 1500
6139.000 # 1500
6189.000 # 1500
6189.000 # 1500
6209.000 # 1500
6209.000 # 1500
6209.000 # 1500
6240.000 # 1500
6241.000 # 1500
6241.000 # 1500
6289.000 # 1500
6289.000 # 1500
6289.000 # 1500
6290.000 # 1500
6291.000 # 1500
6300.000 # 1500
6309.000 # 1500
6320.000 # 1500
6320.000 # 1500
6329.000 # 1500
6340.000 # 1500
6349.000 # 1500
6360.000 # 1500
6369.000 # 1500
6369.000 # 1500
6380.000 # 1500
6389.000 # 1500
6400.000 # 1500
6409.000 # 1500
6420.000 # 1500
6429.000 # 1500
6429.000 # 1500
6440.000 # 1500
6449.000 # 1500
6460.000 # 1500
6509.000 # 1500
6509.000 # 1500
6509.000 # 1500
6510.000 # 1500
6540.000 # 1500
6540.000 # 1500
6541.000 # 1500
6549.000 # 1500
6559.000 # 1500
6560.000 # 1500
6569.000 # 1500
6580.000 # 1500
6589.000 # 1500
6600.000 # 1500
6609.000 # 1500
6609.000 # 1500
6620.000 # 1500
6629.000 # 1500
6679.000 # 1500
6689.000 # 1500
6700.000 # 1500
6708.000 # 1500
6709.000 # 1500
6720.000 # 1500
6729.000 # 1500
6780.000 # 1500
6789.000 # 1500
6800.000 # 1500
6800.000 # 1500
6809.000 # 1500
6821.000 # 1500
6869.000 # 1500
6880.000 # 1500
6880.000 # 1500
6880.000 # 1500
6881.000 # 1500
6889.000 # 1500
6901.000 # 1500
6909.000 # 1500
6920.000 # 1500
6929.000 # 1500
6929.000 # 1500
6940.000 # 1500
6989.000 # 1500
7000.000 # 1500
7009.000 # 1500
7020.000 # 1500
7020.000 # 1500
7029.000 # 1500
7040.000 # 1500
7049.000 # 1500
7100.000 # 1500
7110.000 # 1500
7120.000 # 1500
7120.000 # 1500
7129.000 # 1500
7139.000 # 1500
7150.000 # 1500
7159.000 # 1500
7209.000 # 1500
7209.000 # 1500
7210.000 # 1500
7210.000 # 1500
7210.000 # 1500
7219.000 # 1500
7229.000 # 1500
7242.000 # 1500
7242.000 # 1500
7249.000 # 1500
7259.000 # 1500
7269.000 # 1500
7279.000 # 1500
7289.000 # 1500
7289.000 # 1500
7339.000 # 1500
7339.000 # 1500
7360.000 # 1500
7369.000 # 1500
7389.000 # 1500
7419.000 # 1500
7419.000 # 1500
7420.000 # 1500
7420.000 # 1500
7429.000 # 1500
7439.000 # 1500
7449.000 # 1500
7449.000 # 1500
7459.000 # 1500
7469.000 # 1500
7480.000 # 1500
7529.000 # 1500
7529.000 # 1500
7530.000 # 1500
7530.000 # 1500
7559.000 # 1500
7579.000 # 1500
7589.000 # 1500
7590.000 # 1500
7599.000 # 1500
7599.000 # 1500
7609.000 # 1500
7619.000 # 1500
7629.000 # 1500
7639.000 # 1500
7689.000 # 1500
7698.000 # 1500
7699.000 # 1500
7699.000 # 1500
7700.000 # 1500
7750.000 # 1500
7751.000 # 1500
7751.000 # 1500
7751.000 # 1500
7779.000 # 1500
7779.000 # 1500
7780.000 # 1500
7789.000 # 1500
7799.000 # 1500
7799.000 # 1500
7809.000 # 1500
7819.000 # 1500
7869.000 # 1500
7869.000 # 1500
7870.000 # 1500
7870.000 # 1500
7870.000 # 1500
7919.000 # 1500
7929.000 # 1500
7929.000 # 1500
7949.000 # 1500
7950.000 # 1500
7950.000 # 1500
7961.000 # 1500
7969.000 # 1500
7979.000 # 1500
7989.000 # 1500
8039.000 # 1500
8040.000 # 1500
8040.000 # 1500
8040.000 # 1500
8040.000 # 1500
8050.000 # 1500
8099.000 # 1500
8099.000 # 1500
8099.000 # 1500
8100.000 # 1500
8100.000 # 1500
8109.000 # 1500
8120.000 # 1500
8169.000 # 1500
8179.000 # 1500
8179.000 # 1500
8180.000 # 1500
8180.000 # 1500
8189.000 # 1500
8199.000 # 1500
8209.000 # 1500
8210.000 # 1500
8219.000 # 1500
8229.000 # 1500
8239.000 # 1500
8249.000 # 1500
8259.000 # 1500
8268.000 # 1500
8269.000 # 1500
8279.000 # 1500
8289.000 # 1500
8339.000 # 1500
8339.000 # 1500
8340.000 # 1500
8340.000 # 1500
8369.000 # 1500
8369.000 # 1500
8370.000 # 1500
8379.000 # 1500
8429.000 # 1500
8429.000 # 1500
8439.000 # 1500
8439.000 # 1500
8439.000 # 1500
8449.000 # 1500
8459.000 # 1500
8509.000 # 1500
8509.000 # 1500
8509.000 # 1500
8510.000 # 1500
8510.000 # 1500
8519.000 # 1500
8530.000 # 1500
8530.000 # 1500
8539.000 # 1500
8589.000 # 1500
8589.000 # 1500
8589.000 # 1500
8590.000 # 1500
8590.000 # 1500
8599.000 # 1500
8609.000 # 1500
8619.000 # 1500
8629.000 # 1500
8639.000 # 1500
8649.000 # 1500
8649.000 # 1500
8703.000 # 1500
8703.000 # 1500
8704.000 # 1500
8729.000 # 1500
8729.000 # 1500
8730.000 # 1500
8730.000 # 1500
8739.000 # 1500
8749.000 # 1500
8759.000 # 1500
8769.000 # 1500
8819.000 # 1500
8819.000 # 1500
8820.000 # 1500
8820.000 # 1500
8849.000 # 1500
8869.000 # 1500
8879.000 # 1500
8880.000 # 1500
8880.000 # 1500
8890.000 # 1500
8899.000 # 1500
8910.000 # 1500
8919.000 # 1500
8969.000 # 1500
8969.000 # 1500
8969.000 # 1500
8970.000 # 1500
8970.000 # 1500
8979.000 # 1500
9030.000 # 1500
9030.000 # 1500
9039.000 # 1500
9039.000 # 1500
9059.000 # 1500
9059.000 # 1500
9069.000 # 1500
9069.000 # 1500
9079.000 # 1500
9089.000 # 1500
9099.000 # 1500
9149.000 # 1500
9149.000 # 1500
9169.000 # 1500
9169.000 # 1500
9169.000 # 1500
9170.000 # 1500
9179.000 # 1500
9189.000 # 1500
9199.000 # 1500
9199.000 # 1500
9209.000 # 1500
9219.000 # 1500
9269.000 # 1500
9269.000 # 1500
9270.000 # 1500
9299.000 # 1500
9299.000 # 1500
9299.000 # 1500
9299.000 # 1500
9309.000 # 1500
9319.000 # 1500
9369.000 # 1500
9369.000 # 1500
9370.000 # 1500
9389.000 # 1500
9393.000 # 1500
9419.000 # 1500
9419.000 # 1500
9420.000 # 1500
9420.000 # 1500
9470.000 # 1500
9470.000 # 1500
9471.000 # 1500
9471.000 # 1500
9479.000 # 1500
9479.000 # 1500
9489.000 # 1500
9499.000 # 1500
9510.000 # 1500
9519.000 # 1500
9529.000 # 1500
9539.000 # 1500
9539.000 # 1500
9549.000 # 1500
9559.000 # 1500
9569.000 # 1500
9579.000 # 1500
9589.000 # 1500
9589.000 # 1500
9599.000 # 1500
9649.000 # 1500
9659.000 # 1500
9659.000 # 1500
9660.000 # 1500
9660.000 # 1500
9669.000 # 1500
9719.000 # 1500
9719.000 # 1500
9720.000 # 1500
9749.000 # 1500
9749.000 # 1500
9750.000 # 1500
9779.000 # 1500
9779.000 # 1500
9780.000 # 1500
9789.000 # 1500
9799.000 # 1500
9799.000 # 1500
9809.000 # 1500
9819.000 # 1500
9829.000 # 1500
9839.000 # 1500
9889.000 # 1500
9889.000 # 1500
9894.000 # 1500
9909.000 # 1500
9919.000 # 1500
9939.000 # 1500
9940.000 # 1500
9949.000 # 1500
9949.000 # 1500
9959.000 # 1500
9969.000 # 1500
9979.000 # 1500
9989.000 # 1500
9999.000 # 1500
9999.000 # 1500
10050.000 # 1500
10051.000 # 1500
10051.000 # 1500
10051.000 # 1500
10059.000 # 1500
10069.000 # 1500
10069.000 # 1500
10079.000 # 1500
10090.000 # 1500
10139.000 # 1500
10139.000 # 1500
10140.000 # 1500
10140.000 # 1500
10169.000 # 1500
10189.000 # 1500
10189.000 # 1500
10191.000 # 1500
10199.000 # 1500
10209.000 # 1500
10209.000 # 1500
10219.000 # 1500
10229.000 # 1500
10279.000 # 1500
10290.000 # 1500
10291.000 # 1500
10291.000 # 1500
10291.000 # 1500
10339.000 # 1500
10339.000 # 1500
10340.000 # 1500
10341.000 # 1500
10349.000 # 1500
10349.000 # 1500
10359.000 # 1500
10369.000 # 1500
10379.000 # 1500
10389.000 # 1500
10399.000 # 1500
10399.000 # 1500
10409.000 # 1500
10420.000 # 1500
10430.000 # 1500
10439.000 # 1500
10449.000 # 1500
10459.000 # 1500
10459.000 # 1500
10509.000 # 1500
10509.000 # 1500
10529.000 # 1500
10539.000 # 1500
10559.000 # 1500
10559.000 # 1500
10589.000 # 1500
10589.000 # 1500
10619.000 # 1500
10619.000 # 1500
10620.000 # 1500
10620.000 # 1500
10629.000 # 1500
10639.000 # 1500
10653.000 # 1500
10659.000 # 1500
10669.000 # 1500
10679.000 # 1500
10679.000 # 1500
10689.000 # 1500
10699.000 # 1500
10709.000 # 1500
10720.000 # 1500
10729.000 # 1500
10739.000 # 1500
10739.000 # 1500
10749.000 # 1500
10759.000 # 1500
10769.000 # 1500
10819.000 # 1500
10829.000 # 1500
10829.000 # 1500
10840.000 # 1500
10840.000 # 1500
10889.000 # 1500
10899.000 # 1500
10909.000 # 1500
10909.000 # 1500
10910.000 # 1500
10919.000 # 1500
10929.000 # 1500
10939.000 # 1500
10949.000 # 1500
10999.000 # 1500
10999.000 # 1500
10999.000 # 1500
11000.000 # 1500
11029.000 # 1500
11049.000 # 1500
11049.000 # 1500
11049.000 # 1500
11050.000 # 1500
11059.000 # 1500
11069.000 # 1500
11079.000 # 1500
11129.000 # 1500
11130.000 # 1500
11130.000 # 1500
11130.000 # 1500
11130.000 # 1500
11140.000 # 1500
11149.000 # 1500
11159.000 # 1500
11160.000 # 1500
11169.000 # 1500
11179.000 # 1500
11189.000 # 1500
11199.000 # 1500
11209.000 # 1500
11209.000 # 1500
11223.000 # 1500
11229.000 # 1500
11279.000 # 1500
11289.000 # 1500
11289.000 # 1500
11309.000 # 1500
11309.000 # 1500
11310.000 # 1500
11319.000 # 1500
11329.000 # 1500
11339.000 # 1500
11349.000 # 1500
11349.000 # 1500
11359.000 # 1500
11369.000 # 1500
11420.000 # 1500
11420.000 # 1500
11421.000 # 1500
11449.000 # 1500
11449.000 # 1500
11469.000 # 1500
11469.000 # 1500
11471.000 # 1500
11479.000 # 1500
11529.000 # 1500
11529.000 # 1500
11529.000 # 1500
11549.000 # 1500
11549.000 # 1500
11549.000 # 1500
11559.000 # 1500
11569.000 # 1500
11569.000 # 1500
11579.000 # 1500
11589.000 # 1500
11599.000 # 1500
11649.000 # 1500
11649.000 # 1500
11650.000 # 1500
11650.000 # 1500
11650.000 # 1500
11659.000 # 1500
11669.000 # 1500
11679.000 # 1500
11688.000 # 1500
11689.000 # 1500
11699.000 # 1500
11709.000 # 1500
11719.000 # 1500
11729.000 # 1500
11779.000 # 1500
11779.000 # 1500
11789.000 # 1500
11789.000 # 1500
11809.000 # 1500
11814.000 # 1500
11859.000 # 1500
11859.000 # 1500
11869.000 # 1500
11869.000 # 1500
11870.000 # 1500
11880.000 # 1500
11889.000 # 1500
11899.000 # 1500
11899.000 # 1500
11909.000 # 1500
11959.000 # 1500
11959.000 # 1500
11960.000 # 1500
11989.000 # 1500
11989.000 # 1500
12010.000 # 1500
12010.000 # 1500
12011.000 # 1500
12059.000 # 1500
12069.000 # 1500
12069.000 # 1500
12069.000 # 1500
12070.000 # 1500
12079.000 # 1500
12089.000 # 1500
12139.000 # 1500
12139.000 # 1500
12140.000 # 1500
12140.000 # 1500
12140.000 # 1500
12149.000 # 1500
12159.000 # 1500
12169.000 # 1500
12179.000 # 1500
12179.000 # 1500
12189.000 # 1500
12199.000 # 1500
12209.000 # 1500
12219.000 # 1500
12229.000 # 1500
12229.000 # 1500
12239.000 # 1500
12249.000 # 1500
12259.000 # 1500
12309.000 # 1500
12310.000 # 1500
12310.000 # 1500
12310.000 # 1500
12315.000 # 1500
12319.000 # 1500
12369.000 # 1500
12369.000 # 1500
12370.000 # 1500
12370.000 # 1500
12399.000 # 1500
12420.000 # 1500
12420.000 # 1500
12449.000 # 1500
12469.000 # 1500
12469.000 # 1500
12479.000 # 1500
12481.000 # 1500
12489.000 # 1500
12499.000 # 1500
12509.000 # 1500
12519.000 # 1500
12519.000 # 1500
12529.000 # 1500
12539.000 # 1500
12549.000 # 1500
12559.000 # 1500
12609.000 # 1500
12609.000 # 1500
12609.000 # 1500
12610.000 # 1500
12610.000 # 1500
12619.000 # 1500
12629.000 # 1500
12639.000 # 1500
12639.000 # 1500
12649.000 # 1500
12659.000 # 1500
12669.000 # 1500
12719.000 # 1500
12720.000 # 1500
12720.000 # 1500
12720.000 # 1500
12749.000 # 1500
12769.000 # 1500
12769.000 # 1500
12770.000 # 1500
12770.000 # 1500
12779.000 # 1500
12789.000 # 1500
12799.000 # 1500
12809.000 # 1500
12823.000 # 1500
12829.000 # 1500
12829.000 # 1500
12839.000 # 1500
12849.000 # 1500
12859.000 # 1500
12909.000 # 1500
12909.000 # 1500
12909.000 # 1500
12911.000 # 1500
12939.000 # 1500
12939.000 # 1500
12969.000 # 1500
12969.000 # 1500
12970.000 # 1500
12970.000 # 1500
12980.000 # 1500
12989.000 # 1500
12999.000 # 1500
13009.000 # 1500
13019.000 # 1500
13019.000 # 1500
13029.000 # 1500
13039.000 # 1500
13049.000 # 1500
13059.000 # 1500
13069.000 # 1500
13079.000 # 1500
13079.000 # 1500
13089.000 # 1500
13140.000 # 1500
13149.000 # 1500
13149.000 # 1500
13169.000 # 1500
13169.000 # 1500
13199.000 # 1500
13219.000 # 1500
13219.000 # 1500
13249.000 # 1500
13269.000 # 1500
13269.000 # 1500
13269.000 # 1500
13270.000 # 1500
13279.000 # 1500
13293.000 # 1500
13299.000 # 1500
13309.000 # 1500
13309.000 # 1500
13359.000 # 1500
13360.000 # 1500
13360.000 # 1500
13361.000 # 1500
13370.000 # 1500
13370.000 # 1500
13379.000 # 1500
13429.000 # 1500
13439.000 # 1500
13439.000 # 1500
13440.000 # 1500
13490.000 # 1500
13490.000 # 1500
13491.000 # 1500
13491.000 # 1500
13491.000 # 1500
13539.000 # 1500
13540.000 # 1500
13540.000 # 1500
13540.000 # 1500
13540.000 # 1500
13549.000 # 1500
13559.000 # 1500
13568.000 # 1500
13579.000 # 1500
13589.000 # 1500
13598.000 # 1500
13608.000 # 1500
13618.000 # 1500
13628.000 # 1500
13639.000 # 1500
13639.000 # 1500
13649.000 # 1500
13659.000 # 1500
13709.000 # 1500
13709.000 # 1500
13729.000 # 1500
13729.000 # 1500
13739.000 # 1500
13759.000 # 1500
13759.000 # 1500
13769.000 # 1500
13783.000 # 1500
13789.000 # 1500
13789.000 # 1500
13799.000 # 1500
13809.000 # 1500
13819.000 # 1500
13869.000 # 1500
13869.000 # 1500
13869.000 # 1500
13871.000 # 1500
13871.000 # 1500
13919.000 # 1500
13929.000 # 1500
13929.000 # 1500
13930.000 # 1500
13930.000 # 1500
13940.000 # 1500
13949.000 # 1500
13959.000 # 1500
13969.000 # 1500
13979.000 # 1500
13979.000 # 1500
13989.000 # 1500
14039.000 # 1500
14039.000 # 1500
14040.000 # 1500
14040.000 # 1500
14089.000 # 1500
14089.000 # 1500
14089.000 # 1500
14090.000 # 1500
14090.000 # 1500
14099.000 # 1500
14109.000 # 1500
14109.000 # 1500
14119.000 # 1500
14129.000 # 1500
14139.000 # 1500
14149.000 # 1500
14159.000 # 1500
14159.000 # 1500
14209.000 # 1500
14209.000 # 1500
14209.000 # 1500
14210.000 # 1500
14219.000 # 1500
14229.000 # 1500
14229.000 # 1500
14239.000 # 1500
14249.000 # 1500
14259.000 # 1500
14269.000 # 1500
14279.000 # 1500
14280.000 # 1500
14329.000 # 1500
14333.000 # 1500
14334.000 # 1500
14334.000 # 1500
14379.000 # 1500
14389.000 # 1500
14389.000 # 1500
14399.000 # 1500
14399.000 # 1500
14410.000 # 1500
14459.000 # 1500
14460.000 # 1500
14460.000 # 1500
14479.000 # 1500
14489.000 # 1500
14509.000 # 1500
14510.000 # 1500
14519.000 # 1500
14529.000 # 1500
14529.000 # 1500
14539.000 # 1500
14549.000 # 1500
14559.000 # 1500
14609.000 # 1500
14610.000 # 1500
14610.000 # 1500
14610.000 # 1500
14611.000 # 1500
14619.000 # 1500
14669.000 # 1500
14669.000 # 1500
14669.000 # 1500
14670.000 # 1500
14670.000 # 1500
14679.000 # 1500
14689.000 # 1500
14699.000 # 1500
14709.000 # 1500
14709.000 # 1500
14719.000 # 1500
14729.000 # 1500
14739.000 # 1500
14749.000 # 1500
14759.000 # 1500
14760.000 # 1500
14809.000 # 1500
14819.000 # 1500
14819.000 # 1500
14839.000 # 1500
14840.000 # 1500
14848.000 # 1500
14849.000 # 1500
14859.000 # 1500
14873.000 # 1500
14879.000 # 1500
14889.000 # 1500
14899.000 # 1500
14899.000 # 1500
14909.000 # 1500
14919.000 # 1500
14929.000 # 1500
14939.000 # 1500
14949.000 # 1500
14959.000 # 1500
14959.000 # 1500
15009.000 # 1500
15019.000 # 1500
15029.000 # 1500
15029.000 # 1500
15040.000 # 1500
15040.000 # 1500
15049.000 # 1500
15099.000 # 1500
15099.000 # 1500
15119.000 # 1500
15129.000 # 1500
15129.000 # 1500
15149.000 # 1500
15180.000 # 1500
15180.000 # 1500
15181.000 # 1500
15189.000 # 1500
15199.000 # 1500
15199.000 # 1500
15209.000 # 1500
15220.000 # 1500
15229.000 # 1500
15239.000 # 1500
15289.000 # 1500
15289.000 # 1500
15299.000 # 1500
15309.000 # 1500
15309.000 # 1500
15359.000 # 1500
15359.000 # 1500
15360.000 # 1500
15360.000 # 1500
15360.000 # 1500
15369.000 # 1500
15419.000 # 1500
15419.000 # 1500
15420.000 # 1500
15420.000 # 1500
15420.000 # 1500
15469.000 # 1500
15469.000 # 1500
15470.000 # 1500
15470.000 # 1500
15470.000 # 1500
15479.000 # 1500
15493.000 # 1500
15499.000 # 1500
15509.000 # 1500
15519.000 # 1500
15529.000 # 1500
15529.000 # 1500
15539.000 # 1500
15549.000 # 1500
15560.000 # 1500
15569.000 # 1500
15579.000 # 1500
15579.000 # 1500
15589.000 # 1500
15599.000 # 1500
15649.000 # 1500
15659.000 # 1500
15669.000 # 1500
15680.000 # 1500
15680.000 # 1500
15689.000 # 1500
15699.000 # 1500
15709.000 # 1500
15720.000 # 1500
15729.000 # 1500
15738.000 # 1500
15739.000 # 1500
15749.000 # 1500
15759.000 # 1500
15769.000 # 1500
15819.000 # 1500
15829.000 # 1500
15829.000 # 1500
15839.000 # 1500
15849.000 # 1500
15900.000 # 1500
15900.000 # 1500
15900.000 # 1500
15900.000 # 1500
15903.000 # 1500
15910.000 # 1500
15919.000 # 1500
15969.000 # 1500
15969.000 # 1500
15989.000 # 1500
15989.000 # 1500
15999.000 # 1500
16019.000 # 1500
16019.000 # 1500
16029.000 # 1500
16039.000 # 1500
16039.000 # 1500
16049.000 # 1500
16059.000 # 1500
16069.000 # 1500
16079.000 # 1500
16129.000 # 1500
16129.000 # 1500
16129.000 # 1500
16149.000 # 1500
16163.000 # 1500
16163.000 # 1500
16209.000 # 1500
16219.000 # 1500
16220.000 # 1500
16220.000 # 1500
16221.000 # 1500
16229.000 # 1500
16239.000 # 1500
16249.000 # 1500
16249.000 # 1500
16259.000 # 1500
16269.000 # 1500
16279.000 # 1500
16289.000 # 1500
16299.000 # 1500
16309.000 # 1500
16309.000 # 1500
16319.000 # 1500
16369.000 # 1500
16369.000 # 1500
16370.000 # 1500
16370.000 # 1500
16370.000 # 1500
16419.000 # 1500
16419.000 # 1500
16420.000 # 1500
16420.000 # 1500
16429.000 # 1500
16439.000 # 1500
16439.000 # 1500
16449.000 # 1500
16459.000 # 1500
16469.000 # 1500
16479.000 # 1500
16489.000 # 1500
16489.000 # 1500
16501.000 # 1500
16511.000 # 1500
16559.000 # 1500
16569.000 # 1500
16569.000 # 1500
16569.000 # 1500
16589.000 # 1500
16594.000 # 1500
16599.000 # 1500
16609.000 # 1500
16659.000 # 1500
16669.000 # 1500
16669.000 # 1500
16670.000 # 1500
16671.000 # 1500
16719.000 # 1500
16719.000 # 1500
16720.000 # 1500
16720.000 # 1500
16749.000 # 1500
16751.000 # 1500
16751.000 # 1500
16760.000 # 1500
16769.000 # 1500
16820.000 # 1500
16820.000 # 1500
16821.000 # 1500
16821.000 # 1500
16823.000 # 1500
16829.000 # 1500
16840.000 # 1500
16840.000 # 1500
16889.000 # 1500
16889.000 # 1500
16890.000 # 1500
16919.000 # 1500
16919.000 # 1500
16920.000 # 1500
16920.000 # 1500
16969.000 # 1500
16979.000 # 1500
16979.000 # 1500
16980.000 # 1500
17029.000 # 1500
17029.000 # 1500
17029.000 # 1500
17030.000 # 1500
17030.000 # 1500
17039.000 # 1500
17049.000 # 1500
17049.000 # 1500
17059.000 # 1500
17069.000 # 1500
17079.000 # 1500
17089.000 # 1500
17099.000 # 1500
17109.000 # 1500
17109.000 # 1500
17119.000 # 1500
17129.000 # 1500
17139.000 # 1500
17149.000 # 1500
17163.000 # 1500
17163.000 # 1500
17209.000 # 1500
17209.000 # 1500
17210.000 # 1500
17210.000 # 1500
17259.000 # 1500
17270.000 # 1500
17270.000 # 1500
17279.000 # 1500
17279.000 # 1500
17289.000 # 1500
17299.000 # 1500
17310.000 # 1500
17310.000 # 1500
17319.000 # 1500
17329.000 # 1500
17339.000 # 1500
17349.000 # 1500
17359.000 # 1500
17369.000 # 1500
17369.000 # 1500
17379.000 # 1500
17390.000 # 1500
17399.000 # 1500
17409.000 # 1500
17419.000 # 1500
17419.000 # 1500
17429.000 # 1500
17439.000 # 1500
17490.000 # 1500
17490.000 # 1500
17509.000 # 1500
17519.000 # 1500
17519.000 # 1500
17519.000 # 1500
17569.000 # 1500
17579.000 # 1500
17589.000 # 1500
17590.000 # 1500
17590.000 # 1500
17639.000 # 1500
17649.000 # 1500
17659.000 # 1500
17659.000 # 1500
17709.000 # 1500
17709.000 # 1500
17719.000 # 1500
17729.000 # 1500
17739.000 # 1500
17753.000 # 1500
17759.000 # 1500
17769.000 # 1500
17769.000 # 1500
17779.000 # 1500
17789.000 # 1500
17799.000 # 1500
17809.000 # 1500
17819.000 # 1500
17819.000 # 1500
17870.000 # 1500
17880.000 # 1500
17881.000 # 1500
17899.000 # 1500
17899.000 # 1500
17910.000 # 1500
17910.000 # 1500
17919.000 # 1500
17929.000 # 1500
17939.000 # 1500
17949.000 # 1500
17999.000 # 1500
17999.000 # 1500
18009.000 # 1500
18019.000 # 1500
18029.000 # 1500
18039.000 # 1500
18049.000 # 1500
18059.000 # 1500
18059.000 # 1500
18069.000 # 1500
18079.000 # 1500
18089.000 # 1500
18099.000 # 1500
18109.000 # 1500
18109.000 # 1500
18119.000 # 1500
18169.000 # 1500
18179.000 # 1500
18179.000 # 1500
18199.000 # 1500
18199.000 # 1500
18200.000 # 1500
18249.000 # 1500
18254.000 # 1500
18254.000 # 1500
18254.000 # 1500
18259.000 # 1500
18259.000 # 1500
18310.000 # 1500
18310.000 # 1500
18311.000 # 1500
18311.000 # 1500
18359.000 # 1500
18359.000 # 1500
18360.000 # 1500
18360.000 # 1500
18360.000 # 1500
18370.000 # 1500
18419.000 # 1500
18420.000 # 1500
18420.000 # 1500
18420.000 # 1500
18421.000 # 1500
18470.000 # 1500
18470.000 # 1500
18471.000 # 1500
18471.000 # 1500
18471.000 # 1500
18481.000 # 1500
18489.000 # 1500
18499.000 # 1500
18509.000 # 1500
18519.000 # 1500
18519.000 # 1500
18570.000 # 1500
18570.000 # 1500
18571.000 # 1500
18571.000 # 1500
18619.000 # 1500
18619.000 # 1500
18629.000 # 1500
18629.000 # 1500
18629.000 # 1500
18643.000 # 1500
18651.000 # 1500
18659.000 # 1500
18659.000 # 1500
18669.000 # 1500
18679.000 # 1500
18690.000 # 1500
18699.000 # 1500
18709.000 # 1500
18709.000 # 1500
18720.000 # 1500
18729.000 # 1500
18739.000 # 1500
18749.000 # 1500
18759.000 # 1500
18759.000 # 1500
18769.000 # 1500
18779.000 # 1500
18789.000 # 1500
18800.000 # 1500
18809.000 # 1500
18859.000 # 1500
18859.000 # 1500
18859.000 # 1500
18879.000 # 1500
18889.000 # 1500
18909.000 # 1500
18910.000 # 1500
18910.000 # 1500
18919.000 # 1500
18929.000 # 1500
18979.000 # 1500
18979.000 # 1500
18980.000 # 1500
18981.000 # 1500
18981.000 # 1500
19029.000 # 1500
19039.000 # 1500
19049.000 # 1500
19049.000 # 1500
19059.000 # 1500
19060.000 # 1500
19069.000 # 1500
19079.000 # 1500
19129.000 # 1500
19129.000 # 1500
19130.000 # 1500
19130.000 # 1500
19130.000 # 1500
19143.000 # 1500
19149.000 # 1500
19159.000 # 1500
19169.000 # 1500
19179.000 # 1500
19179.000 # 1500
19189.000 # 1500
19199.000 # 1500
19209.000 # 1500
19220.000 # 1500
19229.000 # 1500
19239.000 # 1500
19239.000 # 1500
19249.000 # 1500
19299.000 # 1500
19299.000 # 1500
19319.000 # 1500
19331.000 # 1500
19331.000 # 1500
19350.000 # 1500
19350.000 # 1500
19399.000 # 1500
19399.000 # 1500
19401.000 # 1500
19429.000 # 1500
19429.000 # 1500
19429.000 # 1500
19459.000 # 1500
19459.000 # 1500
19460.000 # 1500
19469.000 # 1500
19469.000 # 1500
19479.000 # 1500
19489.000 # 1500
19499.000 # 1500
19511.000 # 1500
19521.000 # 1500
19521.000 # 1500
19529.000 # 1500
19539.000 # 1500
19549.000 # 1500
19559.000 # 1500
19569.000 # 1500
19580.000 # 1500
19580.000 # 1500
19589.000 # 1500
19600.000 # 1500
19609.000 # 1500
19619.000 # 1500
19629.000 # 1500
19629.000 # 1500
19679.000 # 1500
19689.000 # 1500
19699.000 # 1500
19709.000 # 1500
19721.000 # 1500
19729.000 # 1500
19729.000 # 1500
19739.000 # 1500
19789.000 # 1500
19789.000 # 1500
19789.000 # 1500
19790.000 # 1500
19790.000 # 1500
19842.000 # 1500
19849.000 # 1500
19849.000 # 1500
19869.000 # 1500
19870.000 # 1500
19879.000 # 1500
19879.000 # 1500
19891.000 # 1500
19900.000 # 1500
19951.000 # 1500
19953.000 # 1500
19953.000 # 1500
19953.000 # 1500
19953.000 # 1500
19999.000 # 1500
20001.000 # 1500
20019.000 # 1500
20020.000 # 1500
20020.000 # 1500
20020.000 # 1500
20029.000 # 1500
20039.000 # 1500
20049.000 # 1500
20059.000 # 1500
20069.000 # 1500
20069.000 # 1500
20079.000 # 1500
20089.000 # 1500
20099.000 # 1500
20149.000 # 1500
20161.000 # 1500
20169.000 # 1500
20169.000 # 1500
20179.000 # 1500
20189.000 # 1500
20200.000 # 1500
20209.000 # 1500
20259.000 # 1500
20259.000 # 1500
20260.000 # 1500
20260.000 # 1500
20260.000 # 1500
20269.000 # 1500
20279.000 # 1500
20279.000 # 1500
20330.000 # 1500
20340.000 # 1500
20349.000 # 1500
20349.000 # 1500
20399.000 # 1500
20409.000 # 1500
20409.000 # 1500
20409.000 # 1500
20410.000 # 1500
20419.000 # 1500
20429.000 # 1500
20439.000 # 1500
20439.000 # 1500
20449.000 # 1500
20499.000 # 1500
20500.000 # 1500
20504.000 # 1500
20506.000 # 1500
20510.000 # 1500
20510.000 # 1500
20519.000 # 1500
20529.000 # 1500
20539.000 # 1500
20549.000 # 1500
20560.000 # 1500
20560.000 # 1500
20569.000 # 1500
20580.000 # 1500
20589.000 # 1500
20600.000 # 1500
20649.000 # 1500
20649.000 # 1500
20649.000 # 1500
20669.000 # 1500
20670.000 # 1500
20699.000 # 1500
20719.000 # 1500
20720.000 # 1500
20720.000 # 1500
20720.000 # 1500
20729.000 # 1500
20739.000 # 1500
20749.000 # 1500
20759.000 # 1500
20759.000 # 1500
20769.000 # 1500
20819.000 # 1500
20819.000 # 1500
20820.000 # 1500
20820.000 # 1500
20869.000 # 1500
20869.000 # 1500
20869.000 # 1500
20870.000 # 1500
20870.000 # 1500
20879.000 # 1500
20889.000 # 1500
20889.000 # 1500
20899.000 # 1500
20949.000 # 1500
20960.000 # 1500
20961.000 # 1500
20964.000 # 1500
20969.000 # 1500
20969.000 # 1500
20979.000 # 1500
20989.000 # 1500
21039.000 # 1500
21040.000 # 1500
21041.000 # 1500
21041.000 # 1500
21041.000 # 1500
21049.000 # 1500
21059.000 # 1500
21069.000 # 1500
21079.000 # 1500
21090.000 # 1500
21090.000 # 1500
21099.000 # 1500
21109.000 # 1500
21119.000 # 1500
21129.000 # 1500
21139.000 # 1500
21139.000 # 1500
21149.000 # 1500
21159.000 # 1500
21210.000 # 1500
21219.000 # 1500
21229.000 # 1500
21239.000 # 1500
21239.000 # 1500
21290.000 # 1500
21290.000 # 1500
21291.000 # 1500
21291.000 # 1500
21339.000 # 1500
21339.000 # 1500
21339.000 # 1500
21340.000 # 1500
21341.000 # 1500
21349.000 # 1500
21359.000 # 1500
21369.000 # 1500
21369.000 # 1500
21419.000 # 1500
21429.000 # 1500
21429.000 # 1500
21430.000 # 1500
21439.000 # 1500
21439.000 # 1500
21449.000 # 1500
21459.000 # 1500
21471.000 # 1500
21480.000 # 1500
21489.000 # 1500
21499.000 # 1500
21499.000 # 1500
21509.000 # 1500
21519.000 # 1500
21529.000 # 1500
21539.000 # 1500
21589.000 # 1500
21589.000 # 1500
21589.000 # 1500
21609.000 # 1500
21609.000 # 1500
21609.000 # 1500
21619.000 # 1500
21619.000 # 1500
21669.000 # 1500
21679.000 # 1500
21689.000 # 1500
21699.000 # 1500
21709.000 # 1500
21719.000 # 1500
21719.000 # 1500
21729.000 # 1500
21739.000 # 1500
21749.000 # 1500
21759.000 # 1500
21769.000 # 1500
21769.000 # 1500
21779.000 # 1500
21789.000 # 1500
21800.000 # 1500
21809.000 # 1500
21819.000 # 1500
21828.000 # 1500
21829.000 # 1500
21850.000 # 1500
21859.000 # 1500
21869.000 # 1500
21919.000 # 1500
21919.000 # 1500
21929.000 # 1500
21939.000 # 1500
21949.000 # 1500
21999.000 # 1500
22009.000 # 1500
22009.000 # 1500
22019.000 # 1500
22029.000 # 1500
22039.000 # 1500
22049.000 # 1500
22059.000 # 1500
22109.000 # 1500
22109.000 # 1500
22110.000 # 1500
22110.000 # 1500
22110.000 # 1500
22159.000 # 1500
22160.000 # 1500
22160.000 # 1500
22160.000 # 1500
22189.000 # 1500
22189.000 # 1500
22189.000 # 1500
22199.000 # 1500
22199.000 # 1500
22249.000 # 1500
22259.000 # 1500
22260.000 # 1500
22279.000 # 1500
22279.000 # 1500
22289.000 # 1500
22289.000 # 1500
22299.000 # 1500
22309.000 # 1500
22319.000 # 1500
22330.000 # 1500
22341.000 # 1500
22341.000 # 1500
22349.000 # 1500
22359.000 # 1500
22369.000 # 1500
22379.000 # 1500
22389.000 # 1500
22399.000 # 1500
22399.000 # 1500
22409.000 # 1500
22459.000 # 1500
22469.000 # 1500
22469.000 # 1500
22489.000 # 1500
22489.000 # 1500
22519.000 # 1500
22519.000 # 1500
22520.000 # 1500
22529.000 # 1500
22539.000 # 1500
22539.000 # 1500
22549.000 # 1500
22559.000 # 1500
22569.000 # 1500
22619.000 # 1500
22629.000 # 1500
22639.000 # 1500
22639.000 # 1500
22639.000 # 1500
22649.000 # 1500
22659.000 # 1500
22709.000 # 1500
22709.000 # 1500
22709.000 # 1500
22710.000 # 1500
22710.000 # 1500
22759.000 # 1500
22769.000 # 1500
22770.000 # 1500
22770.000 # 1500
22770.000 # 1500
22779.000 # 1500
22789.000 # 1500
22799.000 # 1500
22809.000 # 1500
22819.000 # 1500
22819.000 # 1500
22829.000 # 1500
22839.000 # 1500
22849.000 # 1500
22899.000 # 1500
22909.000 # 1500
22909.000 # 1500
22909.000 # 1500
22910.000 # 1500
22919.000 # 1500
22929.000 # 1500
22939.000 # 1500
22949.000 # 1500
22949.000 # 1500
22959.000 # 1500
23009.000 # 1500
23009.000 # 1500
23029.000 # 1500
23029.000 # 1500
23029.000 # 1500
23059.000 # 1500
23079.000 # 1500
23089.000 # 1500
23109.000 # 1500
23109.000 # 1500
23110.000 # 1500
23119.000 # 1500
23129.000 # 1500
23139.000 # 1500
23149.000 # 1500
23159.000 # 1500
23209.000 # 1500
23209.000 # 1500
23219.000 # 1500
23219.000 # 1500
23220.000 # 1500
23229.000 # 1500
23239.000 # 1500
23239.000 # 1500
23249.000 # 1500
23259.000 # 1500
23269.000 # 1500
23279.000 # 1500
23289.000 # 1500
23289.000 # 1500
23299.000 # 1500
23309.000 # 1500
23359.000 # 1500
23359.000 # 1500
23360.000 # 1500
23360.000 # 1500
23360.000 # 1500
24207.000 # 1500
25186.000 # 1500
26186.000 # 1500
27197.000 # 1500
28127.000 # 1500
28147.000 # 1500
28207.000 # 1500
28227.000 # 1500
28238.000 # 1500
28298.000 # 1500
28317.000 # 1500
28368.000 # 1500
28368.000 # 1500
28369.000 # 1500
28378.000 # 1500
28389.000 # 1500
28399.000 # 1500
28399.000 # 1500
28449.000 # 1500
28459.000 # 1500
28469.000 # 1500
28469.000 # 1500
28479.000 # 1500
28529.000 # 1500
28529.000 # 1500
28529.000 # 1500
28549.000 # 1500
28559.000 # 1500
28559.000 # 1500
28609.000 # 1500
28609.000 # 1500
28619.000 # 1500
28619.000 # 1500
28620.000 # 1500
28629.000 # 1500
28639.000 # 1500
28639.000 # 1500
28649.000 # 1500
28659.000 # 1500
28709.000 # 1500
28709.000 # 1500
28710.000 # 1500
28711.000 # 1500
28711.000 # 1500
28719.000 # 1500
28729.000 # 1500
28739.000 # 1500
28749.000 # 1500
28759.000 # 1500
28759.000 # 1500
28769.000 # 1500
28819.000 # 1500
28819.000 # 1500
28820.000 # 1500
28820.000 # 1500
28869.000 # 1500
28869.000 # 1500
28869.000 # 1500
28870.000 # 1500
28870.000 # 1500
28879.000 # 1500
28889.000 # 1500
28889.000 # 1500
28899.000 # 1500
28909.000 # 1500
28919.000 # 1500
28929.000 # 1500
28939.000 # 1500
28939.000 # 1500
28949.000 # 1500
28999.000 # 1500
28999.000 # 1500
29019.000 # 1500
29029.000 # 1500
29029.000 # 1500
29030.000 # 1500
29039.000 # 1500
29049.000 # 1500
29099.000 # 1500
29099.000 # 1500
29100.000 # 1500
29100.000 # 1500
29129.000 # 1500
29129.000 # 1500
29129.000 # 1500
29139.000 # 1500
29149.000 # 1500
29150.000 # 1500
29199.000 # 1500
29199.000 # 1500
29200.000 # 1500
29229.000 # 1500
29249.000 # 1500
29259.000 # 1500
29259.000 # 1500
29259.000 # 1500
29269.000 # 1500
29279.000 # 1500
29289.000 # 1500
29299.000 # 1500
29299.000 # 1500
29309.000 # 1500
29319.000 # 1500
29329.000 # 1500
29339.000 # 1500
29349.000 # 1500
29359.000 # 1500
29359.000 # 1500
29409.000 # 1500
29409.000 # 1500
29409.000 # 1500
29410.000 # 1500
29419.000 # 1500
29419.000 # 1500
29469.000 # 1500
29469.000 # 1500
29489.000 # 1500
29489.000 # 1500
29519.000 # 1500
29519.000 # 1500
29539.000 # 1500
29539.000 # 1500
29540.000 # 1500
29549.000 # 1500
29559.000 # 1500
29569.000 # 1500
29569.000 # 1500
29579.000 # 1500
29589.000 # 1500
29599.000 # 1500
29609.000 # 1500
29619.000 # 1500
29619.000 # 1500
29629.000 # 1500
29639.000 # 1500
29649.000 # 1500
29699.000 # 1500
29709.000 # 1500
29709.000 # 1500
29719.000 # 1500
29719.000 # 1500
29729.000 # 1500
29739.000 # 1500
29749.000 # 1500
29759.000 # 1500
29759.000 # 1500
29809.000 # 1500
29819.000 # 1500
29829.000 # 1500
29839.000 # 1500
29849.000 # 1500
29849.000 # 1500
29859.000 # 1500
29869.000 # 1500
29879.000 # 1500
29889.000 # 1500
29899.000 # 1500
29909.000 # 1500
29909.000 # 1500
29959.000 # 1500
29969.000 # 1500
29979.000 # 1500
29980.000 # 1500
29989.000 # 1500
29989.000 # 1500
29999.000 # 1500
30009.000 # 1500
30019.000 # 1500
30029.000 # 1500
30039.000 # 1500
30039.000 # 1500
30049.000 # 1500
30059.000 # 1500
30109.000 # 1500
30119.000 # 1500
30119.000 # 1500
30119.000 # 1500
30128.000 # 1500
30179.000 # 1500
30189.000 # 1500
30199.000 # 1500
30199.000 # 1500
30209.000 # 1500
30219.000 # 1500
30229.000 # 1500
30239.000 # 1500
30249.000 # 1500
30298.000 # 1500
30308.000 # 1500
30308.000 # 1500
30318.000 # 1500
30319.000 # 1500
30328.000 # 1500
30339.000 # 1500
30348.000 # 1500
30399.000 # 1500
30408.000 # 1500
30419.000 # 1500
30428.000 # 1500
30479.000 # 1500
30479.000 # 1500
30480.000 # 1500
30509.000 # 1500
30510.000 # 1500
30510.000 # 1500
30510.000 # 1500
30519.000 # 1500
30529.000 # 1500
30539.000 # 1500
30549.000 # 1500
30549.000 # 1500
30559.000 # 1500
30569.000 # 1500
30579.000 # 1500
30589.000 # 1500
30639.000 # 1500
30649.000 # 1500
30649.000 # 1500
30659.000 # 1500
30669.000 # 1500
30679.000 # 1500
30688.000 # 1500
30699.000 # 1500
30708.000 # 1500
30719.000 # 1500
30728.000 # 1500
30739.000 # 1500
30748.000 # 1500
30758.000 # 1500
30809.000 # 1500
30819.000 # 1500
30819.000 # 1500
30829.000 # 1500
30839.000 # 1500
30889.000 # 1500
30889.000 # 1500
30890.000 # 1500
30890.000 # 1500
30890.000 # 1500
30899.000 # 1500
30909.000 # 1500
30919.000 # 1500
30929.000 # 1500
30940.000 # 1500
30940.000 # 1500
30949.000 # 1500
30959.000 # 1500
30969.000 # 1500
31019.000 # 1500
31029.000 # 1500
31029.000 # 1500
31029.000 # 1500
31049.000 # 1500
31049.000 # 1500
31059.000 # 1500
31069.000 # 1500
31119.000 # 1500
31119.000 # 1500
31119.000 # 1500
31120.000 # 1500
31149.000 # 1500
31149.000 # 1500
31179.000 # 1500
31179.000 # 1500
31180.000 # 1500
31180.000 # 1500
31189.000 # 1500
31199.000 # 1500
31209.000 # 1500
31209.000 # 1500
31219.000 # 1500
31229.000 # 1500
31279.000 # 1500
31280.000 # 1500
31280.000 # 1500
31309.000 # 1500
31309.000 # 1500
31329.000 # 1500
31329.000 # 1500
31329.000 # 1500
31339.000 # 1500
31349.000 # 1500
31349.000 # 1500
31359.000 # 1500
31369.000 # 1500
31379.000 # 1500
31389.000 # 1500
31399.000 # 1500
31399.000 # 1500
31409.000 # 1500
31419.000 # 1500
31429.000 # 1500
31439.000 # 1500
31449.000 # 1500
31459.000 # 1500
31459.000 # 1500
31469.000 # 1500
31520.000 # 1500
31520.000 # 1500
31539.000 # 1500
31549.000 # 1500
31549.000 # 1500
31569.000 # 1500
31569.000 # 1500
31619.000 # 1500
31619.000 # 1500
31639.000 # 1500
31640.000 # 1500
31640.000 # 1500
31669.000 # 1500
31670.000 # 1500
31699.000 # 1500
31700.000 # 1500
31700.000 # 1500
31700.000 # 1500
31709.000 # 1500
31719.000 # 1500
31729.000 # 1500
31739.000 # 1500
31749.000 # 1500
31759.000 # 1500
31759.000 # 1500
31769.000 # 1500
31779.000 # 1500
31789.000 # 1500
31800.000 # 1500
31809.000 # 1500
31809.000 # 1500
31859.000 # 1500
31859.000 # 1500
31879.000 # 1500
31889.000 # 1500
31909.000 # 1500
31911.000 # 1500
31911.000 # 1500
31959.000 # 1500
31959.000 # 1500
31960.000 # 1500
31960.000 # 1500
31969.000 # 1500
31969.000 # 1500
31980.000 # 1500
31989.000 # 1500
31999.000 # 1500
32010.000 # 1500
32019.000 # 1500
32029.000 # 1500
32029.000 # 1500
32039.000 # 1500
32049.000 # 1500
32059.000 # 1500
32069.000 # 1500
32119.000 # 1500
32119.000 # 1500
32129.000 # 1500
32129.000 # 1500
32129.000 # 1500
32179.000 # 1500
32180.000 # 1500
32180.000 # 1500
32180.000 # 1500
32180.000 # 1500
32229.000 # 1500
32230.000 # 1500
32230.000 # 1500
32230.000 # 1500
32230.000 # 1500
32239.000 # 1500
32249.000 # 1500
32259.000 # 1500
32269.000 # 1500
32279.000 # 1500
32279.000 # 1500
32289.000 # 1500
32299.000 # 1500
32349.000 # 1500
32349.000 # 1500
32369.000 # 1500
32379.000 # 1500
32379.000 # 1500
32399.000 # 1500
32433.000 # 1500
32449.000 # 1500
32449.000 # 1500
32450.000 # 1500
32450.000 # 1500
32459.000 # 1500
32470.000 # 1500
32479.000 # 1500
32489.000 # 1500
32499.000 # 1500
32509.000 # 1500
32509.000 # 1500
32519.000 # 1500
32529.000 # 1500
32539.000 # 1500
32549.000 # 1500
32560.000 # 1500
32560.000 # 1500
32569.000 # 1500
32579.000 # 1500
32589.000 # 1500
32599.000 # 1500
32649.000 # 1500
32659.000 # 1500
32659.000 # 1500
32660.000 # 1500
32660.000 # 1500
32669.000 # 1500
32679.000 # 1500
32729.000 # 1500
32729.000 # 1500
32730.000 # 1500
32731.000 # 1500
32731.000 # 1500
32739.000 # 1500
32749.000 # 1500
32759.000 # 1500
32759.000 # 1500
32809.000 # 1500
32809.000 # 1500
32811.000 # 1500
32811.000 # 1500
32859.000 # 1500
32859.000 # 1500
32869.000 # 1500
32879.000 # 1500
32879.000 # 1500
32890.000 # 1500
32900.000 # 1500
32909.000 # 1500
32909.000 # 1500
32919.000 # 1500
32929.000 # 1500
32939.000 # 1500
32949.000 # 1500
32959.000 # 1500
32959.000 # 1500
32969.000 # 1500
33019.000 # 1500
33029.000 # 1500
33029.000 # 1500
33049.000 # 1500
33050.000 # 1500
33050.000 # 1500
33060.000 # 1500
33069.000 # 1500
33079.000 # 1500
33089.000 # 1500
33099.000 # 1500
33099.000 # 1500
33109.000 # 1500
33159.000 # 1500
33169.000 # 1500
33170.000 # 1500
33189.000 # 1500
33189.000 # 1500
33189.000 # 1500
33199.000 # 1500
33210.000 # 1500
33259.000 # 1500
33259.000 # 1500
33260.000 # 1500
33260.000 # 1500
33260.000 # 1500
33269.000 # 1500
33279.000 # 1500
33289.000 # 1500
33299.000 # 1500
33309.000 # 1500
33309.000 # 1500
33319.000 # 1500
33369.000 # 1500
33379.000 # 1500
33379.000 # 1500
33399.000 # 1500
33399.000 # 1500
33400.000 # 1500
33409.000 # 1500
33430.000 # 1500
33469.000 # 1500
33479.000 # 1500
33479.000 # 1500
33489.000 # 1500
33503.000 # 1500
33549.000 # 1500
33559.000 # 1500
33569.000 # 1500
33580.000 # 1500
33580.000 # 1500
33589.000 # 1500
33599.000 # 1500
33609.000 # 1500
33619.000 # 1500
33629.000 # 1500
33629.000 # 1500
33639.000 # 1500
33649.000 # 1500
33659.000 # 1500
33669.000 # 1500
33679.000 # 1500
33689.000 # 1500
33689.000 # 1500
33739.000 # 1500
33739.000 # 1500
33740.000 # 1500
33769.000 # 1500
33790.000 # 1500
33790.000 # 1500
33790.000 # 1500
33791.000 # 1500
33839.000 # 1500
33849.000 # 1500
33859.000 # 1500
33860.000 # 1500
33860.000 # 1500
33870.000 # 1500
33879.000 # 1500
33889.000 # 1500
33939.000 # 1500
33940.000 # 1500
33940.000 # 1500
33940.000 # 1500
33940.000 # 1500
33949.000 # 1500
33959.000 # 1500
33969.000 # 1500
33979.000 # 1500
33979.000 # 1500
33989.000 # 1500
33999.000 # 1500
34009.000 # 1500
34019.000 # 1500
34030.000 # 1500
34030.000 # 1500
34039.000 # 1500
34049.000 # 1500
34059.000 # 1500
34109.000 # 1500
34119.000 # 1500
34129.000 # 1500
34129.000 # 1500
34139.000 # 1500
34150.000 # 1500
34159.000 # 1500
34169.000 # 1500
34219.000 # 1500
34219.000 # 1500
34229.000 # 1500
34239.000 # 1500
34249.000 # 1500
34299.000 # 1500
34309.000 # 1500
34319.000 # 1500
34319.000 # 1500
34320.000 # 1500
34329.000 # 1500
34339.000 # 1500
34349.000 # 1500
34359.000 # 1500
34359.000 # 1500
34369.000 # 1500
34379.000 # 1500
34389.000 # 1500
34399.000 # 1500
34449.000 # 1500
34450.000 # 1500
34451.000 # 1500
34451.000 # 1500
34451.000 # 1500
34459.000 # 1500
34509.000 # 1500
34509.000 # 1500
34510.000 # 1500
34510.000 # 1500
34511.000 # 1500
34519.000 # 1500
34529.000 # 1500
34539.000 # 1500
34589.000 # 1500
34589.000 # 1500
34599.000 # 1500
34609.000 # 1500
34619.000 # 1500
34630.000 # 1500
34639.000 # 1500
34639.000 # 1500
34649.000 # 1500
34659.000 # 1500
34669.000 # 1500
34679.000 # 1500
34729.000 # 1500
34739.000 # 1500
34739.000 # 1500
34740.000 # 1500
34740.000 # 1500
34790.000 # 1500
34790.000 # 1500
34809.000 # 1500
34809.000 # 1500
34819.000 # 1500
34819.000 # 1500
34830.000 # 1500
34839.000 # 1500
34849.000 # 1500
34859.000 # 1500
34859.000 # 1500
34869.000 # 1500
34879.000 # 1500
34889.000 # 1500
34899.000 # 1500
34909.000 # 1500
34909.000 # 1500
34919.000 # 1500
34929.000 # 1500
34939.000 # 1500
34949.000 # 1500
34999.000 # 1500
35000.000 # 1500
35000.000 # 1500
35019.000 # 1500
35029.000 # 1500
35049.000 # 1500
35049.000 # 1500
35060.000 # 1500
35060.000 # 1500
35109.000 # 1500
35110.000 # 1500
35110.000 # 1500
35110.000 # 1500
35159.000 # 1500
35159.000 # 1500
35169.000 # 1500
35169.000 # 1500
35170.000 # 1500
35253.000 # 1500
35253.000 # 1500
35254.000 # 1500
35254.000 # 1500
35254.000 # 1500
35259.000 # 1500
35269.000 # 1500
35310.000 # 1500
35319.000 # 1500
35319.000 # 1500
35329.000 # 1500
35339.000 # 1500
35349.000 # 1500
35359.000 # 1500
35370.000 # 1500
35380.000 # 1500
35380.000 # 1500
35389.000 # 1500
35399.000 # 1500
35459.000 # 1500
35469.000 # 1500
35479.000 # 1500
35479.000 # 1500
35480.000 # 1500
35540.000 # 1500
35549.000 # 1500
35549.000 # 1500
35550.000 # 1500
35559.000 # 1500
35560.000 # 1500
35569.000 # 1500
35580.000 # 1500
35589.000 # 1500
35639.000 # 1500
35649.000 # 1500
35649.000 # 1500
35659.000 # 1500
35669.000 # 1500
35679.000 # 1500
35689.000 # 1500
35699.000 # 1500
35709.000 # 1500
35709.000 # 1500
35759.000 # 1500
35759.000 # 1500
35760.000 # 1500
35810.000 # 1500
35811.000 # 1500
35811.000 # 1500
35811.000 # 1500
35812.000 # 1500
35819.000 # 1500
35829.000 # 1500
35839.000 # 1500
35849.000 # 1500
35849.000 # 1500
35859.000 # 1500
35869.000 # 1500
35879.000 # 1500
35929.000 # 1500
35939.000 # 1500
35939.000 # 1500
35949.000 # 1500
35949.000 # 1500
35959.000 # 1500
35969.000 # 1500
35979.000 # 1500
35979.000 # 1500
35989.000 # 1500
36039.000 # 1500
36049.000 # 1500
36059.000 # 1500
36059.000 # 1500
36069.000 # 1500
36069.000 # 1500
36079.000 # 1500
36089.000 # 1500
36099.000 # 1500
36149.000 # 1500
36159.000 # 1500
36159.000 # 1500
36169.000 # 1500
36169.000 # 1500
36179.000 # 1500
36189.000 # 1500
36274.000 # 1500
36279.000 # 1500
36279.000 # 1500
36280.000 # 1500
36280.000 # 1500
36329.000 # 1500
36330.000 # 1500
36339.000 # 1500
36339.000 # 1500
36349.000 # 1500
36359.000 # 1500
36369.000 # 1500
36379.000 # 1500
36389.000 # 1500
36390.000 # 1500
36400.000 # 1500
36419.000 # 1500
36429.000 # 1500
36439.000 # 1500
36449.000 # 1500
36459.000 # 1500
36459.000 # 1500
36521.000 # 1500
36529.000 # 1500
36539.000 # 1500
36539.000 # 1500
36551.000 # 1500
36551.000 # 1500
36560.000 # 1500
36569.000 # 1500
36579.000 # 1500
36629.000 # 1500
36629.000 # 1500
36659.000 # 1500
36659.000 # 1500
36660.000 # 1500
36660.000 # 1500
36669.000 # 1500
36679.000 # 1500
36689.000 # 1500
36689.000 # 1500
36699.000 # 1500
36749.000 # 1500
36749.000 # 1500
36750.000 # 1500
36779.000 # 1500
36779.000 # 1500
36780.000 # 1500
36780.000 # 1500
36789.000 # 1500
36799.000 # 1500
36849.000 # 1500
36859.000 # 1500
36859.000 # 1500
36860.000 # 1500
36860.000 # 1500
36883.000 # 1500
36929.000 # 1500
36939.000 # 1500
36939.000 # 1500
36949.000 # 1500
36949.000 # 1500
37000.000 # 1500
37009.000 # 1500
37009.000 # 1500
37029.000 # 1500
37029.000 # 1500
37029.000 # 1500
37039.000 # 1500
37049.000 # 1500
37059.000 # 1500
37069.000 # 1500
37069.000 # 1500
37079.000 # 1500
37089.000 # 1500
37099.000 # 1500
37149.000 # 1500
37199.000 # 1500
37209.000 # 1500
37209.000 # 1500
37219.000 # 1500
37220.000 # 1500
37229.000 # 1500
37249.000 # 1500
37259.000 # 1500
37259.000 # 1500
37269.000 # 1500
37279.000 # 1500
37289.000 # 1500
37299.000 # 1500
37309.000 # 1500
37309.000 # 1500
37319.000 # 1500
37369.000 # 1500
37369.000 # 1500
37389.000 # 1500
37389.000 # 1500
37419.000 # 1500
37419.000 # 1500
37420.000 # 1500
37420.000 # 1500
37429.000 # 1500
37439.000 # 1500
37449.000 # 1500
37449.000 # 1500
37459.000 # 1500
37469.000 # 1500
37479.000 # 1500
37489.000 # 1500
37499.000 # 1500
37509.000 # 1500
37509.000 # 1500
37519.000 # 1500
37529.000 # 1500
37579.000 # 1500
37589.000 # 1500
37590.000 # 1500
37590.000 # 1500
37609.000 # 1500
37639.000 # 1500
37639.000 # 1500
37640.000 # 1500
37649.000 # 1500
37649.000 # 1500
37659.000 # 1500
37669.000 # 1500
37679.000 # 1500
37689.000 # 1500
37699.000 # 1500
37709.000 # 1500
37709.000 # 1500
37719.000 # 1500
37769.000 # 1500
37779.000 # 1500
37779.000 # 1500
37799.000 # 1500
37799.000 # 1500
37800.000 # 1500
37809.000 # 1500
37819.000 # 1500
37869.000 # 1500
37879.000 # 1500
37879.000 # 1500
37893.000 # 1500
37893.000 # 1500
37939.000 # 1500
37939.000 # 1500
37940.000 # 1500
37969.000 # 1500
37969.000 # 1500
37989.000 # 1500
37999.000 # 1500
37999.000 # 1500
38009.000 # 1500
38059.000 # 1500
38060.000 # 1500
38060.000 # 1500
38060.000 # 1500
38061.000 # 1500
38069.000 # 1500
38079.000 # 1500
38089.000 # 1500
38089.000 # 1500
38099.000 # 1500
38109.000 # 1500
38119.000 # 1500
38129.000 # 1500
38139.000 # 1500
38139.000 # 1500
38149.000 # 1500
38159.000 # 1500
38169.000 # 1500
38179.000 # 1500
38229.000 # 1500
38230.000 # 1500
38230.000 # 1500
38249.000 # 1500
38249.000 # 1500
38279.000 # 1500
38299.000 # 1500
38300.000 # 1500
38300.000 # 1500
38329.000 # 1500
38329.000 # 1500
38330.000 # 1500
38339.000 # 1500
38389.000 # 1500
38389.000 # 1500
38399.000 # 1500
38399.000 # 1500
38400.000 # 1500
38409.000 # 1500
38419.000 # 1500
38430.000 # 1500
38430.000 # 1500
38439.000 # 1500
38449.000 # 1500
38459.000 # 1500
38469.000 # 1500
38479.000 # 1500
38479.000 # 1500
38489.000 # 1500
38499.000 # 1500
38509.000 # 1500
38519.000 # 1500
38529.000 # 1500
38529.000 # 1500
38539.000 # 1500
38549.000 # 1500
38599.000 # 1500
38604.000 # 1500
38604.000 # 1500
38605.000 # 1500
38605.000 # 1500
38609.000 # 1500
38659.000 # 1500
38660.000 # 1500
38660.000 # 1500
38690.000 # 1500
38690.000 # 1500
38690.000 # 1500
38691.000 # 1500
38699.000 # 1500
38709.000 # 1500
38719.000 # 1500
38769.000 # 1500
38769.000 # 1500
38769.000 # 1500
38770.000 # 1500
38770.000 # 1500
38819.000 # 1500
38820.000 # 1500
38820.000 # 1500
38820.000 # 1500
38820.000 # 1500
38829.000 # 1500
38839.000 # 1500
38849.000 # 1500
38859.000 # 1500
38859.000 # 1500
38869.000 # 1500
38879.000 # 1500
38889.000 # 1500
38899.000 # 1500
38912.000 # 1500
38912.000 # 1500
38919.000 # 1500
38929.000 # 1500
38979.000 # 1500
38979.000 # 1500
38999.000 # 1500
39000.000 # 1500
39009.000 # 1500
39029.000 # 1500
39059.000 # 1500
39079.000 # 1500
39079.000 # 1500
39080.000 # 1500
39080.000 # 1500
39129.000 # 1500
39129.000 # 1500
39130.000 # 1500
39130.000 # 1500
39139.000 # 1500
39139.000 # 1500
39149.000 # 1500
39159.000 # 1500
39169.000 # 1500
39179.000 # 1500
39189.000 # 1500
39199.000 # 1500
39199.000 # 1500
39209.000 # 1500
39219.000 # 1500
39229.000 # 1500
39239.000 # 1500
39249.000 # 1500
39249.000 # 1500
39259.000 # 1500
39269.000 # 1500
39279.000 # 1500
39289.000 # 1500
39300.000 # 1500
39300.000 # 1500
39349.000 # 1500
39359.000 # 1500
39360.000 # 1500
39360.000 # 1500
39369.000 # 1500
39419.000 # 1500
39419.000 # 1500
39420.000 # 1500
39439.000 # 1500
39449.000 # 1500
39449.000 # 1500
39459.000 # 1500
39459.000 # 1500
39469.000 # 1500
39479.000 # 1500
39529.000 # 1500
39539.000 # 1500
39539.000 # 1500
39540.000 # 1500
39540.000 # 1500
39549.000 # 1500
39559.000 # 1500
39569.000 # 1500
39579.000 # 1500
39589.000 # 1500
39589.000 # 1500
39599.000 # 1500
39609.000 # 1500
39619.000 # 1500
39629.000 # 1500
39639.000 # 1500
39639.000 # 1500
39649.000 # 1500
39699.000 # 1500
39709.000 # 1500
39719.000 # 1500
39719.000 # 1500
39769.000 # 1500
39769.000 # 1500
39779.000 # 1500
39789.000 # 1500
39789.000 # 1500
39799.000 # 1500
39809.000 # 1500
39810.000 # 1500
39859.000 # 1500
39869.000 # 1500
39869.000 # 1500
39870.000 # 1500
39879.000 # 1500
39879.000 # 1500
39889.000 # 1500
39899.000 # 1500
39909.000 # 1500
39919.000 # 1500
39969.000 # 1500
39979.000 # 1500
39979.000 # 1500
39979.000 # 1500
39980.000 # 1500
39989.000 # 1500
39999.000 # 1500
40009.000 # 1500
40009.000 # 1500
40019.000 # 1500
40029.000 # 1500
40079.000 # 1500
40089.000 # 1500
40099.000 # 1500
40109.000 # 1500
40109.000 # 1500
40119.000 # 1500
40129.000 # 1500
40139.000 # 1500
40149.000 # 1500
40159.000 # 1500
40159.000 # 1500
40169.000 # 1500
40219.000 # 1500
40229.000 # 1500
40239.000 # 1500
40249.000 # 1500
40249.000 # 1500
40259.000 # 1500
40269.000 # 1500
40279.000 # 1500
40329.000 # 1500
40339.000 # 1500
40339.000 # 1500
40340.000 # 1500
40340.000 # 1500
40349.000 # 1500
40359.000 # 1500
40369.000 # 1500
40379.000 # 1500
40379.000 # 1500
40429.000 # 1500
40439.000 # 1500
40439.000 # 1500
40439.000 # 1500
40449.000 # 1500
40459.000 # 1500
40459.000 # 1500
40469.000 # 1500
40479.000 # 1500
40529.000 # 1500
40529.000 # 1500
40549.000 # 1500
40549.000 # 1500
40549.000 # 1500
40579.000 # 1500
40579.000 # 1500
40580.000 # 1500
40589.000 # 1500
40589.000 # 1500
40599.000 # 1500
40609.000 # 1500
40619.000 # 1500
40629.000 # 1500
40639.000 # 1500
40649.000 # 1500
40649.000 # 1500
40659.000 # 1500
40669.000 # 1500
40679.000 # 1500
40729.000 # 1500
40729.000 # 1500
40730.000 # 1500
40749.000 # 1500
40759.000 # 1500
40759.000 # 1500
40769.000 # 1500
40819.000 # 1500
40819.000 # 1500
40829.000 # 1500
40839.000 # 1500
40839.000 # 1500
40849.000 # 1500
40859.000 # 1500
40869.000 # 1500
40869.000 # 1500
40879.000 # 1500
40889.000 # 1500
40939.000 # 1500
40949.000 # 1500
40949.000 # 1500
40950.000 # 1500
40969.000 # 1500
40969.000 # 1500
40979.000 # 1500
40989.000 # 1500
40999.000 # 1500
41010.000 # 1500
41010.000 # 1500
41019.000 # 1500
41069.000 # 1500
41079.000 # 1500
41089.000 # 1500
41099.000 # 1500
41099.000 # 1500
41109.000 # 1500
41119.000 # 1500
41129.000 # 1500
41139.000 # 1500
41149.000 # 1500
41149.000 # 1500
41199.000 # 1500
41209.000 # 1500
41209.000 # 1500
41230.000 # 1500
41230.000 # 1500
41239.000 # 1500
41240.000 # 1500
41289.000 # 1500
41299.000 # 1500
41299.000 # 1500
41319.000 # 1500
41349.000 # 1500
41349.000 # 1500
41350.000 # 1500
41350.000 # 1500
41359.000 # 1500
41409.000 # 1500
41409.000 # 1500
41429.000 # 1500
41429.000 # 1500
41430.000 # 1500
41430.000 # 1500
41439.000 # 1500
41449.000 # 1500
41459.000 # 1500
41459.000 # 1500
41469.000 # 1500
41479.000 # 1500
41489.000 # 1500
41539.000 # 1500
41549.000 # 1500
41549.000 # 1500
41559.000 # 1500
41559.000 # 1500
41569.000 # 1500
41579.000 # 1500
41589.000 # 1500
41599.000 # 1500
41599.000 # 1500
41609.000 # 1500
41619.000 # 1500
41629.000 # 1500
41639.000 # 1500
41689.000 # 1500
41689.000 # 1500
41699.000 # 1500
41709.000 # 1500
41719.000 # 1500
41729.000 # 1500
41739.000 # 1500
41739.000 # 1500
41789.000 # 1500
41789.000 # 1500
41790.000 # 1500
41790.000 # 1500
41799.000 # 1500
41849.000 # 1500
41849.000 # 1500
41859.000 # 1500
41859.000 # 1500
41860.000 # 1500
41869.000 # 1500
41879.000 # 1500
41879.000 # 1500
41889.000 # 1500
41899.000 # 1500
41909.000 # 1500
41919.000 # 1500
41929.000 # 1500
41929.000 # 1500
41979.000 # 1500
41979.000 # 1500
41980.000 # 1500
42009.000 # 1500
42010.000 # 1500
42010.000 # 1500
42010.000 # 1500
42059.000 # 1500
42060.000 # 1500
42060.000 # 1500
42060.000 # 1500
42109.000 # 1500
42109.000 # 1500
42119.000 # 1500
42119.000 # 1500
42120.000 # 1500
42169.000 # 1500
42169.000 # 1500
42170.000 # 1500
42170.000 # 1500
42170.000 # 1500
42179.000 # 1500
42189.000 # 1500
42199.000 # 1500
42209.000 # 1500
42209.000 # 1500
42219.000 # 1500
42229.000 # 1500
42239.000 # 1500
42289.000 # 1500
42289.000 # 1500
42290.000 # 1500
42290.000 # 1500
42290.000 # 1500
42299.000 # 1500
42309.000 # 1500
42319.000 # 1500
42369.000 # 1500
42369.000 # 1500
42370.000 # 1500
42370.000 # 1500
42371.000 # 1500
42379.000 # 1500
42389.000 # 1500
42389.000 # 1500
42399.000 # 1500
42409.000 # 1500
42419.000 # 1500
42429.000 # 1500
42440.000 # 1500
42489.000 # 1500
42489.000 # 1500
42489.000 # 1500
42509.000 # 1500
42509.000 # 1500
42539.000 # 1500
42540.000 # 1500
42540.000 # 1500
42540.000 # 1500
42549.000 # 1500
42559.000 # 1500
42569.000 # 1500
42579.000 # 1500
42579.000 # 1500
42589.000 # 1500
42599.000 # 1500
42649.000 # 1500
42649.000 # 1500
42650.000 # 1500
42650.000 # 1500
42650.000 # 1500
42700.000 # 1500
42700.000 # 1500
42701.000 # 1500
42701.000 # 1500
42709.000 # 1500
42709.000 # 1500
42719.000 # 1500
42729.000 # 1500
42739.000 # 1500
42749.000 # 1500
42759.000 # 1500
42769.000 # 1500
42819.000 # 1500
42819.000 # 1500
42819.000 # 1500
42820.000 # 1500
42869.000 # 1500
42869.000 # 1500
42870.000 # 1500
42899.000 # 1500
42919.000 # 1500
42929.000 # 1500
42929.000 # 1500
42940.000 # 1500
42949.000 # 1500
42959.000 # 1500
42969.000 # 1500
42979.000 # 1500
42989.000 # 1500
42999.000 # 1500
43009.000 # 1500
43019.000 # 1500
43029.000 # 1500
43039.000 # 1500
43049.000 # 1500
43059.000 # 1500
43069.000 # 1500
43119.000 # 1500
43119.000 # 1500
43120.000 # 1500
43120.000 # 1500
43149.000 # 1500
43169.000 # 1500
43179.000 # 1500
43199.000 # 1500
43199.000 # 1500
43210.000 # 1500
43219.000 # 1500
43229.000 # 1500
43229.000 # 1500
43239.000 # 1500
43253.000 # 1500
43259.000 # 1500
43309.000 # 1500
43319.000 # 1500
43319.000 # 1500
43320.000 # 1500
43339.000 # 1500
43341.000 # 1500
43349.000 # 1500
43399.000 # 1500
43400.000 # 1500
43400.000 # 1500
43400.000 # 1500
43401.000 # 1500
43450.000 # 1500
43450.000 # 1500
43451.000 # 1500
43451.000 # 1500
43480.000 # 1500
43499.000 # 1500
43499.000 # 1500
43501.000 # 1500
43509.000 # 1500
43519.000 # 1500
43519.000 # 1500
43529.000 # 1500
43539.000 # 1500
43549.000 # 1500
43559.000 # 1500
43569.000 # 1500
43569.000 # 1500
43579.000 # 1500
43589.000 # 1500
43599.000 # 1500
43609.000 # 1500
43660.000 # 1500
43660.000 # 1500
43662.000 # 1500
43679.000 # 1500
43679.000 # 1500
43680.000 # 1500
43689.000 # 1500
43700.000 # 1500
43700.000 # 1500
43710.000 # 1500
43759.000 # 1500
43760.000 # 1500
43779.000 # 1500
43789.000 # 1500
43789.000 # 1500
43810.000 # 1500
43840.000 # 1500
43840.000 # 1500
43841.000 # 1500
43849.000 # 1500
43859.000 # 1500
43870.000 # 1500
43879.000 # 1500
43889.000 # 1500
43899.000 # 1500
43909.000 # 1500
43919.000 # 1500
43929.000 # 1500
43939.000 # 1500
43949.000 # 1500
43959.000 # 1500
44009.000 # 1500
44019.000 # 1500
44029.000 # 1500
44041.000 # 1500
44049.000 # 1500
44059.000 # 1500
44069.000 # 1500
44080.000 # 1500
44129.000 # 1500
44139.000 # 1500
44149.000 # 1500
44159.000 # 1500
44210.000 # 1500
44210.000 # 1500
44211.000 # 1500
44239.000 # 1500
44239.000 # 1500
44270.000 # 1500
44270.000 # 1500
44270.000 # 1500
44271.000 # 1500
44279.000 # 1500
44289.000 # 1500
44299.000 # 1500
44309.000 # 1500
44309.000 # 1500
44320.000 # 1500
44329.000 # 1500
44339.000 # 1500
44349.000 # 1500
44359.000 # 1500
44359.000 # 1500
44369.000 # 1500
44419.000 # 1500
44431.000 # 1500
44431.000 # 1500
44431.000 # 1500
44439.000 # 1500
44448.000 # 1500
44449.000 # 1500
44459.000 # 1500
44469.000 # 1500
44480.000 # 1500
44488.000 # 1500
44539.000 # 1500
44539.000 # 1500
44539.000 # 1500
44540.000 # 1500
44589.000 # 1500
44599.000 # 1500
44609.000 # 1500
44609.000 # 1500
44619.000 # 1500
44629.000 # 1500
44639.000 # 1500
44649.000 # 1500
44699.000 # 1500
44700.000 # 1500
44719.000 # 1500
44719.000 # 1500
44749.000 # 1500
44749.000 # 1500
44779.000 # 1500
44779.000 # 1500
44784.000 # 1500
44789.000 # 1500
44799.000 # 1500
44808.000 # 1500
44819.000 # 1500
44829.000 # 1500
44840.000 # 1500
44849.000 # 1500
44859.000 # 1500
44859.000 # 1500
44869.000 # 1500
44879.000 # 1500
44889.000 # 1500
44939.000 # 1500
44949.000 # 1500
44949.000 # 1500
44960.000 # 1500
44969.000 # 1500
44979.000 # 1500
44989.000 # 1500
44999.000 # 1500
45009.000 # 1500
45059.000 # 1500
45068.000 # 1500
45078.000 # 1500
45079.000 # 1500
45089.000 # 1500
45100.000 # 1500
45109.000 # 1500
45128.000 # 1500
45138.000 # 1500
45189.000 # 1500
45189.000 # 1500
45209.000 # 1500
45209.000 # 1500
45209.000 # 1500
45222.000 # 1500
45229.000 # 1500
45289.000 # 1500
45289.000 # 1500
45289.000 # 1500
45290.000 # 1500
45339.000 # 1500
45339.000 # 1500
45369.000 # 1500
45369.000 # 1500
45379.000 # 1500
45388.000 # 1500
45408.000 # 1500
45458.000 # 1500
45459.000 # 1500
45488.000 # 1500
45508.000 # 1500
45539.000 # 1500
45539.000 # 1500
45599.000 # 1500
45599.000 # 1500
45628.000 # 1500
45629.000 # 1500
45647.000 # 1500
45668.000 # 1500
45679.000 # 1500
45702.000 # 1500
45718.000 # 1500
45779.000 # 1500
45787.000 # 1500
45809.000 # 1500
45860.000 # 1500
45887.000 # 1500
45888.000 # 1500
45899.000 # 1500
45948.000 # 1500
45968.000 # 1500
45988.000 # 1500
46008.000 # 1500
46028.000 # 1500
46060.000 # 1500
46107.000 # 1500
46158.000 # 1500
46207.000 # 1500
46207.000 # 1500
46237.000 # 1500
46268.000 # 1500
46298.000 # 1500
46369.000 # 1500
46397.000 # 1500
46467.000 # 1500
46478.000 # 1500
46527.000 # 1500
46568.000 # 1500
46627.000 # 1500
46708.000 # 1500
46787.000 # 1500
46857.000 # 1500
46887.000 # 1500
46958.000 # 1500
47008.000 # 1500
47058.000 # 1500
47097.000 # 1500
47198.000 # 1500
47217.000 # 1500
47287.000 # 1500
47308.000 # 1500
47329.000 # 1500
47341.000 # 1500
47349.000 # 1500
47408.000 # 1500
47408.000 # 1500
47409.000 # 1500
47439.000 # 1500
47460.000 # 1500
47461.000 # 1500
47490.000 # 1500
47491.000 # 1500
47519.000 # 1500
47520.000 # 1500
47550.000 # 1500
47551.000 # 1500
47551.000 # 1500
47551.000 # 1500
47561.000 # 1500
47570.000 # 1500
47619.000 # 1500
47629.000 # 1500
47629.000 # 1500
47629.000 # 1500
47630.000 # 1500
47639.000 # 1500
47649.000 # 1500
47659.000 # 1500
47669.000 # 1500
47669.000 # 1500
47679.000 # 1500
47730.000 # 1500
47730.000 # 1500
47731.000 # 1500
47732.000 # 1500
47732.000 # 1500
47780.000 # 1500
47789.000 # 1500
47789.000 # 1500
47790.000 # 1500
47799.000 # 1500
47810.000 # 1500
47810.000 # 1500
47819.000 # 1500
47830.000 # 1500
47841.000 # 1500
47850.000 # 1500
47859.000 # 1500
47859.000 # 1500
47870.000 # 1500
47879.000 # 1500
47934.000 # 1500
47934.000 # 1500
47934.000 # 1500
47935.000 # 1500
47935.000 # 1500
47979.000 # 1500
47990.000 # 1500
47999.000 # 1500
48011.000 # 1500
48019.000 # 1500
48019.000 # 1500
48030.000 # 1500
48039.000 # 1500
48050.000 # 1500
48060.000 # 1500
48109.000 # 1500
48120.000 # 1500
48120.000 # 1500
48130.000 # 1500
48130.000 # 1500
48140.000 # 1500
48150.000 # 1500
48160.000 # 1500
48160.000 # 1500
48170.000 # 1500
48180.000 # 1500
48189.000 # 1500
48199.000 # 1500
48210.000 # 1500
48210.000 # 1500
48220.000 # 1500
48230.000 # 1500
48240.000 # 1500
48290.000 # 1500
48300.000 # 1500
48310.000 # 1500
48310.000 # 1500
48320.000 # 1500
48370.000 # 1500
48370.000 # 1500
48371.000 # 1500
48371.000 # 1500
48371.000 # 1500
48419.000 # 1500
48420.000 # 1500
48420.000 # 1500
48424.000 # 1500
48469.000 # 1500
48469.000 # 1500
48470.000 # 1500
48470.000 # 1500
48471.000 # 1500
48520.000 # 1500
48529.000 # 1500
48530.000 # 1500
48530.000 # 1500
48530.000 # 1500
48539.000 # 1500
48550.000 # 1500
48559.000 # 1500
48569.000 # 1500
48579.000 # 1500
48579.000 # 1500
48590.000 # 1500
48599.000 # 1500
48650.000 # 1500
48650.000 # 1500
48659.000 # 1500
48659.000 # 1500
48669.000 # 1500
48679.000 # 1500
48730.000 # 1500
48730.000 # 1500
48731.000 # 1500
48731.000 # 1500
48731.000 # 1500
48740.000 # 1500
48750.000 # 1500
48760.000 # 1500
48770.000 # 1500
48780.000 # 1500
48780.000 # 1500
48790.000 # 1500
48800.000 # 1500
48812.000 # 1500
48820.000 # 1500
48869.000 # 1500
48869.000 # 1500
48869.000 # 1500
48899.000 # 1500
48899.000 # 1500
48900.000 # 1500
48909.000 # 1500
48909.000 # 1500
48920.000 # 1500
48929.000 # 1500
48940.000 # 1500
48949.000 # 1500
48959.000 # 1500
48969.000 # 1500
48969.000 # 1500
49019.000 # 1500
49034.000 # 1500
49034.000 # 1500
49050.000 # 1500
49080.000 # 1500
49080.000 # 1500
49081.000 # 1500
49084.000 # 1500
49130.000 # 1500
49139.000 # 1500
49149.000 # 1500
49149.000 # 1500
49150.000 # 1500
49160.000 # 1500
49169.000 # 1500
49179.000 # 1500
49189.000 # 1500
49199.000 # 1500
49199.000 # 1500
49209.000 # 1500
49219.000 # 1500
49229.000 # 1500
49239.000 # 1500
49249.000 # 1500
49259.000 # 1500
49259.000 # 1500
49309.000 # 1500
49329.000 # 1500
49339.000 # 1500
49349.000 # 1500
49359.000 # 1500
49359.000 # 1500
49369.000 # 1500
49419.000 # 1500
49419.000 # 1500
49420.000 # 1500
49449.000 # 1500
49469.000 # 1500
49469.000 # 1500
49479.000 # 1500
49479.000 # 1500
49489.000 # 1500
49499.000 # 1500
49509.000 # 1500
49509.000 # 1500
49519.000 # 1500
49529.000 # 1500
49579.000 # 1500
49589.000 # 1500
49589.000 # 1500
49590.000 # 1500
49590.000 # 1500
49599.000 # 1500
49609.000 # 1500
49619.000 # 1500
49629.000 # 1500
49639.000 # 1500
49639.000 # 1500
49689.000 # 1500
49699.000 # 1500
49700.000 # 1500
49701.000 # 1500
49749.000 # 1500
49749.000 # 1500
49750.000 # 1500
49750.000 # 1500
49750.000 # 1500
49759.000 # 1500
49769.000 # 1500
49779.000 # 1500
49779.000 # 1500
49789.000 # 1500
49839.000 # 1500
49839.000 # 1500
49840.000 # 1500
49869.000 # 1500
49869.000 # 1500
49870.000 # 1500
49870.000 # 1500
49879.000 # 1500
49889.000 # 1500
49899.000 # 1500
49909.000 # 1500
49909.000 # 1500
49919.000 # 1500
49929.000 # 1500
49939.000 # 1500
49949.000 # 1500
49959.000 # 1500
49959.000 # 1500
50009.000 # 1500
50019.000 # 1500
50029.000 # 1500
50039.000 # 1500
50109.000 # 1500
50109.000 # 1500
50119.000 # 1500
50119.000 # 1500
50120.000 # 1500
50129.000 # 1500
50139.000 # 1500
50149.000 # 1500
50149.000 # 1500
50159.000 # 1500
50209.000 # 1500
50219.000 # 1500
50219.000 # 1500
50239.000 # 1500
50239.000 # 1500
50269.000 # 1500
50269.000 # 1500
50270.000 # 1500
50279.000 # 1500
50299.000 # 1500
50299.000 # 1500
50309.000 # 1500
50319.000 # 1500
50329.000 # 1500
50339.000 # 1500
50389.000 # 1500
50390.000 # 1500
50390.000 # 1500
50390.000 # 1500
50390.000 # 1500
50399.000 # 1500
50409.000 # 1500
50419.000 # 1500
50419.000 # 1500
50430.000 # 1500
50439.000 # 1500
50449.000 # 1500
50459.000 # 1500
50509.000 # 1500
50509.000 # 1500
50519.000 # 1500
50529.000 # 1500
50539.000 # 1500
50549.000 # 1500
50559.000 # 1500
50569.000 # 1500
50569.000 # 1500
50579.000 # 1500
50589.000 # 1500
50889.000 # 1500
50896.000 # 1500
50896.000 # 1500
50896.000 # 1500
50896.000 # 1500
50896.000 # 1500
50896.000 # 1500
50896.000 # 1500
50896.000 # 1500
50896.000 # 1500
50897.000 # 1500
50897.000 # 1500
50939.000 # 1500
50939.000 # 1500
50940.000 # 1500
50940.000 # 1500
50970.000 # 1500
50970.000 # 1500
50970.000 # 1500
50979.000 # 1500
50989.000 # 1500
50999.000 # 1500
50999.000 # 1500
51009.000 # 1500
51059.000 # 1500
51059.000 # 1500
51083.000 # 1500
51084.000 # 1500
51084.000 # 1500
51084.000 # 1500
51089.000 # 1500
51099.000 # 1500
51110.000 # 1500
51119.000 # 1500
51129.000 # 1500
51129.000 # 1500
51139.000 # 1500
51149.000 # 1500
51159.000 # 1500
51170.000 # 1500
51179.000 # 1500
51179.000 # 1500
51229.000 # 1500
51239.000 # 1500
51249.000 # 1500
51259.000 # 1500
51270.000 # 1500
51270.000 # 1500
51279.000 # 1500
51329.000 # 1500
51339.000 # 1500
51349.000 # 1500
51359.000 # 1500
51369.000 # 1500
51369.000 # 1500
51419.000 # 1500
51419.000 # 1500
51420.000 # 1500
51420.000 # 1500
51429.000 # 1500
51429.000 # 1500
51439.000 # 1500
51489.000 # 1500
51489.000 # 1500
51490.000 # 1500
51490.000 # 1500
51499.000 # 1500
51499.000 # 1500
51509.000 # 1500
51519.000 # 1500
51529.000 # 1500
51579.000 # 1500
51580.000 # 1500
51580.000 # 1500
51599.000 # 1500
51609.000 # 1500
51629.000 # 1500
51629.000 # 1500
51639.000 # 1500
51639.000 # 1500
51649.000 # 1500
51659.000 # 1500
51669.000 # 1500
51679.000 # 1500
51729.000 # 1500
51730.000 # 1500
51730.000 # 1500
51730.000 # 1500
51730.000 # 1500
51741.000 # 1500
51749.000 # 1500
51759.000 # 1500
51759.000 # 1500
51769.000 # 1500
51779.000 # 1500
51789.000 # 1500
51799.000 # 1500
51809.000 # 1500
51809.000 # 1500
51859.000 # 1500
51859.000 # 1500
51860.000 # 1500
51860.000 # 1500
51909.000 # 1500
51910.000 # 1500
51910.000 # 1500
51910.000 # 1500
51911.000 # 1500
51919.000 # 1500
51929.000 # 1500
51939.000 # 1500
51939.000 # 1500
51949.000 # 1500
51960.000 # 1500
51969.000 # 1500
51984.000 # 1500
51989.000 # 1500
52000.000 # 1500
52000.000 # 1500
52050.000 # 1500
52060.000 # 1500
52069.000 # 1500
52080.000 # 1500
52091.000 # 1500
52091.000 # 1500
52100.000 # 1500
52110.000 # 1500
52120.000 # 1500
52170.000 # 1500
52170.000 # 1500
52189.000 # 1500
52189.000 # 1500
52191.000 # 1500
52193.000 # 1500
52199.000 # 1500
52209.000 # 1500
52259.000 # 1500
52260.000 # 1500
52269.000 # 1500
52279.000 # 1500
52289.000 # 1500
52299.000 # 1500
52310.000 # 1500
52310.000 # 1500
52319.000 # 1500
52330.000 # 1500
52340.000 # 1500
52349.000 # 1500
52359.000 # 1500
52409.000 # 1500
52409.000 # 1500
52410.000 # 1500
52410.000 # 1500
52440.000 # 1500
52459.000 # 1500
52460.000 # 1500
52460.000 # 1500
52460.000 # 1500
52469.000 # 1500
52480.000 # 1500
52493.000 # 1500
52500.000 # 1500
52510.000 # 1500
52510.000 # 1500
52520.000 # 1500
52570.000 # 1500
52572.000 # 1500
52572.000 # 1500
52572.000 # 1500
52572.000 # 1500
52620.000 # 1500
52620.000 # 1500
52621.000 # 1500
52621.000 # 1500
52669.000 # 1500
52669.000 # 1500
52670.000 # 1500
52671.000 # 1500
52672.000 # 1500
52679.000 # 1500
52691.000 # 1500
52700.000 # 1500
52700.000 # 1500
52709.000 # 1500
52719.000 # 1500
52729.000 # 1500
52739.000 # 1500
52749.000 # 1500
52749.000 # 1500
52760.000 # 1500
52769.000 # 1500
52819.000 # 1500
52820.000 # 1500
52820.000 # 1500
52820.000 # 1500
52821.000 # 1500
52829.000 # 1500
52839.000 # 1500
52889.000 # 1500
52899.000 # 1500
52910.000 # 1500
52910.000 # 1500
52910.000 # 1500
52960.000 # 1500
52960.000 # 1500
52964.000 # 1500
52965.000 # 1500
52969.000 # 1500
52969.000 # 1500
52979.000 # 1500
52989.000 # 1500
52999.000 # 1500
53010.000 # 1500
53019.000 # 1500
53019.000 # 1500
53029.000 # 1500
53039.000 # 1500
53049.000 # 1500
53100.000 # 1500
53100.000 # 1500
53119.000 # 1500
53119.000 # 1500
53132.000 # 1500
53149.000 # 1500
53179.000 # 1500
53180.000 # 1500
53181.000 # 1500
53181.000 # 1500
53189.000 # 1500
53199.000 # 1500
53209.000 # 1500
53219.000 # 1500
53269.000 # 1500
53269.000 # 1500
53270.000 # 1500
53289.000 # 1500
53289.000 # 1500
53319.000 # 1500
53319.000 # 1500
53321.000 # 1500
53329.000 # 1500
53339.000 # 1500
53349.000 # 1500
53358.000 # 1500
53378.000 # 1500
53389.000 # 1500
53400.000 # 1500
53408.000 # 1500
53419.000 # 1500
53479.000 # 1500
53488.000 # 1500
53488.000 # 1500
53499.000 # 1500
53510.000 # 1500
53519.000 # 1500
53529.000 # 1500
53539.000 # 1500
53549.000 # 1500
53559.000 # 1500
53610.000 # 1500
53610.000 # 1500
53610.000 # 1500
53610.000 # 1500
53659.000 # 1500
53660.000 # 1500
53660.000 # 1500
53660.000 # 1500
53672.000 # 1500
53679.000 # 1500
53729.000 # 1500
53729.000 # 1500
53730.000 # 1500
53759.000 # 1500
53760.000 # 1500
53779.000 # 1500
53779.000 # 1500
53809.000 # 1500
53809.000 # 1500
53810.000 # 1500
53859.000 # 1500
53859.000 # 1500
53859.000 # 1500
53860.000 # 1500
53860.000 # 1500
53909.000 # 1500
53914.000 # 1500
53914.000 # 1500
53914.000 # 1500
53914.000 # 1500
53919.000 # 1500
53929.000 # 1500
53939.000 # 1500
53949.000 # 1500
53949.000 # 1500
53960.000 # 1500
53970.000 # 1500
53979.000 # 1500
53989.000 # 1500
53999.000 # 1500
53999.000 # 1500
54009.000 # 1500
54019.000 # 1500
54069.000 # 1500
54071.000 # 1500
54090.000 # 1500
54090.000 # 1500
54090.000 # 1500
54090.000 # 1500
54099.000 # 1500
54109.000 # 1500
54120.000 # 1500
54169.000 # 1500
54179.000 # 1500
54179.000 # 1500
54199.000 # 1500
54199.000 # 1500
54209.000 # 1500
54219.000 # 1500
54229.000 # 1500
54239.000 # 1500
54249.000 # 1500
54259.000 # 1500
54269.000 # 1500
54319.000 # 1500
54320.000 # 1500
54320.000 # 1500
54320.000 # 1500
54329.000 # 1500
54379.000 # 1500
54389.000 # 1500
54399.000 # 1500
54399.000 # 1500
54413.000 # 1500
54418.000 # 1500
54428.000 # 1500
54439.000 # 1500
54459.000 # 1500
54508.000 # 1500
54520.000 # 1500
54528.000 # 1500
54539.000 # 1500
54548.000 # 1500
54568.000 # 1500
54578.000 # 1500
54589.000 # 1500
54599.000 # 1500
54648.000 # 1500
54648.000 # 1500
54678.000 # 1500
54678.000 # 1500
54679.000 # 1500
54688.000 # 1500
54698.000 # 1500
54749.000 # 1500
54750.000 # 1500
54778.000 # 1500
54778.000 # 1500
54779.000 # 1500
54829.000 # 1500
54838.000 # 1500
54838.000 # 1500
54849.000 # 1500
54863.000 # 1500
54863.000 # 1500
54869.000 # 1500
54919.000 # 1500
54929.000 # 1500
54939.000 # 1500
54949.000 # 1500
55001.000 # 1500
55001.000 # 1500
55001.000 # 1500
55001.000 # 1500
55002.000 # 1500
55009.000 # 1500
55059.000 # 1500
55059.000 # 1500
55069.000 # 1500
55080.000 # 1500
55080.000 # 1500
55089.000 # 1500
55099.000 # 1500
55109.000 # 1500
55119.000 # 1500
55129.000 # 1500
55140.000 # 1500
55149.000 # 1500
55159.000 # 1500
55168.000 # 1500
55178.000 # 1500
55188.000 # 1500
55198.000 # 1500
55218.000 # 1500
55229.000 # 1500
55239.000 # 1500
55289.000 # 1500
55289.000 # 1500
55309.000 # 1500
55309.000 # 1500
55339.000 # 1500
55358.000 # 1500
55359.000 # 1500
55359.000 # 1500
55372.000 # 1500
55378.000 # 1500
55428.000 # 1500
55429.000 # 1500
55429.000 # 1500
55440.000 # 1500
55448.000 # 1500
55458.000 # 1500
55478.000 # 1500
55528.000 # 1500
55538.000 # 1500
55548.000 # 1500
55550.000 # 1500
55608.000 # 1500
55618.000 # 1500
55619.000 # 1500
55620.000 # 1500
55639.000 # 1500
55648.000 # 1500
55667.000 # 1500
55679.000 # 1500
55688.000 # 1500
55708.000 # 1500
55718.000 # 1500
55728.000 # 1500
55748.000 # 1500
55798.000 # 1500
55818.000 # 1500
55827.000 # 1500
55847.000 # 1500
55909.000 # 1500
55928.000 # 1500
55949.000 # 1500
55978.000 # 1500
55998.000 # 1500
56068.000 # 1500
56098.000 # 1500
56168.000 # 1500
56199.000 # 1500
56258.000 # 1500
56337.000 # 1500
56397.000 # 1500
56467.000 # 1500
56588.000 # 1500
56688.000 # 1500
56807.000 # 1500
56946.000 # 1500
57087.000 # 1500
57357.000 # 1500
58127.000 # 1500
58148.000 # 1500
58208.000 # 1500
58238.000 # 1500
58288.000 # 1500
58308.000 # 1500
58310.000 # 1500
58319.000 # 1500
58369.000 # 1500
58379.000 # 1500
58390.000 # 1500
58391.000 # 1500
58440.000 # 1500
58441.000 # 1500
58441.000 # 1500
58460.000 # 1500
58470.000 # 1500
58490.000 # 1500
58490.000 # 1500
58499.000 # 1500
58510.000 # 1500
58510.000 # 1500
58519.000 # 1500
58529.000 # 1500
58540.000 # 1500
58550.000 # 1500
58564.000 # 1500
58564.000 # 1500
58570.000 # 1500
58620.000 # 1500
58630.000 # 1500
58630.000 # 1500
58631.000 # 1500
58641.000 # 1500
58641.000 # 1500
58650.000 # 1500
58660.000 # 1500
58710.000 # 1500
58710.000 # 1500
58711.000 # 1500
58711.000 # 1500
58711.000 # 1500
58721.000 # 1500
58730.000 # 1500
58740.000 # 1500
58750.000 # 1500
58800.000 # 1500
58800.000 # 1500
58800.000 # 1500
58801.000 # 1500
58801.000 # 1500
58810.000 # 1500
58820.000 # 1500
58820.000 # 1500
58870.000 # 1500
58870.000 # 1500
58871.000 # 1500
58871.000 # 1500
58880.000 # 1500
58880.000 # 1500
58890.000 # 1500
58900.000 # 1500
58910.000 # 1500
58920.000 # 1500
58930.000 # 1500
58940.000 # 1500
58940.000 # 1500
58950.000 # 1500
58960.000 # 1500
58970.000 # 1500
58980.000 # 1500
59030.000 # 1500
59030.000 # 1500
59040.000 # 1500
59054.000 # 1500
59060.000 # 1500
59070.000 # 1500
59081.000 # 1500
59130.000 # 1500
59130.000 # 1500
59140.000 # 1500
59150.000 # 1500
59150.000 # 1500
59161.000 # 1500
59210.000 # 1500
59210.000 # 1500
59211.000 # 1500
59211.000 # 1500
59240.000 # 1500
59260.000 # 1500
59260.000 # 1500
59291.000 # 1500
59291.000 # 1500
59292.000 # 1500
59292.000 # 1500
59300.000 # 1500
59310.000 # 1500
59321.000 # 1500
59321.000 # 1500
59330.000 # 1500
59340.000 # 1500
59350.000 # 1500
59360.000 # 1500
59410.000 # 1500
59420.000 # 1500
59420.000 # 1500
59421.000 # 1500
59421.000 # 1500
59430.000 # 1500
59440.000 # 1500
59450.000 # 1500
59450.000 # 1500
59500.000 # 1500
59500.000 # 1500
59500.000 # 1500
59501.000 # 1500
59550.000 # 1500
59550.000 # 1500
59564.000 # 1500
59564.000 # 1500
59564.000 # 1500
59570.000 # 1500
59580.000 # 1500
59590.000 # 1500
59590.000 # 1500
59602.000 # 1500
59610.000 # 1500
59660.000 # 1500
59660.000 # 1500
59680.000 # 1500
59680.000 # 1500
59681.000 # 1500
59710.000 # 1500
59711.000 # 1500
59712.000 # 1500
59720.000 # 1500
59731.000 # 1500
59731.000 # 1500
59740.000 # 1500
59750.000 # 1500
59760.000 # 1500
59770.000 # 1500
59780.000 # 1500
59780.000 # 1500
59790.000 # 1500
59800.000 # 1500
59810.000 # 1500
59820.000 # 1500
59830.000 # 1500
59880.000 # 1500
59880.000 # 1500
59881.000 # 1500
59881.000 # 1500
59910.000 # 1500
59930.000 # 1500
59940.000 # 1500
59940.000 # 1500
59941.000 # 1500
59950.000 # 1500
59964.000 # 1500
59970.000 # 1500
59980.000 # 1500
59990.000 # 1500
59990.000 # 1500
60000.000 # 1500
60050.000 # 1500
60060.000 # 1500
60060.000 # 1500
60061.000 # 1500
60061.000 # 1500
60072.000 # 1500
60080.000 # 1500
60130.000 # 1500
60130.000 # 1500
60131.000 # 1500
60131.000 # 1500
60131.000 # 1500
60141.000 # 1500
60150.000 # 1500
60160.000 # 1500
60170.000 # 1500
60180.000 # 1500
60180.000 # 1500
60190.000 # 1500
60200.000 # 1500
60210.000 # 1500
60221.000 # 1500
60230.000 # 1500
60280.000 # 1500
60280.000 # 1500
60280.000 # 1500
60300.000 # 1500
60310.000 # 1500
60330.000 # 1500
60332.000 # 1500
60332.000 # 1500
60340.000 # 1500
60390.000 # 1500
60390.000 # 1500
60390.000 # 1500
60392.000 # 1500
60392.000 # 1500
60401.000 # 1500
60410.000 # 1500
60420.000 # 1500
60430.000 # 1500
60440.000 # 1500
60450.000 # 1500
60450.000 # 1500
60460.000 # 1500
60510.000 # 1500
60521.000 # 1500
60530.000 # 1500
60540.000 # 1500
60540.000 # 1500
60550.000 # 1500
60560.000 # 1500
60571.000 # 1500
60580.000 # 1500
60590.000 # 1500
60600.000 # 1500
60600.000 # 1500
60610.000 # 1500
60620.000 # 1500
60632.000 # 1500
60640.000 # 1500
60692.000 # 1500
60692.000 # 1500
60700.000 # 1500
60710.000 # 1500
60710.000 # 1500
60720.000 # 1500
60731.000 # 1500
60740.000 # 1500
60740.000 # 1500
60750.000 # 1500
60760.000 # 1500
60810.000 # 1500
60810.000 # 1500
60830.000 # 1500
60830.000 # 1500
60830.000 # 1500
60833.000 # 1500
60840.000 # 1500
60850.000 # 1500
60860.000 # 1500
60910.000 # 1500
60910.000 # 1500
60911.000 # 1500
60912.000 # 1500
60940.000 # 1500
60960.000 # 1500
60970.000 # 1500
60970.000 # 1500
60970.000 # 1500
60981.000 # 1500
60990.000 # 1500
61000.000 # 1500
61050.000 # 1500
61051.000 # 1500
61051.000 # 1500
61070.000 # 1500
61080.000 # 1500
61082.000 # 1500
61090.000 # 1500
61140.000 # 1500
61140.000 # 1500
61140.000 # 1500
61141.000 # 1500
61141.000 # 1500
61150.000 # 1500
61160.000 # 1500
61170.000 # 1500
61170.000 # 1500
61180.000 # 1500
61230.000 # 1500
61230.000 # 1500
61230.000 # 1500
61231.000 # 1500
61231.000 # 1500
61282.000 # 1500
61290.000 # 1500
61290.000 # 1500
61291.000 # 1500
61300.000 # 1500
61311.000 # 1500
61311.000 # 1500
61320.000 # 1500
61330.000 # 1500
61340.000 # 1500
61350.000 # 1500
61360.000 # 1500
61360.000 # 1500
61370.000 # 1500
61380.000 # 1500
61391.000 # 1500
61400.000 # 1500
61410.000 # 1500
61461.000 # 1500
61461.000 # 1500
61461.000 # 1500
61462.000 # 1500
61490.000 # 1500
61511.000 # 1500
61520.000 # 1500
61520.000 # 1500
61521.000 # 1500
61530.000 # 1500
61540.000 # 1500
61550.000 # 1500
61560.000 # 1500
61569.000 # 1500
61570.000 # 1500
61620.000 # 1500
61630.000 # 1500
61630.000 # 1500
61631.000 # 1500
61643.000 # 1500
61643.000 # 1500
61650.000 # 1500
61700.000 # 1500
61700.000 # 1500
61701.000 # 1500
61701.000 # 1500
61751.000 # 1500
61751.000 # 1500
61760.000 # 1500
61760.000 # 1500
61761.000 # 1500
61810.000 # 1500
61810.000 # 1500
61811.000 # 1500
61812.000 # 1500
61812.000 # 1500
61820.000 # 1500
61830.000 # 1500
61839.000 # 1500
61850.000 # 1500
61850.000 # 1500
61859.000 # 1500
61871.000 # 1500
61879.000 # 1500
61889.000 # 1500
61899.000 # 1500
61899.000 # 1500
61909.000 # 1500
61919.000 # 1500
61929.000 # 1500
61939.000 # 1500
61991.000 # 1500
62000.000 # 1500
62000.000 # 1500
62010.000 # 1500
62019.000 # 1500
62069.000 # 1500
62069.000 # 1500
62070.000 # 1500
62070.000 # 1500
62070.000 # 1500
62079.000 # 1500
62130.000 # 1500
62130.000 # 1500
62131.000 # 1500
62131.000 # 1500
62134.000 # 1500
62140.000 # 1500
62150.000 # 1500
62159.000 # 1500
62169.000 # 1500
62179.000 # 1500
62179.000 # 1500
62191.000 # 1500
62200.000 # 1500
62210.000 # 1500
62220.000 # 1500
62230.000 # 1500
62230.000 # 1500
62279.000 # 1500
62282.000 # 1500
62282.000 # 1500
62282.000 # 1500
62329.000 # 1500
62330.000 # 1500
62330.000 # 1500
62331.000 # 1500
62359.000 # 1500
62379.000 # 1500
62379.000 # 1500
62380.000 # 1500
62380.000 # 1500
62389.000 # 1500
62399.000 # 1500
62409.000 # 1500
62419.000 # 1500
62430.000 # 1500
62440.000 # 1500
62440.000 # 1500
62489.000 # 1500
62489.000 # 1500
62490.000 # 1500
62490.000 # 1500
62500.000 # 1500
62500.000 # 1500
62509.000 # 1500
62523.000 # 1500
62529.000 # 1500
62540.000 # 1500
62550.000 # 1500
62600.000 # 1500
62600.000 # 1500
62600.000 # 1500
62600.000 # 1500
62602.000 # 1500
62610.000 # 1500
62620.000 # 1500
62620.000 # 1500
62630.000 # 1500
62640.000 # 1500
62650.000 # 1500
62660.000 # 1500
62670.000 # 1500
62670.000 # 1500
62721.000 # 1500
62729.000 # 1500
62740.000 # 1500
62750.000 # 1500
62799.000 # 1500
62800.000 # 1500
62800.000 # 1500
62800.000 # 1500
62801.000 # 1500
62809.000 # 1500
62819.000 # 1500
62829.000 # 1500
62829.000 # 1500
62839.000 # 1500
62849.000 # 1500
62900.000 # 1500
62900.000 # 1500
62900.000 # 1500
62930.000 # 1500
62930.000 # 1500
62930.000 # 1500
62959.000 # 1500
62960.000 # 1500
62964.000 # 1500
63009.000 # 1500
63009.000 # 1500
63010.000 # 1500
63010.000 # 1500
63039.000 # 1500
63041.000 # 1500
63041.000 # 1500
63050.000 # 1500
63050.000 # 1500
63059.000 # 1500
63070.000 # 1500
63079.000 # 1500
63129.000 # 1500
63131.000 # 1500
63131.000 # 1500
63132.000 # 1500
63132.000 # 1500
63179.000 # 1500
63179.000 # 1500
63180.000 # 1500
63180.000 # 1500
63180.000 # 1500
63189.000 # 1500
63199.000 # 1500
63209.000 # 1500
63219.000 # 1500
63229.000 # 1500
63229.000 # 1500
63279.000 # 1500
63279.000 # 1500
63299.000 # 1500
63309.000 # 1500
63310.000 # 1500
63310.000 # 1500
63359.000 # 1500
63359.000 # 1500
63364.000 # 1500
63364.000 # 1500
63369.000 # 1500
63379.000 # 1500
63379.000 # 1500
63389.000 # 1500
63399.000 # 1500
63409.000 # 1500
63421.000 # 1500
63429.000 # 1500
63429.000 # 1500
63479.000 # 1500
63480.000 # 1500
63480.000 # 1500
63480.000 # 1500
63489.000 # 1500
63501.000 # 1500
63501.000 # 1500
63509.000 # 1500
63519.000 # 1500
63569.000 # 1500
63569.000 # 1500
63589.000 # 1500
63589.000 # 1500
63590.000 # 1500
63590.000 # 1500
63599.000 # 1500
63609.000 # 1500
63619.000 # 1500
63630.000 # 1500
63630.000 # 1500
63639.000 # 1500
63689.000 # 1500
63689.000 # 1500
63690.000 # 1500
63690.000 # 1500
63690.000 # 1500
63739.000 # 1500
63739.000 # 1500
63759.000 # 1500
63759.000 # 1500
63760.000 # 1500
63760.000 # 1500
63773.000 # 1500
63779.000 # 1500
63789.000 # 1500
63799.000 # 1500
63809.000 # 1500
63859.000 # 1500
63859.000 # 1500
63860.000 # 1500
63861.000 # 1500
63862.000 # 1500
63869.000 # 1500
63919.000 # 1500
63919.000 # 1500
63920.000 # 1500
63939.000 # 1500
63949.000 # 1500
63970.000 # 1500
63971.000 # 1500
63979.000 # 1500
63979.000 # 1500
63989.000 # 1500
64000.000 # 1500
64009.000 # 1500
64019.000 # 1500
