# mahimahi mm-link (Uplink) [/usr/share/mahimahi/traces/ATT-LTE-driving.up] > /home/vboxuser/Desktop/pantheon/results_att_lte/bbr_mm_datalink_run1.log
# command line: 'mm-link' '/usr/share/mahimahi/traces/ATT-LTE-driving.up' '/usr/share/mahimahi/traces/ATT-LTE-driving.down' '--uplink-log=/home/vboxuser/Desktop/pantheon/results_att_lte/bbr_mm_datalink_run1.log' '--downlink-log=/home/vboxuser/Desktop/pantheon/results_att_lte/bbr_mm_acklink_run1.log' 'python' '/home/vboxuser/Desktop/pantheon/src/experiments/tunnel_manager.py'
# queue: infinite
# init timestamp: 1744934302659
# base timestamp: 47
# mahimahi config: [delay 10 ms] 
51 + 80
51 + 52
51 + 80
76 + 80
135 + 40
878 # 1504
878 - 80 827
878 - 52 827
878 - 80 827
878 - 80 802
878 - 40 743
927 # 1504
927 # 1504
997 # 1504
1003 + 80
1078 # 1504
1078 - 80 75
1079 # 1504
1079 # 1504
1128 # 1504
1129 # 1504
1129 # 1504
1139 # 1504
1149 # 1504
1168 # 1504
1179 # 1504
1189 # 1504
1238 # 1504
1239 # 1504
1239 # 1504
1289 # 1504
1300 # 1504
1300 # 1504
1300 # 1504
1301 # 1504
1310 # 1504
1320 # 1504
1330 # 1504
1340 # 1504
1340 # 1504
1350 # 1504
1400 # 1504
1400 # 1504
1401 # 1504
1430 # 1504
1430 # 1504
1430 # 1504
1479 # 1504
1479 # 1504
1479 # 1504
1529 # 1504
1529 # 1504
1530 # 1504
1539 # 1504
1549 # 1504
1559 # 1504
1569 # 1504
1579 # 1504
1589 # 1504
1599 # 1504
1609 # 1504
1619 # 1504
1629 # 1504
1680 # 1504
1680 # 1504
1698 # 1504
1710 # 1504
1730 # 1504
1759 # 1504
1759 # 1504
1759 # 1504
1760 # 1504
1769 # 1504
1780 # 1504
1790 # 1504
1800 # 1504
1810 # 1504
1810 # 1504
1860 # 1504
1860 # 1504
1880 # 1504
1890 # 1504
1910 # 1504
1910 # 1504
1940 # 1504
1960 # 1504
1960 # 1504
1960 # 1504
1970 # 1504
1970 # 1504
1980 # 1504
1990 # 1504
2000 # 1504
2009 # 1504
2020 # 1504
2030 # 1504
2030 # 1504
2039 # 1504
2050 # 1504
2100 # 1504
2100 # 1504
2101 # 1504
2101 # 1504
2130 # 1504
2130 # 1504
2130 # 1504
2140 # 1504
2190 # 1504
2190 # 1504
2190 # 1504
2191 # 1504
2191 # 1504
2200 # 1504
2210 # 1504
2220 # 1504
2220 # 1504
2230 # 1504
2240 # 1504
2290 # 1504
2300 # 1504
2300 # 1504
2300 # 1504
2301 # 1504
2310 # 1504
2360 # 1504
2360 # 1504
2380 # 1504
2380 # 1504
2381 # 1504
2385 # 1504
2390 # 1504
2440 # 1504
2450 # 1504
2450 # 1504
2450 # 1504
2451 # 1504
2461 # 1504
2470 # 1504
2480 # 1504
2490 # 1504
2540 # 1504
2540 # 1504
2540 # 1504
2560 # 1504
2570 # 1504
2570 # 1504
2580 # 1504
2580 # 1504
2590 # 1504
2600 # 1504
2650 # 1504
2650 # 1504
2670 # 1504
2670 # 1504
2670 # 1504
2671 # 1504
2680 # 1504
2730 # 1504
2740 # 1504
2740 # 1504
2740 # 1504
2741 # 1504
2790 # 1504
2790 # 1504
2790 # 1504
2791 # 1504
2791 # 1504
2840 # 1504
2840 # 1504
2841 # 1504
2841 # 1504
2850 # 1504
2864 # 1504
2864 # 1504
2870 # 1504
2880 # 1504
2890 # 1504
2900 # 1504
2910 # 1504
2910 # 1504
2960 # 1504
2960 # 1504
2961 # 1504
2962 # 1504
2969 # 1504
2979 # 1504
2989 # 1504
2999 # 1504
3010 # 1504
3019 # 1504
3029 # 1504
3080 # 1504
3080 # 1504
3100 # 1504
3100 # 1504
3100 # 1504
3101 # 1504
3109 # 1504
3119 # 1504
3129 # 1504
3150 # 1504
3199 # 1504
3199 # 1504
3200 # 1504
3200 # 1504
3249 # 1504
3250 # 1504
3250 # 1504
3279 # 1504
3280 # 1504
3280 # 1504
3290 # 1504
3300 # 1504
3310 # 1504
3310 # 1504
3320 # 1504
3370 # 1504
3370 # 1504
3370 # 1504
3371 # 1504
3420 # 1504
3429 # 1504
3430 # 1504
3430 # 1504
3450 # 1504
3450 # 1504
3464 # 1504
3470 # 1504
3479 # 1504
3489 # 1504
3498 # 1504
3508 # 1504
3518 # 1504
3569 # 1504
3581 # 1504
3581 # 1504
3582 # 1504
3589 # 1504
3589 # 1504
3600 # 1504
3609 # 1504
3661 # 1504
3669 # 1504
3669 # 1504
3688 # 1504
3689 # 1504
3689 # 1504
3701 # 1504
3749 # 1504
3749 # 1504
3750 # 1504
3750 # 1504
3750 # 1504
3760 # 1504
3769 # 1504
3786 + 52
3820 # 1504
3820 - 52 34
3820 # 1504
3821 # 1504
3821 # 1504
3849 # 1504
3849 # 1504
3849 # 1504
3900 # 1504
3901 # 1504
3901 # 1504
3901 # 1504
3901 # 1504
3909 # 1504
3920 # 1504
3929 # 1504
3929 # 1504
3938 + 100
3940 # 1504
3940 - 100 2
3949 # 1504
3999 # 1504
3999 # 1504
4000 # 1504
4029 # 1504
4029 # 1504
4049 # 1504
4064 # 1504
4064 # 1504
4069 # 1504
4080 # 1504
4080 # 1504
4129 # 1504
4130 # 1504
4130 # 1504
4131 # 1504
4140 # 1504
4148 # 1504
4149 # 1504
4160 # 1504
4169 # 1504
4181 # 1504
4189 # 1504
4200 # 1504
4200 # 1504
4249 # 1504
4249 # 1504
4249 # 1504
4250 # 1504
4301 # 1504
4301 # 1504
4301 # 1504
4302 # 1504
4302 # 1504
4309 # 1504
4320 # 1504
4328 # 1504
4339 # 1504
4348 # 1504
4360 # 1504
4368 # 1504
4368 # 1504
4380 # 1504
4388 # 1504
4440 # 1504
4449 # 1504
4460 # 1504
4460 # 1504
4469 # 1504
4520 # 1504
4520 # 1504
4529 # 1504
4529 # 1504
4529 # 1504
4540 # 1504
4549 # 1504
4559 # 1504
4559 # 1504
4569 # 1504
4620 # 1504
4620 # 1504
4620 # 1504
4625 # 1504
4626 # 1504
4669 # 1504
4680 # 1504
4680 # 1504
4680 # 1504
4690 # 1504
4700 # 1504
4700 # 1504
4749 # 1504
4749 # 1504
4749 # 1504
4750 # 1504
4761 # 1504
4761 # 1504
4769 # 1504
4780 # 1504
4789 # 1504
4799 # 1504
4809 # 1504
4819 # 1504
4819 # 1504
4829 # 1504
4839 # 1504
4889 # 1504
4889 # 1504
4909 # 1504
4909 # 1504
4920 # 1504
4920 # 1504
4929 # 1504
4940 # 1504
4949 # 1504
4959 # 1504
4960 # 1504
4969 # 1504
5020 # 1504
5020 # 1504
5020 # 1504
5049 # 1504
5049 # 1504
5049 # 1504
5050 # 1504
5060 # 1504
5109 # 1504
5109 # 1504
5109 # 1504
5110 # 1504
5140 # 1504
5144 # 1504
5145 # 1504
5149 # 1504
5160 # 1504
5160 # 1504
5169 # 1504
5180 # 1504
5189 # 1504
5240 # 1504
5240 # 1504
5240 # 1504
5260 # 1504
5260 # 1504
5289 # 1504
5289 # 1504
5289 # 1504
5300 # 1504
5300 # 1504
5309 # 1504
5320 # 1504
5369 # 1504
5370 # 1504
5389 # 1504
5389 # 1504
5400 # 1504
5419 # 1504
5449 # 1504
5449 # 1504
5450 # 1504
5450 # 1504
5460 # 1504
5469 # 1504
5480 # 1504
5489 # 1504
5500 # 1504
5509 # 1504
5509 # 1504
5524 # 1504
5529 # 1504
5540 # 1504
5549 # 1504
5560 # 1504
5560 # 1504
5569 # 1504
5580 # 1504
5590 # 1504
5599 # 1504
5609 # 1504
5619 # 1504
5620 # 1504
5629 # 1504
5639 # 1504
5649 # 1504
5700 # 1504
5701 # 1504
5701 # 1504
5702 # 1504
5729 # 1504
5749 # 1504
5760 # 1504
5760 # 1504
5769 # 1504
5769 # 1504
5821 # 1504
5821 # 1504
5822 # 1504
5822 # 1504
5829 # 1504
5829 # 1504
5880 # 1504
5880 # 1504
5881 # 1504
5881 # 1504
5929 # 1504
5939 # 1504
5939 # 1504
5939 # 1504
5959 # 1504
5960 # 1504
5969 # 1504
5980 # 1504
5980 # 1504
5989 # 1504
6000 # 1504
6009 # 1504
6020 # 1504
6029 # 1504
6080 # 1504
6080 # 1504
6080 # 1504
6081 # 1504
6081 # 1504
6129 # 1504
6129 # 1504
6129 # 1504
6130 # 1504
6131 # 1504
6139 # 1504
6189 # 1504
6189 # 1504
6209 # 1504
6209 # 1504
6209 # 1504
6240 # 1504
6241 # 1504
6241 # 1504
6289 # 1504
6289 # 1504
6289 # 1504
6290 # 1504
6291 # 1504
6300 # 1504
6309 # 1504
6320 # 1504
6320 # 1504
6329 # 1504
6340 # 1504
6349 # 1504
6360 # 1504
6369 # 1504
6369 # 1504
6380 # 1504
6389 # 1504
6400 # 1504
6409 # 1504
6420 # 1504
6429 # 1504
6429 # 1504
6440 # 1504
6449 # 1504
6460 # 1504
6509 # 1504
6509 # 1504
6509 # 1504
6510 # 1504
6540 # 1504
6540 # 1504
6541 # 1504
6549 # 1504
6559 # 1504
6560 # 1504
6569 # 1504
6580 # 1504
6589 # 1504
6600 # 1504
6609 # 1504
6609 # 1504
6620 # 1504
6629 # 1504
6679 # 1504
6689 # 1504
6700 # 1504
6708 # 1504
6709 # 1504
6720 # 1504
6729 # 1504
6780 # 1504
6789 # 1504
6800 # 1504
6800 # 1504
6809 # 1504
6821 # 1504
6869 # 1504
6880 # 1504
6880 # 1504
6880 # 1504
6881 # 1504
6889 # 1504
6901 # 1504
6909 # 1504
6920 # 1504
6929 # 1504
6929 # 1504
6940 # 1504
6989 # 1504
7000 # 1504
7009 # 1504
7020 # 1504
7020 # 1504
7029 # 1504
7040 # 1504
7049 # 1504
7100 # 1504
7110 # 1504
7120 # 1504
7120 # 1504
7129 # 1504
7139 # 1504
7150 # 1504
7159 # 1504
7209 # 1504
7209 # 1504
7210 # 1504
7210 # 1504
7210 # 1504
7219 # 1504
7229 # 1504
7242 # 1504
7242 # 1504
7249 # 1504
7259 # 1504
7269 # 1504
7279 # 1504
7289 # 1504
7289 # 1504
7339 # 1504
7339 # 1504
7360 # 1504
7369 # 1504
7389 # 1504
7419 # 1504
7419 # 1504
7420 # 1504
7420 # 1504
7429 # 1504
7439 # 1504
7449 # 1504
7449 # 1504
7459 # 1504
7469 # 1504
7480 # 1504
7529 # 1504
7529 # 1504
7530 # 1504
7530 # 1504
7559 # 1504
7579 # 1504
7589 # 1504
7590 # 1504
7599 # 1504
7599 # 1504
7609 # 1504
7619 # 1504
7629 # 1504
7639 # 1504
7689 # 1504
7698 # 1504
7699 # 1504
7699 # 1504
7700 # 1504
7750 # 1504
7751 # 1504
7751 # 1504
7751 # 1504
7779 # 1504
7779 # 1504
7780 # 1504
7789 # 1504
7799 # 1504
7799 # 1504
7809 # 1504
7819 # 1504
7869 # 1504
7869 # 1504
7870 # 1504
7870 # 1504
7870 # 1504
7919 # 1504
7929 # 1504
7929 # 1504
7949 # 1504
7950 # 1504
7950 # 1504
7961 # 1504
7969 # 1504
7979 # 1504
7989 # 1504
8039 # 1504
8040 # 1504
8040 # 1504
8040 # 1504
8040 # 1504
8050 # 1504
8099 # 1504
8099 # 1504
8099 # 1504
8100 # 1504
8100 # 1504
8109 # 1504
8120 # 1504
8169 # 1504
8179 # 1504
8179 # 1504
8180 # 1504
8180 # 1504
8189 # 1504
8199 # 1504
8209 # 1504
8210 # 1504
8219 # 1504
8229 # 1504
8239 # 1504
8249 # 1504
8259 # 1504
8268 # 1504
8269 # 1504
8279 # 1504
8289 # 1504
8339 # 1504
8339 # 1504
8340 # 1504
8340 # 1504
8369 # 1504
8369 # 1504
8370 # 1504
8379 # 1504
8429 # 1504
8429 # 1504
8439 # 1504
8439 # 1504
8439 # 1504
8449 # 1504
8459 # 1504
8509 # 1504
8509 # 1504
8509 # 1504
8510 # 1504
8510 # 1504
8519 # 1504
8530 # 1504
8530 # 1504
8539 # 1504
8589 # 1504
8589 # 1504
8589 # 1504
8590 # 1504
8590 # 1504
8599 # 1504
8609 # 1504
8619 # 1504
8629 # 1504
8639 # 1504
8649 # 1504
8649 # 1504
8703 # 1504
8703 # 1504
8704 # 1504
8729 # 1504
8729 # 1504
8730 # 1504
8730 # 1504
8739 # 1504
8749 # 1504
8759 # 1504
8769 # 1504
8819 # 1504
8819 # 1504
8820 # 1504
8820 # 1504
8849 # 1504
8869 # 1504
8879 # 1504
8880 # 1504
8880 # 1504
8890 # 1504
8899 # 1504
8910 # 1504
8919 # 1504
8969 # 1504
8969 # 1504
8969 # 1504
8970 # 1504
8970 # 1504
8979 # 1504
9030 # 1504
9030 # 1504
9039 # 1504
9039 # 1504
9059 # 1504
9059 # 1504
9069 # 1504
9069 # 1504
9079 # 1504
9089 # 1504
9099 # 1504
9149 # 1504
9149 # 1504
9169 # 1504
9169 # 1504
9169 # 1504
9170 # 1504
9179 # 1504
9189 # 1504
9199 # 1504
9199 # 1504
9209 # 1504
9219 # 1504
9269 # 1504
9269 # 1504
9270 # 1504
9299 # 1504
9299 # 1504
9299 # 1504
9299 # 1504
9309 # 1504
9319 # 1504
9369 # 1504
9369 # 1504
9370 # 1504
9389 # 1504
9393 # 1504
9419 # 1504
9419 # 1504
9420 # 1504
9420 # 1504
9470 # 1504
9470 # 1504
9471 # 1504
9471 # 1504
9479 # 1504
9479 # 1504
9489 # 1504
9499 # 1504
9510 # 1504
9519 # 1504
9529 # 1504
9539 # 1504
9539 # 1504
9549 # 1504
9559 # 1504
9569 # 1504
9579 # 1504
9589 # 1504
9589 # 1504
9599 # 1504
9649 # 1504
9659 # 1504
9659 # 1504
9660 # 1504
9660 # 1504
9669 # 1504
9719 # 1504
9719 # 1504
9720 # 1504
9749 # 1504
9749 # 1504
9750 # 1504
9779 # 1504
9779 # 1504
9780 # 1504
9789 # 1504
9799 # 1504
9799 # 1504
9809 # 1504
9819 # 1504
9829 # 1504
9839 # 1504
9889 # 1504
9889 # 1504
9894 # 1504
9909 # 1504
9919 # 1504
9939 # 1504
9940 # 1504
9949 # 1504
9949 # 1504
9959 # 1504
9969 # 1504
9979 # 1504
9989 # 1504
9999 # 1504
9999 # 1504
10050 # 1504
10051 # 1504
10051 # 1504
10051 # 1504
10059 # 1504
10069 # 1504
10069 # 1504
10079 # 1504
10090 # 1504
10139 # 1504
10139 # 1504
10140 # 1504
10140 # 1504
10169 # 1504
10189 # 1504
10189 # 1504
10191 # 1504
10199 # 1504
10209 # 1504
10209 # 1504
10219 # 1504
10229 # 1504
10279 # 1504
10290 # 1504
10291 # 1504
10291 # 1504
10291 # 1504
10339 # 1504
10339 # 1504
10340 # 1504
10341 # 1504
10349 # 1504
10349 # 1504
10359 # 1504
10369 # 1504
10379 # 1504
10389 # 1504
10399 # 1504
10399 # 1504
10409 # 1504
10420 # 1504
10430 # 1504
10439 # 1504
10449 # 1504
10459 # 1504
10459 # 1504
10509 # 1504
10509 # 1504
10529 # 1504
10539 # 1504
10559 # 1504
10559 # 1504
10589 # 1504
10589 # 1504
10619 # 1504
10619 # 1504
10620 # 1504
10620 # 1504
10629 # 1504
10639 # 1504
10653 # 1504
10659 # 1504
10669 # 1504
10679 # 1504
10679 # 1504
10689 # 1504
10699 # 1504
10709 # 1504
10720 # 1504
10729 # 1504
10739 # 1504
10739 # 1504
10749 # 1504
10759 # 1504
10769 # 1504
10819 # 1504
10829 # 1504
10829 # 1504
10840 # 1504
10840 # 1504
10889 # 1504
10899 # 1504
10909 # 1504
10909 # 1504
10910 # 1504
10919 # 1504
10929 # 1504
10939 # 1504
10949 # 1504
10999 # 1504
10999 # 1504
10999 # 1504
11000 # 1504
11029 # 1504
11049 # 1504
11049 # 1504
11049 # 1504
11050 # 1504
11059 # 1504
11069 # 1504
11079 # 1504
11129 # 1504
11130 # 1504
11130 # 1504
11130 # 1504
11130 # 1504
11140 # 1504
11149 # 1504
11159 # 1504
11160 # 1504
11169 # 1504
11179 # 1504
11189 # 1504
11199 # 1504
11209 # 1504
11209 # 1504
11223 # 1504
11229 # 1504
11279 # 1504
11289 # 1504
11289 # 1504
11309 # 1504
11309 # 1504
11310 # 1504
11319 # 1504
11329 # 1504
11339 # 1504
11349 # 1504
11349 # 1504
11359 # 1504
11369 # 1504
11420 # 1504
11420 # 1504
11421 # 1504
11449 # 1504
11449 # 1504
11469 # 1504
11469 # 1504
11471 # 1504
11479 # 1504
11529 # 1504
11529 # 1504
11529 # 1504
11549 # 1504
11549 # 1504
11549 # 1504
11559 # 1504
11569 # 1504
11569 # 1504
11579 # 1504
11589 # 1504
11599 # 1504
11649 # 1504
11649 # 1504
11650 # 1504
11650 # 1504
11650 # 1504
11659 # 1504
11669 # 1504
11679 # 1504
11688 # 1504
11689 # 1504
11699 # 1504
11709 # 1504
11719 # 1504
11723 + 52
11729 # 1504
11729 - 52 6
11779 # 1504
11779 # 1504
11789 # 1504
11789 # 1504
11809 # 1504
11814 # 1504
11859 # 1504
11859 # 1504
11869 # 1504
11869 # 1504
11870 # 1504
11880 # 1504
11889 # 1504
11899 # 1504
11899 # 1504
11909 # 1504
11959 # 1504
11959 # 1504
11960 # 1504
11989 # 1504
11989 # 1504
12010 # 1504
12010 # 1504
12011 # 1504
12059 # 1504
12069 # 1504
12069 # 1504
12069 # 1504
12070 # 1504
12079 # 1504
12089 # 1504
12139 # 1504
12139 # 1504
12140 # 1504
12140 # 1504
12140 # 1504
12149 # 1504
12159 # 1504
12169 # 1504
12179 # 1504
12179 # 1504
12189 # 1504
12199 # 1504
12209 # 1504
12219 # 1504
12229 # 1504
12229 # 1504
12239 # 1504
12249 # 1504
12259 # 1504
12309 # 1504
12310 # 1504
12310 # 1504
12310 # 1504
12315 # 1504
12319 # 1504
12369 # 1504
12369 # 1504
12370 # 1504
12370 # 1504
12399 # 1504
12420 # 1504
12420 # 1504
12449 # 1504
12469 # 1504
12469 # 1504
12479 # 1504
12481 # 1504
12489 # 1504
12499 # 1504
12509 # 1504
12519 # 1504
12519 # 1504
12529 # 1504
12539 # 1504
12549 # 1504
12559 # 1504
12609 # 1504
12609 # 1504
12609 # 1504
12610 # 1504
12610 # 1504
12619 # 1504
12629 # 1504
12639 # 1504
12639 # 1504
12649 # 1504
12659 # 1504
12669 # 1504
12719 # 1504
12720 # 1504
12720 # 1504
12720 # 1504
12749 # 1504
12769 # 1504
12769 # 1504
12770 # 1504
12770 # 1504
12779 # 1504
12789 # 1504
12799 # 1504
12809 # 1504
12823 # 1504
12829 # 1504
12829 # 1504
12839 # 1504
12849 # 1504
12859 # 1504
12909 # 1504
12909 # 1504
12909 # 1504
12911 # 1504
12939 # 1504
12939 # 1504
12969 # 1504
12969 # 1504
12970 # 1504
12970 # 1504
12980 # 1504
12989 # 1504
12999 # 1504
13009 # 1504
13019 # 1504
13019 # 1504
13029 # 1504
13039 # 1504
13049 # 1504
13059 # 1504
13069 # 1504
13079 # 1504
13079 # 1504
13089 # 1504
13140 # 1504
13149 # 1504
13149 # 1504
13169 # 1504
13169 # 1504
13199 # 1504
13219 # 1504
13219 # 1504
13249 # 1504
13269 # 1504
13269 # 1504
13269 # 1504
13270 # 1504
13279 # 1504
13293 # 1504
13299 # 1504
13309 # 1504
13309 # 1504
13359 # 1504
13360 # 1504
13360 # 1504
13361 # 1504
13370 # 1504
13370 # 1504
13379 # 1504
13429 # 1504
13439 # 1504
13439 # 1504
13440 # 1504
13490 # 1504
13490 # 1504
13491 # 1504
13491 # 1504
13491 # 1504
13539 # 1504
13540 # 1504
13540 # 1504
13540 # 1504
13540 # 1504
13549 # 1504
13559 # 1504
13568 # 1504
13579 # 1504
13589 # 1504
13598 # 1504
13608 # 1504
13618 # 1504
13628 # 1504
13639 # 1504
13639 # 1504
13649 # 1504
13659 # 1504
13709 # 1504
13709 # 1504
13729 # 1504
13729 # 1504
13739 # 1504
13759 # 1504
13759 # 1504
13769 # 1504
13783 # 1504
13789 # 1504
13789 # 1504
13799 # 1504
13809 # 1504
13819 # 1504
13869 # 1504
13869 # 1504
13869 # 1504
13871 # 1504
13871 # 1504
13919 # 1504
13929 # 1504
13929 # 1504
13930 # 1504
13930 # 1504
13940 # 1504
13949 # 1504
13959 # 1504
13969 # 1504
13979 # 1504
13979 # 1504
13989 # 1504
14039 # 1504
14039 # 1504
14040 # 1504
14040 # 1504
14089 # 1504
14089 # 1504
14089 # 1504
14090 # 1504
14090 # 1504
14099 # 1504
14109 # 1504
14109 # 1504
14119 # 1504
14129 # 1504
14139 # 1504
14149 # 1504
14159 # 1504
14159 # 1504
14209 # 1504
14209 # 1504
14209 # 1504
14210 # 1504
14219 # 1504
14229 # 1504
14229 # 1504
14239 # 1504
14249 # 1504
14259 # 1504
14269 # 1504
14279 # 1504
14280 # 1504
14329 # 1504
14333 # 1504
14334 # 1504
14334 # 1504
14379 # 1504
14389 # 1504
14389 # 1504
14399 # 1504
14399 # 1504
14410 # 1504
14459 # 1504
14460 # 1504
14460 # 1504
14479 # 1504
14489 # 1504
14509 # 1504
14510 # 1504
14519 # 1504
14529 # 1504
14529 # 1504
14539 # 1504
14549 # 1504
14559 # 1504
14609 # 1504
14610 # 1504
14610 # 1504
14610 # 1504
14611 # 1504
14619 # 1504
14669 # 1504
14669 # 1504
14669 # 1504
14670 # 1504
14670 # 1504
14679 # 1504
14689 # 1504
14699 # 1504
14709 # 1504
14709 # 1504
14719 # 1504
14729 # 1504
14739 # 1504
14749 # 1504
14759 # 1504
14760 # 1504
14809 # 1504
14819 # 1504
14819 # 1504
14839 # 1504
14840 # 1504
14848 # 1504
14849 # 1504
14859 # 1504
14873 # 1504
14879 # 1504
14889 # 1504
14899 # 1504
14899 # 1504
14909 # 1504
14919 # 1504
14929 # 1504
14939 # 1504
14949 # 1504
14959 # 1504
14959 # 1504
15009 # 1504
15019 # 1504
15029 # 1504
15029 # 1504
15040 # 1504
15040 # 1504
15049 # 1504
15099 # 1504
15099 # 1504
15119 # 1504
15129 # 1504
15129 # 1504
15149 # 1504
15180 # 1504
15180 # 1504
15181 # 1504
15189 # 1504
15199 # 1504
15199 # 1504
15209 # 1504
15220 # 1504
15229 # 1504
15239 # 1504
15289 # 1504
15289 # 1504
15299 # 1504
15309 # 1504
15309 # 1504
15359 # 1504
15359 # 1504
15360 # 1504
15360 # 1504
15360 # 1504
15369 # 1504
15419 # 1504
15419 # 1504
15420 # 1504
15420 # 1504
15420 # 1504
15469 # 1504
15469 # 1504
15470 # 1504
15470 # 1504
15470 # 1504
15479 # 1504
15493 # 1504
15499 # 1504
15509 # 1504
15519 # 1504
15529 # 1504
15529 # 1504
15539 # 1504
15549 # 1504
15560 # 1504
15569 # 1504
15579 # 1504
15579 # 1504
15589 # 1504
15599 # 1504
15649 # 1504
15659 # 1504
15669 # 1504
15680 # 1504
15680 # 1504
15689 # 1504
15699 # 1504
15709 # 1504
15720 # 1504
15729 # 1504
15738 # 1504
15739 # 1504
15749 # 1504
15759 # 1504
15769 # 1504
15819 # 1504
15829 # 1504
15829 # 1504
15839 # 1504
15849 # 1504
15900 # 1504
15900 # 1504
15900 # 1504
15900 # 1504
15903 # 1504
15910 # 1504
15919 # 1504
15969 # 1504
15969 # 1504
15989 # 1504
15989 # 1504
15999 # 1504
16019 # 1504
16019 # 1504
16029 # 1504
16039 # 1504
16039 # 1504
16049 # 1504
16059 # 1504
16069 # 1504
16079 # 1504
16129 # 1504
16129 # 1504
16129 # 1504
16149 # 1504
16163 # 1504
16163 # 1504
16209 # 1504
16219 # 1504
16220 # 1504
16220 # 1504
16221 # 1504
16229 # 1504
16239 # 1504
16249 # 1504
16249 # 1504
16259 # 1504
16269 # 1504
16279 # 1504
16289 # 1504
16299 # 1504
16309 # 1504
16309 # 1504
16319 # 1504
16369 # 1504
16369 # 1504
16370 # 1504
16370 # 1504
16370 # 1504
16419 # 1504
16419 # 1504
16420 # 1504
16420 # 1504
16429 # 1504
16439 # 1504
16439 # 1504
16449 # 1504
16459 # 1504
16469 # 1504
16479 # 1504
16489 # 1504
16489 # 1504
16501 # 1504
16511 # 1504
16559 # 1504
16569 # 1504
16569 # 1504
16569 # 1504
16589 # 1504
16594 # 1504
16599 # 1504
16609 # 1504
16659 # 1504
16669 # 1504
16669 # 1504
16670 # 1504
16671 # 1504
16719 # 1504
16719 # 1504
16720 # 1504
16720 # 1504
16749 # 1504
16751 # 1504
16751 # 1504
16760 # 1504
16769 # 1504
16820 # 1504
16820 # 1504
16821 # 1504
16821 # 1504
16823 # 1504
16829 # 1504
16840 # 1504
16840 # 1504
16889 # 1504
16889 # 1504
16890 # 1504
16919 # 1504
16919 # 1504
16920 # 1504
16920 # 1504
16969 # 1504
16979 # 1504
16979 # 1504
16980 # 1504
17029 # 1504
17029 # 1504
17029 # 1504
17030 # 1504
17030 # 1504
17039 # 1504
17049 # 1504
17049 # 1504
17059 # 1504
17069 # 1504
17079 # 1504
17089 # 1504
17099 # 1504
17109 # 1504
17109 # 1504
17119 # 1504
17129 # 1504
17139 # 1504
17149 # 1504
17163 # 1504
17163 # 1504
17209 # 1504
17209 # 1504
17210 # 1504
17210 # 1504
17259 # 1504
17270 # 1504
17270 # 1504
17279 # 1504
17279 # 1504
17289 # 1504
17299 # 1504
17310 # 1504
17310 # 1504
17319 # 1504
17329 # 1504
17339 # 1504
17349 # 1504
17359 # 1504
17369 # 1504
17369 # 1504
17379 # 1504
17390 # 1504
17399 # 1504
17409 # 1504
17419 # 1504
17419 # 1504
17429 # 1504
17439 # 1504
17490 # 1504
17490 # 1504
17509 # 1504
17519 # 1504
17519 # 1504
17519 # 1504
17569 # 1504
17579 # 1504
17589 # 1504
17590 # 1504
17590 # 1504
17639 # 1504
17649 # 1504
17659 # 1504
17659 # 1504
17709 # 1504
17709 # 1504
17719 # 1504
17729 # 1504
17739 # 1504
17753 # 1504
17759 # 1504
17769 # 1504
17769 # 1504
17779 # 1504
17789 # 1504
17799 # 1504
17809 # 1504
17819 # 1504
17819 # 1504
17870 # 1504
17880 # 1504
17881 # 1504
17899 # 1504
17899 # 1504
17910 # 1504
17910 # 1504
17919 # 1504
17929 # 1504
17939 # 1504
17949 # 1504
17999 # 1504
17999 # 1504
18009 # 1504
18019 # 1504
18029 # 1504
18039 # 1504
18049 # 1504
18059 # 1504
18059 # 1504
18069 # 1504
18079 # 1504
18089 # 1504
18099 # 1504
18109 # 1504
18109 # 1504
18119 # 1504
18169 # 1504
18179 # 1504
18179 # 1504
18199 # 1504
18199 # 1504
18200 # 1504
18249 # 1504
18254 # 1504
18254 # 1504
18254 # 1504
18259 # 1504
18259 # 1504
18310 # 1504
18310 # 1504
18311 # 1504
18311 # 1504
18359 # 1504
18359 # 1504
18360 # 1504
18360 # 1504
18360 # 1504
18370 # 1504
18419 # 1504
18420 # 1504
18420 # 1504
18420 # 1504
18421 # 1504
18470 # 1504
18470 # 1504
18471 # 1504
18471 # 1504
18471 # 1504
18481 # 1504
18489 # 1504
18499 # 1504
18509 # 1504
18519 # 1504
18519 # 1504
18570 # 1504
18570 # 1504
18571 # 1504
18571 # 1504
18619 # 1504
18619 # 1504
18629 # 1504
18629 # 1504
18629 # 1504
18643 # 1504
18651 # 1504
18659 # 1504
18659 # 1504
18669 # 1504
18679 # 1504
18690 # 1504
18699 # 1504
18709 # 1504
18709 # 1504
18720 # 1504
18729 # 1504
18739 # 1504
18749 # 1504
18759 # 1504
18759 # 1504
18769 # 1504
18779 # 1504
18789 # 1504
18800 # 1504
18809 # 1504
18859 # 1504
18859 # 1504
18859 # 1504
18879 # 1504
18889 # 1504
18909 # 1504
18910 # 1504
18910 # 1504
18919 # 1504
18929 # 1504
18979 # 1504
18979 # 1504
18980 # 1504
18981 # 1504
18981 # 1504
19029 # 1504
19039 # 1504
19049 # 1504
19049 # 1504
19059 # 1504
19060 # 1504
19069 # 1504
19079 # 1504
19129 # 1504
19129 # 1504
19130 # 1504
19130 # 1504
19130 # 1504
19143 # 1504
19149 # 1504
19159 # 1504
19169 # 1504
19179 # 1504
19179 # 1504
19189 # 1504
19199 # 1504
19209 # 1504
19220 # 1504
19229 # 1504
19239 # 1504
19239 # 1504
19249 # 1504
19299 # 1504
19299 # 1504
19319 # 1504
19331 # 1504
19331 # 1504
19350 # 1504
19350 # 1504
19399 # 1504
19399 # 1504
19401 # 1504
19429 # 1504
19429 # 1504
19429 # 1504
19459 # 1504
19459 # 1504
19460 # 1504
19469 # 1504
19469 # 1504
19479 # 1504
19489 # 1504
19499 # 1504
19511 # 1504
19521 # 1504
19521 # 1504
19529 # 1504
19539 # 1504
19549 # 1504
19559 # 1504
19569 # 1504
19580 # 1504
19580 # 1504
19589 # 1504
19600 # 1504
19609 # 1504
19619 # 1504
19629 # 1504
19629 # 1504
19679 # 1504
19689 # 1504
19699 # 1504
19709 # 1504
19721 # 1504
19729 # 1504
19729 # 1504
19739 # 1504
19789 # 1504
19789 # 1504
19789 # 1504
19790 # 1504
19790 # 1504
19842 # 1504
19849 # 1504
19849 # 1504
19869 # 1504
19870 # 1504
19879 # 1504
19879 # 1504
19891 # 1504
19900 # 1504
19951 # 1504
19953 # 1504
19953 # 1504
19953 # 1504
19953 # 1504
19999 # 1504
20001 # 1504
20019 # 1504
20020 # 1504
20020 # 1504
20020 # 1504
20029 # 1504
20039 # 1504
20049 # 1504
20059 # 1504
20069 # 1504
20069 # 1504
20079 # 1504
20089 # 1504
20099 # 1504
20149 # 1504
20161 # 1504
20169 # 1504
20169 # 1504
20179 # 1504
20189 # 1504
20200 # 1504
20209 # 1504
20259 # 1504
20259 # 1504
20260 # 1504
20260 # 1504
20260 # 1504
20269 # 1504
20279 # 1504
20279 # 1504
20330 # 1504
20340 # 1504
20349 # 1504
20349 # 1504
20399 # 1504
20409 # 1504
20409 # 1504
20409 # 1504
20410 # 1504
20419 # 1504
20429 # 1504
20439 # 1504
20439 # 1504
20449 # 1504
20499 # 1504
20500 # 1504
20504 # 1504
20506 # 1504
20510 # 1504
20510 # 1504
20519 # 1504
20529 # 1504
20539 # 1504
20549 # 1504
20560 # 1504
20560 # 1504
20569 # 1504
20580 # 1504
20589 # 1504
20600 # 1504
20649 # 1504
20649 # 1504
20649 # 1504
20669 # 1504
20670 # 1504
20699 # 1504
20719 # 1504
20720 # 1504
20720 # 1504
20720 # 1504
20729 # 1504
20739 # 1504
20749 # 1504
20759 # 1504
20759 # 1504
20769 # 1504
20819 # 1504
20819 # 1504
20820 # 1504
20820 # 1504
20869 # 1504
20869 # 1504
20869 # 1504
20870 # 1504
20870 # 1504
20879 # 1504
20889 # 1504
20889 # 1504
20899 # 1504
20949 # 1504
20960 # 1504
20961 # 1504
20964 # 1504
20969 # 1504
20969 # 1504
20979 # 1504
20989 # 1504
21039 # 1504
21040 # 1504
21041 # 1504
21041 # 1504
21041 # 1504
21049 # 1504
21059 # 1504
21069 # 1504
21079 # 1504
21090 # 1504
21090 # 1504
21099 # 1504
21109 # 1504
21119 # 1504
21129 # 1504
21139 # 1504
21139 # 1504
21149 # 1504
21159 # 1504
21210 # 1504
21219 # 1504
21229 # 1504
21239 # 1504
21239 # 1504
21290 # 1504
21290 # 1504
21291 # 1504
21291 # 1504
21339 # 1504
21339 # 1504
21339 # 1504
21340 # 1504
21341 # 1504
21349 # 1504
21359 # 1504
21369 # 1504
21369 # 1504
21419 # 1504
21429 # 1504
21429 # 1504
21430 # 1504
21439 # 1504
21439 # 1504
21449 # 1504
21459 # 1504
21471 # 1504
21480 # 1504
21489 # 1504
21499 # 1504
21499 # 1504
21509 # 1504
21519 # 1504
21529 # 1504
21539 # 1504
21589 # 1504
21589 # 1504
21589 # 1504
21609 # 1504
21609 # 1504
21609 # 1504
21619 # 1504
21619 # 1504
21669 # 1504
21679 # 1504
21689 # 1504
21699 # 1504
21709 # 1504
21719 # 1504
21719 # 1504
21729 # 1504
21739 # 1504
21749 # 1504
21759 # 1504
21769 # 1504
21769 # 1504
21779 # 1504
21789 # 1504
21800 # 1504
21809 # 1504
21819 # 1504
21828 # 1504
21829 # 1504
21850 # 1504
21859 # 1504
21869 # 1504
21919 # 1504
21919 # 1504
21929 # 1504
21939 # 1504
21949 # 1504
21999 # 1504
22009 # 1504
22009 # 1504
22019 # 1504
22029 # 1504
22039 # 1504
22049 # 1504
22059 # 1504
22109 # 1504
22109 # 1504
22110 # 1504
22110 # 1504
22110 # 1504
22159 # 1504
22160 # 1504
22160 # 1504
22160 # 1504
22189 # 1504
22189 # 1504
22189 # 1504
22199 # 1504
22199 # 1504
22249 # 1504
22259 # 1504
22260 # 1504
22279 # 1504
22279 # 1504
22289 # 1504
22289 # 1504
22299 # 1504
22309 # 1504
22319 # 1504
22330 # 1504
22341 # 1504
22341 # 1504
22349 # 1504
22359 # 1504
22369 # 1504
22379 # 1504
22389 # 1504
22399 # 1504
22399 # 1504
22409 # 1504
22459 # 1504
22469 # 1504
22469 # 1504
22489 # 1504
22489 # 1504
22519 # 1504
22519 # 1504
22520 # 1504
22529 # 1504
22539 # 1504
22539 # 1504
22549 # 1504
22559 # 1504
22569 # 1504
22619 # 1504
22629 # 1504
22639 # 1504
22639 # 1504
22639 # 1504
22649 # 1504
22659 # 1504
22709 # 1504
22709 # 1504
22709 # 1504
22710 # 1504
22710 # 1504
22759 # 1504
22769 # 1504
22770 # 1504
22770 # 1504
22770 # 1504
22779 # 1504
22789 # 1504
22799 # 1504
22809 # 1504
22819 # 1504
22819 # 1504
22829 # 1504
22839 # 1504
22849 # 1504
22899 # 1504
22909 # 1504
22909 # 1504
22909 # 1504
22910 # 1504
22919 # 1504
22929 # 1504
22939 # 1504
22949 # 1504
22949 # 1504
22959 # 1504
23009 # 1504
23009 # 1504
23029 # 1504
23029 # 1504
23029 # 1504
23059 # 1504
23079 # 1504
23089 # 1504
23109 # 1504
23109 # 1504
23110 # 1504
23119 # 1504
23129 # 1504
23139 # 1504
23149 # 1504
23159 # 1504
23209 # 1504
23209 # 1504
23219 # 1504
23219 # 1504
23220 # 1504
23229 # 1504
23239 # 1504
23239 # 1504
23249 # 1504
23259 # 1504
23269 # 1504
23279 # 1504
23289 # 1504
23289 # 1504
23299 # 1504
23309 # 1504
23359 # 1504
23359 # 1504
23360 # 1504
23360 # 1504
23360 # 1504
24207 # 1504
25186 # 1504
26186 # 1504
27197 # 1504
27595 + 52
28127 # 1504
28127 - 52 532
28147 # 1504
28207 # 1504
28227 # 1504
28238 # 1504
28298 # 1504
28317 # 1504
28368 # 1504
28368 # 1504
28369 # 1504
28378 # 1504
28389 # 1504
28399 # 1504
28399 # 1504
28449 # 1504
28459 # 1504
28469 # 1504
28469 # 1504
28479 # 1504
28529 # 1504
28529 # 1504
28529 # 1504
28549 # 1504
28559 # 1504
28559 # 1504
28609 # 1504
28609 # 1504
28619 # 1504
28619 # 1504
28620 # 1504
28629 # 1504
28639 # 1504
28639 # 1504
28649 # 1504
28659 # 1504
28709 # 1504
28709 # 1504
28710 # 1504
28711 # 1504
28711 # 1504
28719 # 1504
28729 # 1504
28739 # 1504
28749 # 1504
28759 # 1504
28759 # 1504
28769 # 1504
28819 # 1504
28819 # 1504
28820 # 1504
28820 # 1504
28869 # 1504
28869 # 1504
28869 # 1504
28870 # 1504
28870 # 1504
28879 # 1504
28889 # 1504
28889 # 1504
28899 # 1504
28909 # 1504
28919 # 1504
28929 # 1504
28939 # 1504
28939 # 1504
28949 # 1504
28999 # 1504
28999 # 1504
29019 # 1504
29029 # 1504
29029 # 1504
29030 # 1504
29039 # 1504
29049 # 1504
29099 # 1504
29099 # 1504
29100 # 1504
29100 # 1504
29129 # 1504
29129 # 1504
29129 # 1504
29139 # 1504
29149 # 1504
29150 # 1504
29199 # 1504
29199 # 1504
29200 # 1504
29229 # 1504
29249 # 1504
29259 # 1504
29259 # 1504
29259 # 1504
29269 # 1504
29279 # 1504
29289 # 1504
29299 # 1504
29299 # 1504
29309 # 1504
29319 # 1504
29329 # 1504
29339 # 1504
29349 # 1504
29359 # 1504
29359 # 1504
29409 # 1504
29409 # 1504
29409 # 1504
29410 # 1504
29419 # 1504
29419 # 1504
29469 # 1504
29469 # 1504
29489 # 1504
29489 # 1504
29519 # 1504
29519 # 1504
29539 # 1504
29539 # 1504
29540 # 1504
29549 # 1504
29559 # 1504
29569 # 1504
29569 # 1504
29579 # 1504
29589 # 1504
29599 # 1504
29609 # 1504
29619 # 1504
29619 # 1504
29629 # 1504
29639 # 1504
29649 # 1504
29699 # 1504
29709 # 1504
29709 # 1504
29719 # 1504
29719 # 1504
29729 # 1504
29739 # 1504
29749 # 1504
29759 # 1504
29759 # 1504
29809 # 1504
29819 # 1504
29829 # 1504
29839 # 1504
29849 # 1504
29849 # 1504
29859 # 1504
29869 # 1504
29879 # 1504
29889 # 1504
29899 # 1504
29909 # 1504
29909 # 1504
29959 # 1504
29969 # 1504
29979 # 1504
29980 # 1504
29989 # 1504
29989 # 1504
29999 # 1504
30009 # 1504
30019 # 1504
30029 # 1504
30039 # 1504
30039 # 1504
30049 # 1504
30059 # 1504
30109 # 1504
30119 # 1504
30119 # 1504
30119 # 1504
30128 # 1504
30179 # 1504
30189 # 1504
30199 # 1504
30199 # 1504
30209 # 1504
30219 # 1504
30229 # 1504
30239 # 1504
30249 # 1504
30298 # 1504
30308 # 1504
30308 # 1504
30318 # 1504
30319 # 1504
30328 # 1504
30339 # 1504
30348 # 1504
30399 # 1504
30408 # 1504
30419 # 1504
30428 # 1504
30479 # 1504
30479 # 1504
30480 # 1504
30509 # 1504
30510 # 1504
30510 # 1504
30510 # 1504
30519 # 1504
30529 # 1504
30539 # 1504
30549 # 1504
30549 # 1504
30559 # 1504
30569 # 1504
30579 # 1504
30589 # 1504
30639 # 1504
30649 # 1504
30649 # 1504
30659 # 1504
30669 # 1504
30679 # 1504
30688 # 1504
30699 # 1504
30708 # 1504
30719 # 1504
30728 # 1504
30739 # 1504
30748 # 1504
30758 # 1504
30809 # 1504
30819 # 1504
30819 # 1504
30829 # 1504
30839 # 1504
30889 # 1504
30889 # 1504
30890 # 1504
30890 # 1504
30890 # 1504
30899 # 1504
30909 # 1504
30919 # 1504
30929 # 1504
30940 # 1504
30940 # 1504
30949 # 1504
30959 # 1504
30969 # 1504
31019 # 1504
31029 # 1504
31029 # 1504
31029 # 1504
31049 # 1504
31049 # 1504
31059 # 1504
31069 # 1504
31119 # 1504
31119 # 1504
31119 # 1504
31120 # 1504
31149 # 1504
31149 # 1504
31179 # 1504
31179 # 1504
31180 # 1504
31180 # 1504
31189 # 1504
31199 # 1504
31209 # 1504
31209 # 1504
31219 # 1504
31229 # 1504
31279 # 1504
31280 # 1504
31280 # 1504
31309 # 1504
31309 # 1504
31329 # 1504
31329 # 1504
31329 # 1504
31339 # 1504
31349 # 1504
31349 # 1504
31359 # 1504
31369 # 1504
31379 # 1504
31389 # 1504
31399 # 1504
31399 # 1504
31409 # 1504
31419 # 1504
31429 # 1504
31439 # 1504
31449 # 1504
31459 # 1504
31459 # 1504
31469 # 1504
31520 # 1504
31520 # 1504
31539 # 1504
31549 # 1504
31549 # 1504
31569 # 1504
31569 # 1504
31619 # 1504
31619 # 1504
31639 # 1504
31640 # 1504
31640 # 1504
31669 # 1504
31670 # 1504
31699 # 1504
31700 # 1504
31700 # 1504
31700 # 1504
31709 # 1504
31719 # 1504
31729 # 1504
31739 # 1504
31749 # 1504
31759 # 1504
31759 # 1504
31769 # 1504
31779 # 1504
31789 # 1504
31800 # 1504
31809 # 1504
31809 # 1504
31859 # 1504
31859 # 1504
31879 # 1504
31889 # 1504
31909 # 1504
31911 # 1504
31911 # 1504
31959 # 1504
31959 # 1504
31960 # 1504
31960 # 1504
31969 # 1504
31969 # 1504
31980 # 1504
31989 # 1504
31999 # 1504
32010 # 1504
32019 # 1504
32029 # 1504
32029 # 1504
32039 # 1504
32049 # 1504
32059 # 1504
32069 # 1504
32119 # 1504
32119 # 1504
32129 # 1504
32129 # 1504
32129 # 1504
32179 # 1504
32180 # 1504
32180 # 1504
32180 # 1504
32180 # 1504
32229 # 1504
32230 # 1504
32230 # 1504
32230 # 1504
32230 # 1504
32239 # 1504
32249 # 1504
32259 # 1504
32269 # 1504
32279 # 1504
32279 # 1504
32289 # 1504
32299 # 1504
32349 # 1504
32349 # 1504
32369 # 1504
32379 # 1504
32379 # 1504
32399 # 1504
32433 # 1504
32449 # 1504
32449 # 1504
32450 # 1504
32450 # 1504
32459 # 1504
32470 # 1504
32479 # 1504
32489 # 1504
32499 # 1504
32509 # 1504
32509 # 1504
32519 # 1504
32529 # 1504
32539 # 1504
32549 # 1504
32560 # 1504
32560 # 1504
32569 # 1504
32579 # 1504
32589 # 1504
32599 # 1504
32649 # 1504
32659 # 1504
32659 # 1504
32660 # 1504
32660 # 1504
32669 # 1504
32679 # 1504
32729 # 1504
32729 # 1504
32730 # 1504
32731 # 1504
32731 # 1504
32739 # 1504
32749 # 1504
32759 # 1504
32759 # 1504
32809 # 1504
32809 # 1504
32811 # 1504
32811 # 1504
32859 # 1504
32859 # 1504
32869 # 1504
32879 # 1504
32879 # 1504
32890 # 1504
32900 # 1504
32909 # 1504
32909 # 1504
32919 # 1504
32929 # 1504
32939 # 1504
32949 # 1504
32959 # 1504
32959 # 1504
32969 # 1504
33019 # 1504
33029 # 1504
33029 # 1504
33049 # 1504
33050 # 1504
33050 # 1504
33060 # 1504
33069 # 1504
33079 # 1504
33089 # 1504
33099 # 1504
33099 # 1504
33109 # 1504
33159 # 1504
33169 # 1504
33170 # 1504
33189 # 1504
33189 # 1504
33189 # 1504
33199 # 1504
33210 # 1504
33259 # 1504
33259 # 1504
33260 # 1504
33260 # 1504
33260 # 1504
33269 # 1504
33279 # 1504
33289 # 1504
33299 # 1504
33309 # 1504
33309 # 1504
33319 # 1504
33369 # 1504
33379 # 1504
33379 # 1504
33399 # 1504
33399 # 1504
33400 # 1504
33409 # 1504
33430 # 1504
33469 # 1504
33479 # 1504
33479 # 1504
33489 # 1504
33503 # 1504
33549 # 1504
33559 # 1504
33569 # 1504
33580 # 1504
33580 # 1504
33589 # 1504
33599 # 1504
33609 # 1504
33619 # 1504
33629 # 1504
33629 # 1504
33639 # 1504
33649 # 1504
33659 # 1504
33669 # 1504
33679 # 1504
33689 # 1504
33689 # 1504
33739 # 1504
33739 # 1504
33740 # 1504
33769 # 1504
33790 # 1504
33790 # 1504
33790 # 1504
33791 # 1504
33839 # 1504
33849 # 1504
33859 # 1504
33860 # 1504
33860 # 1504
33870 # 1504
33879 # 1504
33889 # 1504
33939 # 1504
33940 # 1504
33940 # 1504
33940 # 1504
33940 # 1504
33949 # 1504
33959 # 1504
33969 # 1504
33979 # 1504
33979 # 1504
33989 # 1504
33999 # 1504
34009 # 1504
34019 # 1504
34030 # 1504
34030 # 1504
34039 # 1504
34049 # 1504
34059 # 1504
34109 # 1504
34119 # 1504
34129 # 1504
34129 # 1504
34139 # 1504
34150 # 1504
34159 # 1504
34169 # 1504
34219 # 1504
34219 # 1504
34229 # 1504
34239 # 1504
34249 # 1504
34299 # 1504
34309 # 1504
34319 # 1504
34319 # 1504
34320 # 1504
34329 # 1504
34339 # 1504
34349 # 1504
34359 # 1504
34359 # 1504
34369 # 1504
34379 # 1504
34389 # 1504
34399 # 1504
34449 # 1504
34450 # 1504
34451 # 1504
34451 # 1504
34451 # 1504
34459 # 1504
34509 # 1504
34509 # 1504
34510 # 1504
34510 # 1504
34511 # 1504
34519 # 1504
34529 # 1504
34539 # 1504
34589 # 1504
34589 # 1504
34599 # 1504
34609 # 1504
34619 # 1504
34630 # 1504
34639 # 1504
34639 # 1504
34649 # 1504
34659 # 1504
34669 # 1504
34679 # 1504
34729 # 1504
34739 # 1504
34739 # 1504
34740 # 1504
34740 # 1504
34790 # 1504
34790 # 1504
34809 # 1504
34809 # 1504
34819 # 1504
34819 # 1504
34830 # 1504
34839 # 1504
34849 # 1504
34859 # 1504
34859 # 1504
34869 # 1504
34879 # 1504
34889 # 1504
34899 # 1504
34909 # 1504
34909 # 1504
34919 # 1504
34929 # 1504
34939 # 1504
34949 # 1504
34999 # 1504
35000 # 1504
35000 # 1504
35019 # 1504
35029 # 1504
35049 # 1504
35049 # 1504
35060 # 1504
35060 # 1504
35109 # 1504
35110 # 1504
35110 # 1504
35110 # 1504
35159 # 1504
35159 # 1504
35169 # 1504
35169 # 1504
35170 # 1504
35253 # 1504
35253 # 1504
35254 # 1504
35254 # 1504
35254 # 1504
35259 # 1504
35269 # 1504
35310 # 1504
35319 # 1504
35319 # 1504
35329 # 1504
35339 # 1504
35349 # 1504
35359 # 1504
35370 # 1504
35380 # 1504
35380 # 1504
35389 # 1504
35399 # 1504
35459 # 1504
35469 # 1504
35479 # 1504
35479 # 1504
35480 # 1504
35540 # 1504
35549 # 1504
35549 # 1504
35550 # 1504
35559 # 1504
35560 # 1504
35569 # 1504
35580 # 1504
35589 # 1504
35639 # 1504
35649 # 1504
35649 # 1504
35659 # 1504
35669 # 1504
35679 # 1504
35689 # 1504
35699 # 1504
35709 # 1504
35709 # 1504
35759 # 1504
35759 # 1504
35760 # 1504
35810 # 1504
35811 # 1504
35811 # 1504
35811 # 1504
35812 # 1504
35819 # 1504
35829 # 1504
35839 # 1504
35849 # 1504
35849 # 1504
35859 # 1504
35869 # 1504
35879 # 1504
35929 # 1504
35939 # 1504
35939 # 1504
35949 # 1504
35949 # 1504
35959 # 1504
35969 # 1504
35979 # 1504
35979 # 1504
35989 # 1504
36039 # 1504
36049 # 1504
36059 # 1504
36059 # 1504
36069 # 1504
36069 # 1504
36079 # 1504
36089 # 1504
36099 # 1504
36149 # 1504
36159 # 1504
36159 # 1504
36169 # 1504
36169 # 1504
36179 # 1504
36189 # 1504
36274 # 1504
36279 # 1504
36279 # 1504
36280 # 1504
36280 # 1504
36329 # 1504
36330 # 1504
36339 # 1504
36339 # 1504
36349 # 1504
36359 # 1504
36369 # 1504
36379 # 1504
36389 # 1504
36390 # 1504
36400 # 1504
36419 # 1504
36429 # 1504
36439 # 1504
36449 # 1504
36459 # 1504
36459 # 1504
36521 # 1504
36529 # 1504
36539 # 1504
36539 # 1504
36551 # 1504
36551 # 1504
36560 # 1504
36569 # 1504
36579 # 1504
36629 # 1504
36629 # 1504
36659 # 1504
36659 # 1504
36660 # 1504
36660 # 1504
36669 # 1504
36679 # 1504
36689 # 1504
36689 # 1504
36699 # 1504
36749 # 1504
36749 # 1504
36750 # 1504
36779 # 1504
36779 # 1504
36780 # 1504
36780 # 1504
36789 # 1504
36799 # 1504
36849 # 1504
36859 # 1504
36859 # 1504
36860 # 1504
36860 # 1504
36883 # 1504
36929 # 1504
36939 # 1504
36939 # 1504
36949 # 1504
36949 # 1504
37000 # 1504
37009 # 1504
37009 # 1504
37029 # 1504
37029 # 1504
37029 # 1504
37039 # 1504
37049 # 1504
37059 # 1504
37069 # 1504
37069 # 1504
37079 # 1504
37089 # 1504
37099 # 1504
37149 # 1504
37199 # 1504
37209 # 1504
37209 # 1504
37219 # 1504
37220 # 1504
37229 # 1504
37249 # 1504
37259 # 1504
37259 # 1504
37269 # 1504
37279 # 1504
37289 # 1504
37299 # 1504
37309 # 1504
37309 # 1504
37319 # 1504
37369 # 1504
37369 # 1504
37389 # 1504
37389 # 1504
37419 # 1504
37419 # 1504
37420 # 1504
37420 # 1504
37429 # 1504
37439 # 1504
37449 # 1504
37449 # 1504
37459 # 1504
37469 # 1504
37479 # 1504
37489 # 1504
37499 # 1504
37509 # 1504
37509 # 1504
37519 # 1504
37529 # 1504
37579 # 1504
37589 # 1504
37590 # 1504
37590 # 1504
37609 # 1504
37639 # 1504
37639 # 1504
37640 # 1504
37649 # 1504
37649 # 1504
37659 # 1504
37669 # 1504
37679 # 1504
37689 # 1504
37699 # 1504
37709 # 1504
37709 # 1504
37719 # 1504
37769 # 1504
37779 # 1504
37779 # 1504
37799 # 1504
37799 # 1504
37800 # 1504
37809 # 1504
37819 # 1504
37869 # 1504
37879 # 1504
37879 # 1504
37893 # 1504
37893 # 1504
37939 # 1504
37939 # 1504
37940 # 1504
37969 # 1504
37969 # 1504
37989 # 1504
37999 # 1504
37999 # 1504
38009 # 1504
38059 # 1504
38060 # 1504
38060 # 1504
38060 # 1504
38061 # 1504
38069 # 1504
38079 # 1504
38089 # 1504
38089 # 1504
38099 # 1504
38109 # 1504
38119 # 1504
38129 # 1504
38139 # 1504
38139 # 1504
38149 # 1504
38159 # 1504
38169 # 1504
38179 # 1504
38229 # 1504
38230 # 1504
38230 # 1504
38249 # 1504
38249 # 1504
38279 # 1504
38299 # 1504
38300 # 1504
38300 # 1504
38329 # 1504
38329 # 1504
38330 # 1504
38339 # 1504
38389 # 1504
38389 # 1504
38399 # 1504
38399 # 1504
38400 # 1504
38409 # 1504
38419 # 1504
38430 # 1504
38430 # 1504
38439 # 1504
38449 # 1504
38459 # 1504
38469 # 1504
38479 # 1504
38479 # 1504
38489 # 1504
38499 # 1504
38509 # 1504
38519 # 1504
38529 # 1504
38529 # 1504
38539 # 1504
38549 # 1504
38599 # 1504
38604 # 1504
38604 # 1504
38605 # 1504
38605 # 1504
38609 # 1504
38659 # 1504
38660 # 1504
38660 # 1504
38690 # 1504
38690 # 1504
38690 # 1504
38691 # 1504
38699 # 1504
38709 # 1504
38719 # 1504
38769 # 1504
38769 # 1504
38769 # 1504
38770 # 1504
38770 # 1504
38819 # 1504
38820 # 1504
38820 # 1504
38820 # 1504
38820 # 1504
38829 # 1504
38839 # 1504
38849 # 1504
38859 # 1504
38859 # 1504
38869 # 1504
38879 # 1504
38889 # 1504
38899 # 1504
38912 # 1504
38912 # 1504
38919 # 1504
38929 # 1504
38979 # 1504
38979 # 1504
38999 # 1504
39000 # 1504
39009 # 1504
39029 # 1504
39059 # 1504
39079 # 1504
39079 # 1504
39080 # 1504
39080 # 1504
39129 # 1504
39129 # 1504
39130 # 1504
39130 # 1504
39139 # 1504
39139 # 1504
39149 # 1504
39159 # 1504
39169 # 1504
39179 # 1504
39189 # 1504
39199 # 1504
39199 # 1504
39209 # 1504
39219 # 1504
39229 # 1504
39239 # 1504
39249 # 1504
39249 # 1504
39259 # 1504
39269 # 1504
39279 # 1504
39289 # 1504
39300 # 1504
39300 # 1504
39349 # 1504
39359 # 1504
39360 # 1504
39360 # 1504
39369 # 1504
39419 # 1504
39419 # 1504
39420 # 1504
39439 # 1504
39449 # 1504
39449 # 1504
39459 # 1504
39459 # 1504
39469 # 1504
39479 # 1504
39529 # 1504
39539 # 1504
39539 # 1504
39540 # 1504
39540 # 1504
39549 # 1504
39559 # 1504
39569 # 1504
39579 # 1504
39589 # 1504
39589 # 1504
39599 # 1504
39609 # 1504
39619 # 1504
39629 # 1504
39639 # 1504
39639 # 1504
39649 # 1504
39699 # 1504
39709 # 1504
39719 # 1504
39719 # 1504
39769 # 1504
39769 # 1504
39779 # 1504
39789 # 1504
39789 # 1504
39799 # 1504
39809 # 1504
39810 # 1504
39859 # 1504
39869 # 1504
39869 # 1504
39870 # 1504
39879 # 1504
39879 # 1504
39889 # 1504
39899 # 1504
39909 # 1504
39919 # 1504
39969 # 1504
39979 # 1504
39979 # 1504
39979 # 1504
39980 # 1504
39989 # 1504
39999 # 1504
40009 # 1504
40009 # 1504
40019 # 1504
40029 # 1504
40079 # 1504
40089 # 1504
40099 # 1504
40109 # 1504
40109 # 1504
40119 # 1504
40129 # 1504
40139 # 1504
40149 # 1504
40159 # 1504
40159 # 1504
40169 # 1504
40219 # 1504
40229 # 1504
40239 # 1504
40249 # 1504
40249 # 1504
40259 # 1504
40269 # 1504
40279 # 1504
40329 # 1504
40339 # 1504
40339 # 1504
40340 # 1504
40340 # 1504
40349 # 1504
40359 # 1504
40369 # 1504
40379 # 1504
40379 # 1504
40429 # 1504
40439 # 1504
40439 # 1504
40439 # 1504
40449 # 1504
40459 # 1504
40459 # 1504
40469 # 1504
40479 # 1504
40529 # 1504
40529 # 1504
40549 # 1504
40549 # 1504
40549 # 1504
40579 # 1504
40579 # 1504
40580 # 1504
40589 # 1504
40589 # 1504
40599 # 1504
40609 # 1504
40619 # 1504
40629 # 1504
40639 # 1504
40649 # 1504
40649 # 1504
40659 # 1504
40669 # 1504
40679 # 1504
40729 # 1504
40729 # 1504
40730 # 1504
40749 # 1504
40759 # 1504
40759 # 1504
40769 # 1504
40819 # 1504
40819 # 1504
40829 # 1504
40839 # 1504
40839 # 1504
40849 # 1504
40859 # 1504
40869 # 1504
40869 # 1504
40879 # 1504
40889 # 1504
40939 # 1504
40949 # 1504
40949 # 1504
40950 # 1504
40969 # 1504
40969 # 1504
40979 # 1504
40989 # 1504
40999 # 1504
41010 # 1504
41010 # 1504
41019 # 1504
41069 # 1504
41079 # 1504
41089 # 1504
41099 # 1504
41099 # 1504
41109 # 1504
41119 # 1504
41129 # 1504
41139 # 1504
41149 # 1504
41149 # 1504
41199 # 1504
41209 # 1504
41209 # 1504
41230 # 1504
41230 # 1504
41239 # 1504
41240 # 1504
41289 # 1504
41299 # 1504
41299 # 1504
41319 # 1504
41349 # 1504
41349 # 1504
41350 # 1504
41350 # 1504
41359 # 1504
41409 # 1504
41409 # 1504
41429 # 1504
41429 # 1504
41430 # 1504
41430 # 1504
41439 # 1504
41449 # 1504
41459 # 1504
41459 # 1504
41469 # 1504
41479 # 1504
41489 # 1504
41539 # 1504
41549 # 1504
41549 # 1504
41559 # 1504
41559 # 1504
41569 # 1504
41579 # 1504
41589 # 1504
41599 # 1504
41599 # 1504
41609 # 1504
41619 # 1504
41629 # 1504
41639 # 1504
41689 # 1504
41689 # 1504
41699 # 1504
41709 # 1504
41719 # 1504
41729 # 1504
41739 # 1504
41739 # 1504
41789 # 1504
41789 # 1504
41790 # 1504
41790 # 1504
41799 # 1504
41849 # 1504
41849 # 1504
41859 # 1504
41859 # 1504
41860 # 1504
41869 # 1504
41879 # 1504
41879 # 1504
41889 # 1504
41899 # 1504
41909 # 1504
41919 # 1504
41929 # 1504
41929 # 1504
41979 # 1504
41979 # 1504
41980 # 1504
42009 # 1504
42010 # 1504
42010 # 1504
42010 # 1504
42059 # 1504
42060 # 1504
42060 # 1504
42060 # 1504
42109 # 1504
42109 # 1504
42119 # 1504
42119 # 1504
42120 # 1504
42169 # 1504
42169 # 1504
42170 # 1504
42170 # 1504
42170 # 1504
42179 # 1504
42189 # 1504
42199 # 1504
42209 # 1504
42209 # 1504
42219 # 1504
42229 # 1504
42239 # 1504
42289 # 1504
42289 # 1504
42290 # 1504
42290 # 1504
42290 # 1504
42299 # 1504
42309 # 1504
42319 # 1504
42369 # 1504
42369 # 1504
42370 # 1504
42370 # 1504
42371 # 1504
42379 # 1504
42389 # 1504
42389 # 1504
42399 # 1504
42409 # 1504
42419 # 1504
42429 # 1504
42440 # 1504
42489 # 1504
42489 # 1504
42489 # 1504
42509 # 1504
42509 # 1504
42539 # 1504
42540 # 1504
42540 # 1504
42540 # 1504
42549 # 1504
42559 # 1504
42569 # 1504
42579 # 1504
42579 # 1504
42589 # 1504
42599 # 1504
42649 # 1504
42649 # 1504
42650 # 1504
42650 # 1504
42650 # 1504
42700 # 1504
42700 # 1504
42701 # 1504
42701 # 1504
42709 # 1504
42709 # 1504
42719 # 1504
42729 # 1504
42739 # 1504
42749 # 1504
42759 # 1504
42769 # 1504
42819 # 1504
42819 # 1504
42819 # 1504
42820 # 1504
42869 # 1504
42869 # 1504
42870 # 1504
42899 # 1504
42919 # 1504
42929 # 1504
42929 # 1504
42940 # 1504
42949 # 1504
42959 # 1504
42969 # 1504
42979 # 1504
42989 # 1504
42999 # 1504
43009 # 1504
43019 # 1504
43029 # 1504
43039 # 1504
43049 # 1504
43059 # 1504
43069 # 1504
43119 # 1504
43119 # 1504
43120 # 1504
43120 # 1504
43149 # 1504
43169 # 1504
43179 # 1504
43199 # 1504
43199 # 1504
43210 # 1504
43219 # 1504
43229 # 1504
43229 # 1504
43239 # 1504
43253 # 1504
43259 # 1504
43309 # 1504
43319 # 1504
43319 # 1504
43320 # 1504
43339 # 1504
43341 # 1504
43349 # 1504
43399 # 1504
43400 # 1504
43400 # 1504
43400 # 1504
43401 # 1504
43450 # 1504
43450 # 1504
43451 # 1504
43451 # 1504
43480 # 1504
43499 # 1504
43499 # 1504
43501 # 1504
43509 # 1504
43519 # 1504
43519 # 1504
43529 # 1504
43539 # 1504
43549 # 1504
43559 # 1504
43569 # 1504
43569 # 1504
43579 # 1504
43589 # 1504
43599 # 1504
43609 # 1504
43660 # 1504
43660 # 1504
43662 # 1504
43679 # 1504
43679 # 1504
43680 # 1504
43689 # 1504
43700 # 1504
43700 # 1504
43710 # 1504
43759 # 1504
43760 # 1504
43779 # 1504
43789 # 1504
43789 # 1504
43810 # 1504
43840 # 1504
43840 # 1504
43841 # 1504
43849 # 1504
43859 # 1504
43870 # 1504
43879 # 1504
43889 # 1504
43899 # 1504
43909 # 1504
43919 # 1504
43929 # 1504
43939 # 1504
43949 # 1504
43959 # 1504
44009 # 1504
44019 # 1504
44029 # 1504
44041 # 1504
44049 # 1504
44059 # 1504
44069 # 1504
44080 # 1504
44129 # 1504
44139 # 1504
44149 # 1504
44159 # 1504
44210 # 1504
44210 # 1504
44211 # 1504
44239 # 1504
44239 # 1504
44270 # 1504
44270 # 1504
44270 # 1504
44271 # 1504
44279 # 1504
44289 # 1504
44299 # 1504
44309 # 1504
44309 # 1504
44320 # 1504
44329 # 1504
44339 # 1504
44349 # 1504
44359 # 1504
44359 # 1504
44369 # 1504
44419 # 1504
44431 # 1504
44431 # 1504
44431 # 1504
44439 # 1504
44448 # 1504
44449 # 1504
44459 # 1504
44469 # 1504
44480 # 1504
44488 # 1504
44539 # 1504
44539 # 1504
44539 # 1504
44540 # 1504
44589 # 1504
44599 # 1504
44609 # 1504
44609 # 1504
44619 # 1504
44629 # 1504
44639 # 1504
44649 # 1504
44699 # 1504
44700 # 1504
44719 # 1504
44719 # 1504
44749 # 1504
44749 # 1504
44779 # 1504
44779 # 1504
44784 # 1504
44789 # 1504
44799 # 1504
44808 # 1504
44819 # 1504
44829 # 1504
44840 # 1504
44849 # 1504
44859 # 1504
44859 # 1504
44869 # 1504
44879 # 1504
44889 # 1504
44939 # 1504
44949 # 1504
44949 # 1504
44960 # 1504
44969 # 1504
44979 # 1504
44989 # 1504
44999 # 1504
45009 # 1504
45059 # 1504
45068 # 1504
45078 # 1504
45079 # 1504
45089 # 1504
45100 # 1504
45109 # 1504
45128 # 1504
45138 # 1504
45189 # 1504
45189 # 1504
45209 # 1504
45209 # 1504
45209 # 1504
45222 # 1504
45229 # 1504
45289 # 1504
45289 # 1504
45289 # 1504
45290 # 1504
45339 # 1504
45339 # 1504
45369 # 1504
45369 # 1504
45379 # 1504
45388 # 1504
45408 # 1504
45458 # 1504
45459 # 1504
45488 # 1504
45508 # 1504
45539 # 1504
45539 # 1504
45599 # 1504
45599 # 1504
45628 # 1504
45629 # 1504
45647 # 1504
45668 # 1504
45679 # 1504
45702 # 1504
45718 # 1504
45779 # 1504
45787 # 1504
45809 # 1504
45860 # 1504
45887 # 1504
45888 # 1504
45899 # 1504
45948 # 1504
45968 # 1504
45988 # 1504
46008 # 1504
46028 # 1504
46060 # 1504
46107 # 1504
46158 # 1504
46207 # 1504
46207 # 1504
46237 # 1504
46268 # 1504
46298 # 1504
46369 # 1504
46397 # 1504
46467 # 1504
46478 # 1504
46527 # 1504
46568 # 1504
46627 # 1504
46708 # 1504
46787 # 1504
46857 # 1504
46887 # 1504
46958 # 1504
47008 # 1504
47058 # 1504
47097 # 1504
47198 # 1504
47217 # 1504
47287 # 1504
47308 # 1504
47329 # 1504
47341 # 1504
47349 # 1504
47408 # 1504
47408 # 1504
47409 # 1504
47439 # 1504
47460 # 1504
47461 # 1504
47490 # 1504
47491 # 1504
47519 # 1504
47520 # 1504
47550 # 1504
47551 # 1504
47551 # 1504
47551 # 1504
47561 # 1504
47570 # 1504
47619 # 1504
47629 # 1504
47629 # 1504
47629 # 1504
47630 # 1504
47639 # 1504
47649 # 1504
47659 # 1504
47669 # 1504
47669 # 1504
47679 # 1504
47730 # 1504
47730 # 1504
47731 # 1504
47732 # 1504
47732 # 1504
47780 # 1504
47789 # 1504
47789 # 1504
47790 # 1504
47799 # 1504
47810 # 1504
47810 # 1504
47819 # 1504
47830 # 1504
47841 # 1504
47850 # 1504
47859 # 1504
47859 # 1504
47870 # 1504
47879 # 1504
47934 # 1504
47934 # 1504
47934 # 1504
47935 # 1504
47935 # 1504
47979 # 1504
47990 # 1504
47999 # 1504
48011 # 1504
48019 # 1504
48019 # 1504
48030 # 1504
48039 # 1504
48050 # 1504
48060 # 1504
48109 # 1504
48120 # 1504
48120 # 1504
48130 # 1504
48130 # 1504
48140 # 1504
48150 # 1504
48160 # 1504
48160 # 1504
48170 # 1504
48180 # 1504
48189 # 1504
48199 # 1504
48210 # 1504
48210 # 1504
48220 # 1504
48230 # 1504
48240 # 1504
48290 # 1504
48300 # 1504
48310 # 1504
48310 # 1504
48320 # 1504
48370 # 1504
48370 # 1504
48371 # 1504
48371 # 1504
48371 # 1504
48419 # 1504
48420 # 1504
48420 # 1504
48424 # 1504
48469 # 1504
48469 # 1504
48470 # 1504
48470 # 1504
48471 # 1504
48520 # 1504
48529 # 1504
48530 # 1504
48530 # 1504
48530 # 1504
48539 # 1504
48550 # 1504
48559 # 1504
48569 # 1504
48579 # 1504
48579 # 1504
48590 # 1504
48599 # 1504
48650 # 1504
48650 # 1504
48659 # 1504
48659 # 1504
48669 # 1504
48679 # 1504
48730 # 1504
48730 # 1504
48731 # 1504
48731 # 1504
48731 # 1504
48740 # 1504
48750 # 1504
48760 # 1504
48770 # 1504
48780 # 1504
48780 # 1504
48790 # 1504
48800 # 1504
48812 # 1504
48820 # 1504
48869 # 1504
48869 # 1504
48869 # 1504
48899 # 1504
48899 # 1504
48900 # 1504
48909 # 1504
48909 # 1504
48920 # 1504
48929 # 1504
48940 # 1504
48949 # 1504
48959 # 1504
48969 # 1504
48969 # 1504
49019 # 1504
49034 # 1504
49034 # 1504
49050 # 1504
49080 # 1504
49080 # 1504
49081 # 1504
49084 # 1504
49130 # 1504
49139 # 1504
49149 # 1504
49149 # 1504
49150 # 1504
49160 # 1504
49169 # 1504
49179 # 1504
49189 # 1504
49199 # 1504
49199 # 1504
49209 # 1504
49219 # 1504
49229 # 1504
49239 # 1504
49249 # 1504
49259 # 1504
49259 # 1504
49309 # 1504
49329 # 1504
49339 # 1504
49349 # 1504
49359 # 1504
49359 # 1504
49369 # 1504
49419 # 1504
49419 # 1504
49420 # 1504
49449 # 1504
49469 # 1504
49469 # 1504
49479 # 1504
49479 # 1504
49489 # 1504
49499 # 1504
49509 # 1504
49509 # 1504
49519 # 1504
49529 # 1504
49579 # 1504
49589 # 1504
49589 # 1504
49590 # 1504
49590 # 1504
49599 # 1504
49609 # 1504
49619 # 1504
49629 # 1504
49639 # 1504
49639 # 1504
49689 # 1504
49699 # 1504
49700 # 1504
49701 # 1504
49749 # 1504
49749 # 1504
49750 # 1504
49750 # 1504
49750 # 1504
49759 # 1504
49769 # 1504
49779 # 1504
49779 # 1504
49789 # 1504
49839 # 1504
49839 # 1504
49840 # 1504
49869 # 1504
49869 # 1504
49870 # 1504
49870 # 1504
49879 # 1504
49889 # 1504
49899 # 1504
49909 # 1504
49909 # 1504
49919 # 1504
49929 # 1504
49939 # 1504
49949 # 1504
49959 # 1504
49959 # 1504
50009 # 1504
50019 # 1504
50029 # 1504
50039 # 1504
50109 # 1504
50109 # 1504
50119 # 1504
50119 # 1504
50120 # 1504
50129 # 1504
50139 # 1504
50149 # 1504
50149 # 1504
50159 # 1504
50209 # 1504
50219 # 1504
50219 # 1504
50239 # 1504
50239 # 1504
50269 # 1504
50269 # 1504
50270 # 1504
50279 # 1504
50299 # 1504
50299 # 1504
50309 # 1504
50319 # 1504
50329 # 1504
50339 # 1504
50389 # 1504
50390 # 1504
50390 # 1504
50390 # 1504
50390 # 1504
50399 # 1504
50409 # 1504
50419 # 1504
50419 # 1504
50430 # 1504
50439 # 1504
50449 # 1504
50459 # 1504
50509 # 1504
50509 # 1504
50519 # 1504
50529 # 1504
50539 # 1504
50549 # 1504
50559 # 1504
50569 # 1504
50569 # 1504
50579 # 1504
50589 # 1504
50889 # 1504
50896 # 1504
50896 # 1504
50896 # 1504
50896 # 1504
50896 # 1504
50896 # 1504
50896 # 1504
50896 # 1504
50896 # 1504
50897 # 1504
50897 # 1504
50939 # 1504
50939 # 1504
50940 # 1504
50940 # 1504
50970 # 1504
50970 # 1504
50970 # 1504
50979 # 1504
50989 # 1504
50999 # 1504
50999 # 1504
51009 # 1504
51059 # 1504
51059 # 1504
51083 # 1504
51084 # 1504
51084 # 1504
51084 # 1504
51089 # 1504
51099 # 1504
51110 # 1504
51119 # 1504
51129 # 1504
51129 # 1504
51139 # 1504
51149 # 1504
51159 # 1504
51170 # 1504
51179 # 1504
51179 # 1504
51229 # 1504
51239 # 1504
51249 # 1504
51259 # 1504
51270 # 1504
51270 # 1504
51279 # 1504
51329 # 1504
51339 # 1504
51349 # 1504
51359 # 1504
51369 # 1504
51369 # 1504
51419 # 1504
51419 # 1504
51420 # 1504
51420 # 1504
51429 # 1504
51429 # 1504
51439 # 1504
51489 # 1504
51489 # 1504
51490 # 1504
51490 # 1504
51499 # 1504
51499 # 1504
51509 # 1504
51519 # 1504
51529 # 1504
51579 # 1504
51580 # 1504
51580 # 1504
51599 # 1504
51609 # 1504
51629 # 1504
51629 # 1504
51639 # 1504
51639 # 1504
51649 # 1504
51659 # 1504
51669 # 1504
51679 # 1504
51729 # 1504
51730 # 1504
51730 # 1504
51730 # 1504
51730 # 1504
51741 # 1504
51749 # 1504
51759 # 1504
51759 # 1504
51769 # 1504
51779 # 1504
51789 # 1504
51799 # 1504
51809 # 1504
51809 # 1504
51859 # 1504
51859 # 1504
51860 # 1504
51860 # 1504
51909 # 1504
51910 # 1504
51910 # 1504
51910 # 1504
51911 # 1504
51919 # 1504
51929 # 1504
51939 # 1504
51939 # 1504
51949 # 1504
51960 # 1504
51969 # 1504
51984 # 1504
51989 # 1504
52000 # 1504
52000 # 1504
52050 # 1504
52060 # 1504
52069 # 1504
52080 # 1504
52091 # 1504
52091 # 1504
52100 # 1504
52110 # 1504
52120 # 1504
52170 # 1504
52170 # 1504
52189 # 1504
52189 # 1504
52191 # 1504
52193 # 1504
52199 # 1504
52209 # 1504
52259 # 1504
52260 # 1504
52269 # 1504
52279 # 1504
52289 # 1504
52299 # 1504
52310 # 1504
52310 # 1504
52319 # 1504
52330 # 1504
52340 # 1504
52349 # 1504
52359 # 1504
52409 # 1504
52409 # 1504
52410 # 1504
52410 # 1504
52440 # 1504
52459 # 1504
52460 # 1504
52460 # 1504
52460 # 1504
52469 # 1504
52480 # 1504
52493 # 1504
52500 # 1504
52510 # 1504
52510 # 1504
52520 # 1504
52570 # 1504
52572 # 1504
52572 # 1504
52572 # 1504
52572 # 1504
52620 # 1504
52620 # 1504
52621 # 1504
52621 # 1504
52669 # 1504
52669 # 1504
52670 # 1504
52671 # 1504
52672 # 1504
52679 # 1504
52691 # 1504
52700 # 1504
52700 # 1504
52709 # 1504
52719 # 1504
52729 # 1504
52739 # 1504
52749 # 1504
52749 # 1504
52760 # 1504
52769 # 1504
52819 # 1504
52820 # 1504
52820 # 1504
52820 # 1504
52821 # 1504
52829 # 1504
52839 # 1504
52889 # 1504
52899 # 1504
52910 # 1504
52910 # 1504
52910 # 1504
52960 # 1504
52960 # 1504
52964 # 1504
52965 # 1504
52969 # 1504
52969 # 1504
52979 # 1504
52989 # 1504
52999 # 1504
53010 # 1504
53019 # 1504
53019 # 1504
53029 # 1504
53039 # 1504
53049 # 1504
53100 # 1504
53100 # 1504
53119 # 1504
53119 # 1504
53132 # 1504
53149 # 1504
53179 # 1504
53180 # 1504
53181 # 1504
53181 # 1504
53189 # 1504
53199 # 1504
53209 # 1504
53219 # 1504
53269 # 1504
53269 # 1504
53270 # 1504
53289 # 1504
53289 # 1504
53319 # 1504
53319 # 1504
53321 # 1504
53329 # 1504
53339 # 1504
53349 # 1504
53358 # 1504
53378 # 1504
53389 # 1504
53400 # 1504
53408 # 1504
53419 # 1504
53479 # 1504
53488 # 1504
53488 # 1504
53499 # 1504
53510 # 1504
53519 # 1504
53529 # 1504
53539 # 1504
53549 # 1504
53559 # 1504
53610 # 1504
53610 # 1504
53610 # 1504
53610 # 1504
53659 # 1504
53660 # 1504
53660 # 1504
53660 # 1504
53672 # 1504
53679 # 1504
53729 # 1504
53729 # 1504
53730 # 1504
53759 # 1504
53760 # 1504
53779 # 1504
53779 # 1504
53809 # 1504
53809 # 1504
53810 # 1504
53859 # 1504
53859 # 1504
53859 # 1504
53860 # 1504
53860 # 1504
53909 # 1504
53914 # 1504
53914 # 1504
53914 # 1504
53914 # 1504
53919 # 1504
53929 # 1504
53939 # 1504
53949 # 1504
53949 # 1504
53960 # 1504
53970 # 1504
53979 # 1504
53989 # 1504
53999 # 1504
53999 # 1504
54009 # 1504
54019 # 1504
54069 # 1504
54071 # 1504
54090 # 1504
54090 # 1504
54090 # 1504
54090 # 1504
54099 # 1504
54109 # 1504
54120 # 1504
54169 # 1504
54179 # 1504
54179 # 1504
54199 # 1504
54199 # 1504
54209 # 1504
54219 # 1504
54229 # 1504
54239 # 1504
54249 # 1504
54259 # 1504
54269 # 1504
54319 # 1504
54320 # 1504
54320 # 1504
54320 # 1504
54329 # 1504
54379 # 1504
54389 # 1504
54399 # 1504
54399 # 1504
54413 # 1504
54418 # 1504
54428 # 1504
54439 # 1504
54459 # 1504
54508 # 1504
54520 # 1504
54528 # 1504
54539 # 1504
54548 # 1504
54568 # 1504
54578 # 1504
54589 # 1504
54599 # 1504
54648 # 1504
54648 # 1504
54678 # 1504
54678 # 1504
54679 # 1504
54688 # 1504
54698 # 1504
54749 # 1504
54750 # 1504
54778 # 1504
54778 # 1504
54779 # 1504
54829 # 1504
54838 # 1504
54838 # 1504
54849 # 1504
54863 # 1504
54863 # 1504
54869 # 1504
54919 # 1504
54929 # 1504
54939 # 1504
54949 # 1504
55001 # 1504
55001 # 1504
55001 # 1504
55001 # 1504
55002 # 1504
55009 # 1504
55059 # 1504
55059 # 1504
55069 # 1504
55080 # 1504
55080 # 1504
55089 # 1504
55099 # 1504
55109 # 1504
55119 # 1504
55129 # 1504
55140 # 1504
55149 # 1504
55159 # 1504
55168 # 1504
55178 # 1504
55188 # 1504
55198 # 1504
55218 # 1504
55229 # 1504
55239 # 1504
55289 # 1504
55289 # 1504
55309 # 1504
55309 # 1504
55339 # 1504
55358 # 1504
55359 # 1504
55359 # 1504
55372 # 1504
55378 # 1504
55428 # 1504
55429 # 1504
55429 # 1504
55440 # 1504
55448 # 1504
55458 # 1504
55478 # 1504
55528 # 1504
55538 # 1504
55548 # 1504
55550 # 1504
55608 # 1504
55618 # 1504
55619 # 1504
55620 # 1504
55639 # 1504
55648 # 1504
55667 # 1504
55679 # 1504
55688 # 1504
55708 # 1504
55718 # 1504
55728 # 1504
55748 # 1504
55798 # 1504
55818 # 1504
55827 # 1504
55847 # 1504
55909 # 1504
55928 # 1504
55949 # 1504
55978 # 1504
55998 # 1504
56068 # 1504
56098 # 1504
56168 # 1504
56199 # 1504
56258 # 1504
56337 # 1504
56397 # 1504
56467 # 1504
56588 # 1504
56688 # 1504
56807 # 1504
56946 # 1504
57087 # 1504
57357 # 1504
58127 # 1504
58148 # 1504
58208 # 1504
58238 # 1504
58288 # 1504
58308 # 1504
58310 # 1504
58319 # 1504
58369 # 1504
58379 # 1504
58390 # 1504
58391 # 1504
58440 # 1504
58441 # 1504
58441 # 1504
58460 # 1504
58470 # 1504
58490 # 1504
58490 # 1504
58499 # 1504
58510 # 1504
58510 # 1504
58519 # 1504
58529 # 1504
58540 # 1504
58550 # 1504
58564 # 1504
58564 # 1504
58570 # 1504
58620 # 1504
58630 # 1504
58630 # 1504
58631 # 1504
58641 # 1504
58641 # 1504
58650 # 1504
58660 # 1504
58710 # 1504
58710 # 1504
58711 # 1504
58711 # 1504
58711 # 1504
58721 # 1504
58730 # 1504
58740 # 1504
58750 # 1504
58800 # 1504
58800 # 1504
58800 # 1504
58801 # 1504
58801 # 1504
58810 # 1504
58820 # 1504
58820 # 1504
58870 # 1504
58870 # 1504
58871 # 1504
58871 # 1504
58880 # 1504
58880 # 1504
58890 # 1504
58900 # 1504
58910 # 1504
58920 # 1504
58930 # 1504
58940 # 1504
58940 # 1504
58950 # 1504
58960 # 1504
58970 # 1504
58980 # 1504
59030 # 1504
59030 # 1504
59040 # 1504
59054 # 1504
59060 # 1504
59070 # 1504
59081 # 1504
59130 # 1504
59130 # 1504
59140 # 1504
59150 # 1504
59150 # 1504
59161 # 1504
59210 # 1504
59210 # 1504
59211 # 1504
59211 # 1504
59240 # 1504
59260 # 1504
59260 # 1504
59291 # 1504
59291 # 1504
59292 # 1504
59292 # 1504
59300 # 1504
59310 # 1504
59321 # 1504
59321 # 1504
59330 # 1504
59340 # 1504
59350 # 1504
59360 # 1504
59410 # 1504
59420 # 1504
59420 # 1504
59421 # 1504
59421 # 1504
59430 # 1504
59440 # 1504
59450 # 1504
59450 # 1504
59500 # 1504
59500 # 1504
59500 # 1504
59501 # 1504
59550 # 1504
59550 # 1504
59564 # 1504
59564 # 1504
59564 # 1504
59570 # 1504
59580 # 1504
59590 # 1504
59590 # 1504
59602 # 1504
59610 # 1504
59660 # 1504
59660 # 1504
59680 # 1504
59680 # 1504
59681 # 1504
59710 # 1504
59711 # 1504
59712 # 1504
59720 # 1504
59731 # 1504
59731 # 1504
59740 # 1504
59750 # 1504
59760 # 1504
59770 # 1504
59780 # 1504
59780 # 1504
59790 # 1504
59800 # 1504
59810 # 1504
59820 # 1504
59830 # 1504
59880 # 1504
59880 # 1504
59881 # 1504
59881 # 1504
59910 # 1504
59930 # 1504
59940 # 1504
59940 # 1504
59941 # 1504
59950 # 1504
59964 # 1504
59970 # 1504
59980 # 1504
59990 # 1504
59990 # 1504
60000 # 1504
60050 # 1504
60060 # 1504
60060 # 1504
60061 # 1504
60061 # 1504
60072 # 1504
60080 # 1504
60130 # 1504
60130 # 1504
60131 # 1504
60131 # 1504
60131 # 1504
60141 # 1504
60150 # 1504
60160 # 1504
60170 # 1504
60180 # 1504
60180 # 1504
60190 # 1504
60200 # 1504
60210 # 1504
60221 # 1504
60230 # 1504
60280 # 1504
60280 # 1504
60280 # 1504
60300 # 1504
60310 # 1504
60330 # 1504
60332 # 1504
60332 # 1504
60340 # 1504
60390 # 1504
60390 # 1504
60390 # 1504
60392 # 1504
60392 # 1504
60401 # 1504
60410 # 1504
60420 # 1504
60430 # 1504
60440 # 1504
60450 # 1504
60450 # 1504
60460 # 1504
60510 # 1504
60521 # 1504
60530 # 1504
60540 # 1504
60540 # 1504
60550 # 1504
60560 # 1504
60571 # 1504
60580 # 1504
60590 # 1504
60600 # 1504
60600 # 1504
60610 # 1504
60618 + 52
60620 # 1504
60620 - 52 2
60632 # 1504
60640 # 1504
60692 # 1504
60692 # 1504
60700 # 1504
60710 # 1504
60710 # 1504
60720 # 1504
60731 # 1504
60740 # 1504
60740 # 1504
60750 # 1504
60760 # 1504
60810 # 1504
60810 # 1504
60830 # 1504
60830 # 1504
60830 # 1504
60833 # 1504
60840 # 1504
60850 # 1504
60860 # 1504
60910 # 1504
60910 # 1504
60911 # 1504
60912 # 1504
60940 # 1504
60960 # 1504
60970 # 1504
60970 # 1504
60970 # 1504
60981 # 1504
60990 # 1504
61000 # 1504
61050 # 1504
61051 # 1504
61051 # 1504
61070 # 1504
61080 # 1504
61082 # 1504
61090 # 1504
61140 # 1504
61140 # 1504
61140 # 1504
61141 # 1504
61141 # 1504
61150 # 1504
61160 # 1504
61170 # 1504
61170 # 1504
61180 # 1504
61230 # 1504
61230 # 1504
61230 # 1504
61231 # 1504
61231 # 1504
61282 # 1504
61290 # 1504
61290 # 1504
61291 # 1504
61300 # 1504
61311 # 1504
61311 # 1504
61320 # 1504
61330 # 1504
61340 # 1504
61350 # 1504
61360 # 1504
61360 # 1504
61370 # 1504
61380 # 1504
61391 # 1504
61400 # 1504
61410 # 1504
61461 # 1504
61461 # 1504
61461 # 1504
61462 # 1504
61490 # 1504
61511 # 1504
61520 # 1504
61520 # 1504
61521 # 1504
61530 # 1504
61540 # 1504
61550 # 1504
61560 # 1504
61569 # 1504
61570 # 1504
61620 # 1504
61630 # 1504
61630 # 1504
61631 # 1504
61643 # 1504
61643 # 1504
61650 # 1504
61700 # 1504
61700 # 1504
61701 # 1504
61701 # 1504
61751 # 1504
61751 # 1504
61760 # 1504
61760 # 1504
61761 # 1504
61810 # 1504
61810 # 1504
61811 # 1504
61812 # 1504
61812 # 1504
61820 # 1504
61830 # 1504
61839 # 1504
61850 # 1504
61850 # 1504
61859 # 1504
61871 # 1504
61879 # 1504
61889 # 1504
61899 # 1504
61899 # 1504
61909 # 1504
61919 # 1504
61929 # 1504
61939 # 1504
61991 # 1504
62000 # 1504
62000 # 1504
62010 # 1504
62019 # 1504
62069 # 1504
62069 # 1504
62070 # 1504
62070 # 1504
62070 # 1504
62079 # 1504
62130 # 1504
62130 # 1504
62131 # 1504
62131 # 1504
62134 # 1504
62140 # 1504
62150 # 1504
62159 # 1504
62169 # 1504
62179 # 1504
62179 # 1504
62191 # 1504
62200 # 1504
62210 # 1504
62220 # 1504
62230 # 1504
62230 # 1504
62279 # 1504
62282 # 1504
62282 # 1504
62282 # 1504
62329 # 1504
62330 # 1504
62330 # 1504
62331 # 1504
62359 # 1504
62379 # 1504
62379 # 1504
62380 # 1504
62380 # 1504
62389 # 1504
62399 # 1504
62409 # 1504
62419 # 1504
62430 # 1504
62440 # 1504
62440 # 1504
62489 # 1504
62489 # 1504
62490 # 1504
62490 # 1504
62500 # 1504
62500 # 1504
62509 # 1504
62523 # 1504
62529 # 1504
62540 # 1504
62550 # 1504
62600 # 1504
62600 # 1504
62600 # 1504
62600 # 1504
62602 # 1504
62610 # 1504
62620 # 1504
62620 # 1504
62630 # 1504
62640 # 1504
62650 # 1504
62660 # 1504
62670 # 1504
62670 # 1504
62721 # 1504
62729 # 1504
62740 # 1504
62750 # 1504
62799 # 1504
62800 # 1504
62800 # 1504
62800 # 1504
62801 # 1504
62809 # 1504
62819 # 1504
62829 # 1504
62829 # 1504
62839 # 1504
62849 # 1504
62900 # 1504
62900 # 1504
62900 # 1504
62930 # 1504
62930 # 1504
62930 # 1504
62959 # 1504
62960 # 1504
62964 # 1504
63009 # 1504
63009 # 1504
63010 # 1504
63010 # 1504
63039 # 1504
63041 # 1504
63041 # 1504
63050 # 1504
63050 # 1504
63059 # 1504
63070 # 1504
63079 # 1504
63129 # 1504
63131 # 1504
63131 # 1504
63132 # 1504
63132 # 1504
63179 # 1504
63179 # 1504
63180 # 1504
63180 # 1504
63180 # 1504
63189 # 1504
63199 # 1504
63209 # 1504
63219 # 1504
63229 # 1504
63229 # 1504
63279 # 1504
63279 # 1504
63299 # 1504
63309 # 1504
63310 # 1504
63310 # 1504
63359 # 1504
63359 # 1504
63364 # 1504
63364 # 1504
63369 # 1504
63379 # 1504
63379 # 1504
63389 # 1504
63399 # 1504
63409 # 1504
63421 # 1504
63429 # 1504
63429 # 1504
63479 # 1504
63480 # 1504
63480 # 1504
63480 # 1504
63489 # 1504
63501 # 1504
63501 # 1504
63509 # 1504
63519 # 1504
63569 # 1504
63569 # 1504
63589 # 1504
63589 # 1504
63590 # 1504
63590 # 1504
63599 # 1504
63609 # 1504
63619 # 1504
63630 # 1504
63630 # 1504
63639 # 1504
63689 # 1504
63689 # 1504
63690 # 1504
63690 # 1504
63690 # 1504
63739 # 1504
63739 # 1504
63759 # 1504
63759 # 1504
63760 # 1504
63760 # 1504
63773 # 1504
63779 # 1504
63789 # 1504
63799 # 1504
63809 # 1504
63859 # 1504
63859 # 1504
63860 # 1504
63861 # 1504
63862 # 1504
63869 # 1504
63919 # 1504
63919 # 1504
63920 # 1504
63939 # 1504
63949 # 1504
63970 # 1504
63971 # 1504
63979 # 1504
63979 # 1504
63989 # 1504
64000 # 1504
64009 # 1504
64019 # 1504
